TN:
SF:tests/__init__.py
DA:1,1,1B2M2Y8AsgTpgAmY7PhCfg
LF:0
LH:0
end_of_record
TN:
SF:tests/test_1.py
DA:1,1,9Esq7aomou5XoByRI9AVTg
DA:2,1,1O0LG6XuB3SCD9aei7ltEg
DA:3,1,6EqVyswJtxIE+9LVqyxOlA
DA:5,1,4BuTreliyNn7mAZI+vSMuw
DA:10,1,btljJcrvGMgP7xB/DxFyLA
DA:11,1,xEPb6mmDmeGqX+kcXzzDtA
DA:12,1,YoW7mZHSWElYmjW/p2damw
DA:13,1,q1vOM+6CSlTrsy/hXSOy5Q
LF:8
LH:8
end_of_record
TN:
SF:/databricks/python3/lib/python3.9/site-packages/ipykernel/iostream.py
DA:99,1,xjcDBnSwra0OiNOAYAwoHA
DA:100,1,egf9oPRzl+FJKIbTGW7w8w
DA:111,1,VfnBrHn9iHhKxF+vPPT8ag
DA:213,1,bskqpM4xO4pxg3t8tHJ+kg
DA:214,1,UU5hOHqXPCGxrJPAn1PP5Q
DA:216,1,ZEzQ+OpTq9QSKxJ2q9VUkA
DA:310,1,fqy+ZuGuEDmpa2Ibc1eM9w
DA:313,1,O7nyIxH1DePNW2RQ6/0Reg
DA:417,1,YPtX6GCu+egVfwL+MM0cVA
DA:433,1,jGppfX65szCuDr/XNwgIYg
DA:456,1,+OQHlK81qrwNSgiaqJTShw
DA:457,1,MnzpXe1veqpfA7nIMRo0OA
DA:458,1,G6j/ckAzNaL1xXI0ndwlxw
DA:461,1,eyBjMGJVhh2dGZcAyoi6tQ
DA:464,1,/W6uziRLafteFm21dezhTg
DA:471,1,67ON9/z04568Aqw8qmWKzw
DA:478,1,BvWbMf6WtXpZdVRii0PHFg
DA:480,1,PSZoUX3Apz2myWp7dVrhGw
DA:481,1,bPR9uKgpqaOLedql69YLWQ
DA:483,1,3fGY7KJ28fCLNlhtOt9fqA
DA:531,1,lAXn5kdVHicRpShZwtOudw
DA:534,1,4plTQGIKkjFvbuewSAqFXg
DA:535,1,xvWIcpcyNr0gyGcTkdMxXw
DA:536,1,d8CA2755wkbxKtEZhwJJNg
DA:541,1,fnT0rJSOp/k9OkykA3nrbQ
DA:545,1,UT9tnbbl/zWkA8Yt+wbv8w
DA:547,1,2IuNPOwNFY0iMo+bB4d72w
DA:548,1,5xAXD9zVYS1R86qTjDxZNw
DA:549,1,8vJ/tNAdjm9GI05YqRdKhw
DA:558,1,NwaVYTVmpA9fn/7P8XaASA
DA:560,1,a5Tu9kPMTpoC56kJb2Me6A
DA:6,0,V2KLEJ4kUgboTuhTJZUg6w
DA:7,0,xmMLoYBW1BFhJ6Xn+A/vug
DA:8,0,7Z9Lj4ed27Wf2hBX6jooEA
DA:9,0,mUDsnWRiqW9R9nTILGKIZg
DA:10,0,zyZgoM+E8Ui7MCtwqiF+Nw
DA:11,0,8/DPjtWdo8z1/SINFFKe8w
DA:12,0,uqQzsyLE2snBclOsmsd0qA
DA:13,0,nt/Y6DxN7Q2v/JJLci5Jrg
DA:14,0,QNcJDlMkbcTSzCKOk/zkNQ
DA:15,0,hRz6pjfT0Ea/JUT58+awlA
DA:16,0,Vaeb6Z6id1fwTJsNDcYjlg
DA:18,0,+TVWkij5bLDYdpv4agjK/A
DA:20,0,iEFI6uBPdNF7tCo7lhp6Tg
DA:21,0,D1x6V9edoAFOtKu7gQ40Fg
DA:24,0,5sdz2FTNhJuMxWdILKgGHQ
DA:26,0,/Xog4OZHxcVHyDKCfNdn8A
DA:27,0,dxBmi7v1nj4jlyHQjOPA+Q
DA:33,0,LMDsHAYRJJFMG52lf0BpIA
DA:34,0,bMOpxroNC84IPBuywIPt7A
DA:41,0,O9wEFfIpxUF3L/Y98S8kfQ
DA:50,0,HJfHeFc32MtXKFO34rzFFQ
DA:61,0,cL/HZJGUKYx/5Pj9DHhTug
DA:62,0,smzw1dBPcra9ey1/HxSP4Q
DA:63,0,qDmWPISreB8BQ/KSCaO7Yg
DA:64,0,GylAgL4FUQjcw9cJdHrtlg
DA:65,0,QzKL8cJ4LIgRS7AsEJWvyQ
DA:66,0,93Yv/5rv3NU4XONa1C0IMQ
DA:67,0,bMoxkbOnLv3t/NAN41gbiw
DA:68,0,rXsO45o99qMtrKZjscGRKA
DA:69,0,S5CjZ0QvGGnpkkRy9+g/Dg
DA:70,0,zStWmgXli2eFFamknXvMPQ
DA:71,0,2M5FO4LNA3QLzsF7LTaHTA
DA:72,0,auIrrW30Hpx5NAHz5v1XtQ
DA:73,0,Ope78VuZmiMrBuSDxHkUDg
DA:74,0,/Z5uzRMib8raPkGQHCncEg
DA:75,0,4LsQ9cbMChPtdQUN+QBhEQ
DA:76,0,lsNo0AREoeIQlytA1DXf7g
DA:78,0,TBRN2g0IY59hJC09fLiIAQ
DA:80,0,mmr6NbTgWBMjACSYwcvI8A
DA:81,0,bqV5HOl1JrlAX1xtPbFvLA
DA:82,0,sEQB8Ir4T7YgH2h+BYkLHQ
DA:84,0,Jc5ZPgaVZq6hcpzJsu4wWA
DA:86,0,eKEu2faT6bCyKTVdrkGBbw
DA:87,0,LOxrqYnyi8CmfBl1TN7WhQ
DA:88,0,pGparUpv8PHeEUcNUB3kSw
DA:90,0,hb5t0+f5jspTGqY1O1DC7g
DA:91,0,VyyBej8okL1DKOUJB3fT5A
DA:92,0,+oh8Tpk8VFE3ZQtjhTAx8g
DA:93,0,uJJIbbyqXsdDVOmOL3oDmg
DA:94,0,rK0St5efnKr2mjF6eWdRAw
DA:96,0,HmADa1g/W1C2Vo9Wm4sNNA
DA:97,0,Z9bilTb/AGpORzJUf+dZiQ
DA:101,0,TulZRDVyZgwaluSyPp9m8w
DA:103,0,ZTKFDpb8hPv2t4AEQl2ANw
DA:104,0,08kYuRUeZRiGHh4Y9vF6lQ
DA:105,0,ACyvPUttgYHOiBpYfdln7w
DA:106,0,LQdsYUh//sADTuQbbforHQ
DA:107,0,XUVbJRLUwU5CrMBj5g4fFQ
DA:110,0,m3WLYEFfi1eaMAcl+I0YrA
DA:113,0,HUU+ZerVhOS4E4SjXJ4wvA
DA:123,0,nTCNgo4cEEB0H/H36TaFQA
DA:124,0,Gop3VkFHj+QJpjdOdTM6Rw
DA:125,0,me0e5QyxctWDyhaC1T9Tzw
DA:126,0,vkr7jolcUDSKI9lfIL3O/A
DA:128,0,X9qbdyc5VfRMd5IERpTFfQ
DA:130,0,eKEu2faT6bCyKTVdrkGBbw
DA:133,0,tFcZl3Y9ZwbuA0am7o/jOw
DA:135,0,LOxrqYnyi8CmfBl1TN7WhQ
DA:136,0,pGparUpv8PHeEUcNUB3kSw
DA:138,0,xjcDBnSwra0OiNOAYAwoHA
DA:139,0,M7yF0qn2hdqzl41pa+m4lQ
DA:140,0,0b8bIw0Y2hQB09r3btHmfg
DA:141,0,dSJ6aztLsPVE45ymHQu+Hg
DA:145,0,Rai4nCdcc6s9watO6Q7vvg
DA:146,0,NFo6+eU1GOBklsjHYa6nGg
DA:147,0,MnzpXe1veqpfA7nIMRo0OA
DA:148,0,Pw1YVMVzD3BSsjQyXNFlxQ
DA:149,0,441p1onJ+qd0KcqWjxYfUA
DA:151,0,cX8yf2DBZiP5MyVc3XcXsg
DA:153,0,NsiONwsyIZL5UvMADHY0jQ
DA:154,0,MnzpXe1veqpfA7nIMRo0OA
DA:155,0,dfFbKmJSzNn5KIMJ5JqxYw
DA:156,0,3s6HbadjxfrrVcZ4ISL+xA
DA:157,0,MnzpXe1veqpfA7nIMRo0OA
DA:158,0,WQc0LjRrMqX66CaYQ+jAaw
DA:160,0,02a/Z08bcVunyzRw9UugpA
DA:162,0,twc799Aur4PTZi0gjP7C1A
DA:163,0,RDSMseLZ40wPqFx8mN4Axw
DA:164,0,7B3pQgMyKx4fZHEr4r9i9A
DA:165,0,bs1A0Q1Itjoaejf8aYIUQQ
DA:166,0,MC6VG8dr5mS01HMNiQGPoQ
DA:168,0,b/Qhsc8dyzfUvpaXEMJ06g
DA:169,0,jGppfX65szCuDr/XNwgIYg
DA:171,0,OrlIkjb0M7KXyM0WM/rjjA
DA:173,0,gAg1GPzZ3ygvj6N/3SSwUw
DA:174,0,nWK35sn62Me6iQ7c4/SkaQ
DA:176,0,PzvdiZ8GKQ4ifYYJeXRKsg
DA:178,0,BQMQdXvZ6t0VsbW4SPgndQ
DA:180,0,lsNo0AREoeIQlytA1DXf7g
DA:181,0,4juy9tjlInY3Tr3WAPkzaQ
DA:184,0,UwSjv8F+GG18LnrJi/wxug
DA:186,0,lNy1z7td/AgcLqcmT2WCDQ
DA:188,0,o8H611GROLcc0o4rm8WU9g
DA:189,0,MnzpXe1veqpfA7nIMRo0OA
DA:190,0,jxOdL+uMJ9TX2dn6GYxPtQ
DA:191,0,kwIK/Xz1Fhy5HaHzvatluQ
DA:195,0,G2+ErlCW9937uKXF28O5sQ
DA:196,0,60GRtE75v4x2005/2If1KQ
DA:198,0,BqX2JNUJ8Wauai/ghs9dMQ
DA:199,0,7mAT/3XDf3B2fSY7R5tBMg
DA:200,0,MnzpXe1veqpfA7nIMRo0OA
DA:201,0,XWUq9InlnNn59umLHaTChw
DA:202,0,px+Bs7pBpt0l4GW+IX6pAw
DA:204,0,HmADa1g/W1C2Vo9Wm4sNNA
DA:205,0,6UMVhMG6SGSp4xmD6mBujA
DA:206,0,0kZ8le6uCjhnDimwFOS5hQ
DA:208,0,2Flg0yRdThRushpOz8uRAw
DA:218,0,/km086C7yFy0jphSQUCA7g
DA:220,0,1c4LbVgJHm39KrkzPvIs9w
DA:225,0,dHOzIv1AnmE5pWzdUjKqdQ
DA:227,0,tGhgFUCWD3G+GSFzmuY/Ww
DA:229,0,7mAT/3XDf3B2fSY7R5tBMg
DA:230,0,MnzpXe1veqpfA7nIMRo0OA
DA:232,0,NaX9AUjAz3stnTSjt+fe5A
DA:234,0,tIDvBD5SxwYOGzd6GVbFZA
DA:236,0,OstU1KE0a041GQ+nZMXjvQ
DA:241,0,+JT+a9TEwz0Pt0oBOe7V4Q
DA:242,0,FgyLjBQ2RsX57rHQLbJORw
DA:243,0,/mtYnqZEpfDI41tDWu7TcQ
DA:244,0,4H9wbu8lQP8wAHOEU1GYxA
DA:247,0,jT+k22MbtjzbK3RencWn9g
DA:250,0,o0/QcOnWncb1eEJmiSTsCQ
DA:252,0,sHtd1+OKeZjWs0VFX4ECkw
DA:253,0,54rsFsKhJdmsMCt/w7DuBQ
DA:255,0,1DBuiEvAd1PJWLkfWa+ZaA
DA:257,0,PzoKjXETb2ru2alXBfOtpg
DA:259,0,vVMMk4ewZjLtiTZdFfi6KA
DA:260,0,WZWgsq5YSivjxZLQekrllA
DA:261,0,dSJ6aztLsPVE45ymHQu+Hg
DA:268,0,uBkKHXAZAxhPAHynFf4m7g
DA:269,0,5Ze9Y1r3cJC/KqM7vwYIjA
DA:271,0,twiE3IwQJqRiFHfwvvTSag
DA:272,0,K+dAM4s5KLFdRHa9P1wLkQ
DA:273,0,UcCkmNayDBEup5FGZX+xBA
DA:275,0,dSJ6aztLsPVE45ymHQu+Hg
DA:282,0,tqvh20fvEM16bgnp129m3w
DA:284,0,xwkkLtm4iiWsEqezWoWKfw
DA:285,0,J7Xz2OX+979c9X6rJq+lXw
DA:287,0,1c4LbVgJHm39KrkzPvIs9w
DA:289,0,+mySow5EDFS47Xgi95NSLw
DA:292,0,Aoe4mKrTnJN7ZyotGdlDPg
DA:300,0,SYZ84XLfb5lr/aTxA4wFog
DA:302,0,GqPeyJUbr9Kz3jTWI9y0NQ
DA:303,0,c4wH/NwTKMsyaESd0Dh9PQ
DA:304,0,iSqjugCV3JB5fuXH5wvDGg
DA:306,0,G90JbndIXoGydy3nwmZozA
DA:311,0,rXsYh5CS6uTFzwMYwsxKkw
DA:315,0,Z0G6CwJkFyxNH0RMqyaJIQ
DA:328,0,xjcDBnSwra0OiNOAYAwoHA
DA:329,0,85DOBQADwZDCZRy3GKCDIg
DA:330,0,o2Eu3ZsZnn5HpZtqufrlWQ
DA:331,0,5j5ptwAxUW6i1PaSbSYUMg
DA:332,0,iZMdVUUF7OJIszBF5LNbGQ
DA:333,0,UXhlakgq4qTOhPKWNOPr1A
DA:334,0,o7tvNiq40uwo8eP+lY5kyg
DA:335,0,N+W1oXJp0GHgJrDvgGQn+Q
DA:337,0,4LgMgWBGno1n5MNJ8WRFsQ
DA:363,0,v+Op5/2HrLrlLZcYi2WueA
DA:364,0,dSJ6aztLsPVE45ymHQu+Hg
DA:371,0,aID4ItDG4TtPRbsgLWuoLQ
DA:372,0,J89wFJEWHkARtZdB7Oxigw
DA:374,0,dSJ6aztLsPVE45ymHQu+Hg
DA:380,0,XV5z73iywCJuPM97cPxbHQ
DA:381,0,p9+vzQw4hxFif3XTl+Fc6A
DA:382,0,m65L9SONX1ZArseRIuWKUA
DA:383,0,BK+foMhfUltpwhLaXPLX4g
DA:384,0,M9MW61ZMKHuPLXc5irb7Ig
DA:385,0,BHLG6NNyDDUBVtBQjLyTtA
DA:386,0,qDmWPISreB8BQ/KSCaO7Yg
DA:387,0,05uObdh3PLZI1vr1dE9d9Q
DA:388,0,4GnDKDWsAScNZ6ATJpwcRQ
DA:389,0,YiYcbCGUcPFKdD6QcMSlMg
DA:390,0,IY7GcxKWOFmtqovhx5zH3A
DA:391,0,T661ku1CekAR6t55e0YpWg
DA:392,0,wYRJJeKc5Xflkr8tg+xTHQ
DA:393,0,NHPK4IC1DNntBmr0GYKwow
DA:395,0,67ON9/z04568Aqw8qmWKzw
DA:402,0,tk6/Wk2W2n2y/p+hW5Bjew
DA:403,0,UOxZWWRUVsY/73RYlxqY5w
DA:405,0,BdW1b8YYlrJPMI8x3pfcLQ
DA:406,0,I6ds+tPCErMxjhzPIjfBQw
DA:407,0,fGB+QedQOboI3eAolmSXtQ
DA:409,0,0go0Gv72uOau6JM0dCN5vA
DA:411,0,UzPNM9hrquE3aJtFcaV3Kw
DA:419,0,VjzoM62X9jCb78SH2+NChA
DA:420,0,v0QyUPoZv2P2cKIUlGOJVg
DA:421,0,6p3L+PyChqdBZP/VLFBIVQ
DA:422,0,WRIPv/byw3HEXHNDtN6rTg
DA:423,0,gfI0vsTw7/PWvrx23mgO5w
DA:425,0,I22Q0801tq9exVeFL/CiGg
DA:427,0,5hxfC8xuSMCKWY1VFDO2HA
DA:428,0,ic1mR7tLRHqW6NKmHtwCuw
DA:429,0,zOvelvtxE3iOxVUAfeS1sA
DA:430,0,VOSBnHVEPtY8jjdyEgDwHA
DA:432,0,b/Qhsc8dyzfUvpaXEMJ06g
DA:435,0,9xMrtGk55fxIju0tPUXNlQ
DA:436,0,nj6302FTbchEiT50Jqqg3g
DA:438,0,BqX2JNUJ8Wauai/ghs9dMQ
DA:439,0,lzpDG1lOFMMRTgKpYy0mpA
DA:440,0,U1MNZd7xYGRFS7iWpH/SEQ
DA:441,0,rJvm+5SE3ZKgeRjPzX5NPg
DA:442,0,wesEqH2aIz37VOdKQyo+pw
DA:443,0,xK5i6eqJGj+LK/1EWPNS7Q
DA:444,0,RD7h3N6VKnEqErmeCTIEJg
DA:445,0,USCADXQcPCFBaFm7BWgXTQ
DA:447,0,HmADa1g/W1C2Vo9Wm4sNNA
DA:448,0,6UMVhMG6SGSp4xmD6mBujA
DA:449,0,j6Pp2HrcguResLpTQCTy6w
DA:451,0,9t/Hx69gffdjZnxgKsCdVw
DA:462,0,EhtrW/YIZIvwWZriVjEveA
DA:466,0,4N/djU+fV+e0TA8j9v+afQ
DA:486,0,mdPTu8+oHgq+4IzV+T/x7w
DA:488,0,Q7Z7D0GhqE4Ki72uiYq1OQ
DA:490,0,N2w0qpaTeFoSlRQ/pElgCQ
DA:496,0,05uObdh3PLZI1vr1dE9d9Q
DA:497,0,4GnDKDWsAScNZ6ATJpwcRQ
DA:499,0,4plTQGIKkjFvbuewSAqFXg
DA:500,0,xvWIcpcyNr0gyGcTkdMxXw
DA:501,0,VhwJQJL4BHaR6X/7uSMWQA
DA:502,0,4L2s4DHm0UjoRevgRs5uag
DA:503,0,uvPKm8INzYZRbYHWmN1ZJQ
DA:504,0,/+zXv2kMFVvzd55gPxiQNA
DA:506,0,iz7a5/MzQH4h2R0oGyIp2Q
DA:507,0,zfz8iX8ezgzSemJvINnHEA
DA:511,0,xUvgFvEKJqbiLeKyqFhxsA
DA:512,0,HmimxuoQ7QgQ5y73AnCNEA
DA:513,0,/I/TGFppSbSMWdewRaWtyg
DA:521,0,gQsCkpezcZbzMh6YoVdG6w
DA:532,0,lKL8hWkHuPN1mrFxFSEYrg
DA:537,0,4L2s4DHm0UjoRevgRs5uag
DA:538,0,uvPKm8INzYZRbYHWmN1ZJQ
DA:539,0,c1pQNpKbxXQIDPEGPYuDyA
DA:542,0,BI+cjjRdySmXRtvCrhAYyw
DA:552,0,Vk7JQqwoQ9uMIKBAywDmcg
DA:553,0,poxmjcW23oz6pRe24OUZjQ
DA:554,0,77gMt7EGLIYhMvUs6yapSA
DA:556,0,vnX8nQBYqMVxnBaAEW8ulA
DA:562,0,HIBsWFDy9SM6g9d4QFEiZg
DA:563,0,fnT0rJSOp/k9OkykA3nrbQ
DA:564,0,BI+cjjRdySmXRtvCrhAYyw
DA:566,0,tpzqe3fj1BgQTBVFo+ZMFw
DA:567,0,Y90w3bpXMXy1D5gfYlXhXg
DA:569,0,e2RU2KcroOMBUire5FJrbA
DA:570,0,eJ6zrxnLWn/k18a2vHOhRA
DA:572,0,JLftvSrQ271xTwqxfABzUw
DA:574,0,wXUWhDfBpS1FR2lDskZiqA
DA:575,0,M4V0Z8egBCT42jjthbIVQQ
DA:576,0,/cppRS5gkFROqYn7R/i5Qg
DA:577,0,/74eoZIcTHR3Li1uUT1/0A
DA:579,0,ezJUVFg9w3zm1oneqIG/tQ
DA:581,0,Ogvu80eXw5xlYbN6qwdCLA
DA:582,0,bvptr+XOjvxX6vJSF9auWQ
DA:583,0,c2gUy7chAXhZeDnREgqxlA
DA:584,0,+Uuj4Zd3K35/3uxa+aeOvA
LF:295
LH:31
end_of_record
TN:
SF:/databricks/python3/lib/python3.9/site-packages/ipykernel/kernelapp.py
DA:500,1,mm6ZXtNjCfkX50fWcVuYHw
DA:6,0,V2KLEJ4kUgboTuhTJZUg6w
DA:7,0,hShnGf6SZdvV1LEbSpITgw
DA:8,0,EZEzNmL93PY96zsSuI0PfQ
DA:9,0,7Z9Lj4ed27Wf2hBX6jooEA
DA:10,0,Ux3Z6ya1JDJT008OmoVf0w
DA:11,0,mUDsnWRiqW9R9nTILGKIZg
DA:12,0,8/DPjtWdo8z1/SINFFKe8w
DA:13,0,5mYv6muhxOeYBWYljO+BNg
DA:14,0,5ZkICHMcmgy7S4Ce5/FoBg
DA:15,0,9dQOoiFaS0XGDh7AiTYqnA
DA:17,0,+TVWkij5bLDYdpv4agjK/A
DA:18,0,rkC38QNDfhitDDiBiUT7IQ
DA:24,0,hSFdGQ8yZspCMKt/inWruQ
DA:25,0,U9i1AHrecaUl1k30J8tJkA
DA:26,0,zqKJ/YrIswsefJcxFYgVZQ
DA:27,0,kw/UOtYRMw+Myq3klQoJvQ
DA:28,0,ATW+X/G5C33mH14urzM/+g
DA:29,0,Wm9ZDX/85xteHA+3A3fd6Q
DA:30,0,qYJ/I/57HScUrC6hgCLlrA
DA:31,0,X4NYE25qG5EquxBAApE1sg
DA:42,0,eMx6yQqWT7LY2ysG8SHuAA
DA:43,0,7CPBxGNAgRNMNmhhoRcvow
DA:44,0,dxBmi7v1nj4jlyHQjOPA+Q
DA:46,0,RlFUULonbU3+UkDGBfp3aQ
DA:47,0,/txonvK5jbvxb1kdnrDLcg
DA:50,0,J/bsiVE2F+upi/wkqeS3Gg
DA:51,0,6ygTjUrs8wM3t3RasrF61Q
DA:52,0,/cb+Zgpk9L+IDDq+5oEHzg
DA:53,0,mTGrHSzboVrffx4N6iUz2w
DA:59,0,m49YF/JpXBg5TvEKE4F6XQ
DA:60,0,WxwmPFD7Bbm/ERO2UF1wSA
DA:73,0,6G2aa6rtwf8Va4ABY0gB5Q
DA:74,0,CUGapgtXsx5XsS7aZgt/MA
DA:91,0,y9IZRdwb96aVq2ULjO3k3A
DA:92,0,syHa46cuxe4DvwM3+gdxBQ
DA:95,0,xPJdQypX3CqpijmLSV0mtA
DA:96,0,C/nAsLFfJpAYo/e50CgESA
DA:98,0,Ui2kVAKN+dwGIGgoWEL7CA
DA:113,0,HtlJp+ev1ipGvj0unvOuJg
DA:114,0,R6pzD1aVkDZMaXkVdkwSKg
DA:115,0,BClPlbWYPU1j3LTF3/pLrw
DA:116,0,b7VZTu+uh9Y00AfKbmtI7Q
DA:117,0,0gBfQtoGLKu2eNa2ukD4qg
DA:119,0,FhI58IXdAWttpUr8UlFJ5A
DA:128,0,aK8DrR2WedrUM675/38SWw
DA:129,0,4n7SQSsnPJvhi3zWCDpfTw
DA:130,0,IU3HhJpF2CwTOkIpse6eWA
DA:132,0,KgUQec2+77HS7gDWrmwNdw
DA:133,0,WXzITsLNyUSkt8RO/Nwm4Q
DA:134,0,peC2+EHe5MEAdL9Pp+U7Og
DA:135,0,U67nS5AlgwPmZ+Jrmg15pQ
DA:136,0,6EUpoxDuapG/DEl80wgylg
DA:137,0,RmVFfYlV4txbseV/eRYHkg
DA:138,0,CAxaAllh7IdlBWAYGdyjrg
DA:139,0,AKWqOyraIKRuQnBN/aH2TQ
DA:140,0,eWPoNafplJoYLOsLpa1b+Q
DA:142,0,6q/267rXuupIvKsNSzh4QA
DA:144,0,cY9JcXHsGrgrp0cWMc5Agw
DA:152,0,Ly6KFkzLmyh8i+uGPnBCXw
DA:154,0,f5epPd5xMaSKyAqZEfyNCQ
DA:155,0,mYAMH1tOCXgvClDjeJLhaw
DA:156,0,Jj9XtyQRurHP0K5duWN+0g
DA:158,0,HmADa1g/W1C2Vo9Wm4sNNA
DA:159,0,alOftP3b8aPZJLBgx5AM5Q
DA:160,0,3l9GFLJFtKkYzM8kW1h2VQ
DA:161,0,PZnBi/CZ6gIPmV2dgRJL+w
DA:163,0,k70ErVxX6+OHAgzSMYqXeQ
DA:166,0,ah67nHxj39q1ghqGrOWGfg
DA:167,0,hag2sfu9kZR8T52qZTD1Hg
DA:168,0,k46Xu8QkA1cZeaxK3IZ7oA
DA:169,0,Zw2t7RxU021zt3SHjDHnVw
DA:170,0,JexT0rRzS18PWoKwOPqoQQ
DA:173,0,UTUs7EWxirhgDE8Eom9Zgg
DA:177,0,PD42vBgNrb/TTwPEZgUwZQ
DA:184,0,C2WWo2xwnXD3g5EJaVHyNw
DA:190,0,v7GyvTmDf7+sdAUQWDq7rg
DA:197,0,ZYz3hdxbqa/5wnyahVmNGQ
DA:198,0,Y08CFczrADriHk9VwFcqAA
DA:200,0,B3Oov3JC0Bpo4sTRxMdxJg
DA:202,0,XaHazJEKsp50MD2mVNfspQ
DA:204,0,5CBcq7gCLfYHQaMDxW0fTQ
DA:205,0,aP6gepcvTC05Ie2zpuD+Qw
DA:206,0,M/b6UZLEzsHib6mTwlquxg
DA:207,0,X6xwWIhe3Js/jgB9CVk+YQ
DA:208,0,aCXArK2HNlDiZfgIKuIlTw
DA:212,0,HnZASL9E/FCwfMdfMdGIXg
DA:214,0,DEm+IO+x9OZ+k2rCrYgT3A
DA:215,0,ZlOQZ9qMd6LjvR+kSFYBHQ
DA:216,0,NhMiSJAm5Y/FyK5p2WlNuw
DA:217,0,v5Ezqhzb3s5IfsFro6WObA
DA:218,0,+OqKV4uoLlNYWsuFsu7vPQ
DA:220,0,TItJ10Q4XdD+1qoPApNeXA
DA:221,0,QaxMl7XmV4AoVmCXF1JlTw
DA:222,0,v5Ezqhzb3s5IfsFro6WObA
DA:223,0,c7JY89whP+1vDLNffBvD2A
DA:224,0,KBDEKWW7m4uYFgqI/siyaw
DA:225,0,sZfLPr34MCeUMFbOKgaLuA
DA:226,0,z5lH/WuQGYDyza2ljZFi2Q
DA:227,0,PJtTmSZCB1ZffdizKdSs2g
DA:229,0,KBDEKWW7m4uYFgqI/siyaw
DA:230,0,cj1zT30r891ygS1NF9vjUQ
DA:231,0,6Isc1mjNaK/z9Sxl44UNTQ
DA:233,0,sY7xM3uzTtp9beXYDelvuQ
DA:234,0,xjcDBnSwra0OiNOAYAwoHA
DA:235,0,dRgIqD31W6sQv7aD0gSBcw
DA:236,0,TulZRDVyZgwaluSyPp9m8w
DA:237,0,0WGKNZe5OKt9nun3itNU/A
DA:241,0,HGzUoSJrOOFA39BwVtqwvQ
DA:242,0,suOcVO87bDU+mftx7n9DvQ
DA:243,0,xvWIcpcyNr0gyGcTkdMxXw
DA:244,0,lNjTlEA7HCiyLKOylAv2zw
DA:245,0,xe9kQ8FDR2+TCA8NKNwd3w
DA:247,0,4Y5Nk0KWEYw+sJrsG1fEDw
DA:248,0,Rrkz/Jrrn1dFixxE7fz6ag
DA:249,0,sRpa9kePob0UkHRqC+eTbA
DA:250,0,Rrkz/Jrrn1dFixxE7fz6ag
DA:252,0,IAMqrln5vA0bkv2EelR2Bw
DA:254,0,hi3JSpAppjXymHicERcAjA
DA:255,0,Yf4r/GIpmeyvWsxNpOsiRw
DA:256,0,PFaikg1iLWGspQk0L5ii5A
DA:268,0,xnEeF9Std1S4AMJ6jUz8Zg
DA:269,0,hi3JSpAppjXymHicERcAjA
DA:270,0,C2zV1sIxXqw+zIPv/J0KvA
DA:271,0,xjcDBnSwra0OiNOAYAwoHA
DA:272,0,e1qwWd2DueklJ9NfymdlTg
DA:273,0,Da9IsG3rS+DktGB2XsJipw
DA:274,0,B+ZJQ8zBxPMiDZhsnR0Fag
DA:276,0,V26Q519y3mH46kgK4s2+EA
DA:278,0,IFx+0hGbuuVoWpXHrGoEXw
DA:279,0,nAUak4opJNPk3fK/YIzJNQ
DA:280,0,qMtwEpBwRkbZFpIxTp9MkA
DA:281,0,xjcDBnSwra0OiNOAYAwoHA
DA:282,0,wXaE8IFaAWOJaZDdNy7Tkw
DA:283,0,Da9IsG3rS+DktGB2XsJipw
DA:284,0,6+sioDXheLdC0go9YvrveQ
DA:286,0,sWAwz0A0eN930E5a6p+v8A
DA:288,0,ufij0Pkc6hlLftz1iakkYw
DA:289,0,MnzpXe1veqpfA7nIMRo0OA
DA:290,0,xjcDBnSwra0OiNOAYAwoHA
DA:291,0,GEv/ALrzh2tkVRUUwxZUCA
DA:292,0,o7tvNiq40uwo8eP+lY5kyg
DA:293,0,PoDA+iKmQgLS7ZP5xz9wPg
DA:296,0,b7F6yd+kZhGZoaQ4xGaCqg
DA:298,0,f0UuOjidIN0DL5fudWCDKQ
DA:300,0,aph+Uud77oHt9Fzj8Zyy3A
DA:301,0,/J2RkUxJN2gRLPgEJ7xU5Q
DA:302,0,Eco7VLBzNTj4UKWXTpDNBA
DA:303,0,uTqD2LlpAdxMHHjx2wJ+4g
DA:305,0,9DTChg54aSlyP3EZgAzpIA
DA:306,0,HqWxr4bJRM1gwRK3+2N2aw
DA:307,0,9ekCZPgWYLo0wDcad1R/rQ
DA:308,0,dMJNGqXKtKiVlKaloxx6Hw
DA:310,0,9fpDjjOEdy+RDfO+/5c/QQ
DA:311,0,FxXm3WKoZ5uc/9vwAeOQpw
DA:312,0,xHbwKdcE1yETIjVnZT5yCQ
DA:313,0,e0uLfPQQYVyjsutQAUzMKg
DA:315,0,5EzOqwm8XY0LHeE4qewBKw
DA:319,0,ep6sYgv5fhhSazt5Tn0MaA
DA:321,0,I2WZH5apYFsGUE0D67WG1Q
DA:322,0,D/TG4vAsksTNoAkcWMlQVA
DA:324,0,bhOJ1hqXTBVippOf/Zbp0g
DA:325,0,4lxyCgO6DW+ZivDuF6z/mA
DA:326,0,wEI7WC5hu7gOmXI+50EZ/A
DA:327,0,Izag6SkOKXyNDC8m2mvObg
DA:328,0,ZRNBD0Y3fk/CKeVESrvjgg
DA:330,0,CbJ+GevPYGtx3+/+nUCsEw
DA:331,0,gS63HG1QIlpUOl+Rrn8jvw
DA:333,0,sJNcz0zV/IIaBpLXiVh5yQ
DA:334,0,3H4KkxRKzDPvENIncJ9Kcw
DA:335,0,Fa+vzqi1RUjrOK4ilYdO6A
DA:336,0,cUWlMJkcTTr+rw+LBn+Yjg
DA:338,0,5EzOqwm8XY0LHeE4qewBKw
DA:342,0,rwPA5EVwsXQtm3NisYxVGg
DA:344,0,nqYFKtjhIqmM9AnkOoOIWQ
DA:346,0,9K1VVqzIrRGAU3UuasyxZw
DA:347,0,OdIqS2KldfQhdEKuZkjI3w
DA:348,0,fvcMpAxfRPPftr6adnVM/g
DA:349,0,GYT2sVOgf7a83TpDxBE6yw
DA:350,0,AjbfG43hswR1Ph00AoorKA
DA:351,0,elmQ7X9uiNjWNCyLQffMhg
DA:352,0,AIaghaaJ6HuqjQ+4uGDAJQ
DA:353,0,OCpISxdDJCYTSDe0CoJDpA
DA:355,0,8fkbH+BHwPDfz48y/OUXKA
DA:357,0,6U0xyGbSBaEEYSDlWP2klQ
DA:361,0,X+GBI1nIZbhRWovOIV+C9g
DA:362,0,EledMvRj463i7f5jhFjE6Q
DA:363,0,uS5HpJfwV2wYiotl+7IWGQ
DA:364,0,qEJHpn1O5pHi6gV30ulkdw
DA:365,0,40tH5itr05E4XfaCczyRKQ
DA:367,0,BqX2JNUJ8Wauai/ghs9dMQ
DA:370,0,6nDlnvKeb8BXwQGctWyhbQ
DA:371,0,MM8LCfQ94iUZIxYHAWicKg
DA:372,0,SWJtickme8tAv5AZ330PnA
DA:373,0,lZQbaJU9f5kwccAiQC/Yjw
DA:374,0,l1RsPVGxjBtzGMBXEWiAnQ
DA:375,0,vv9OUAZXZjTYewGKQbEb8g
DA:376,0,tOefFbS1irfo6jiiJD7zVg
DA:377,0,ViupNfcqhepA/teu1oiZ9A
DA:378,0,9pKkORCYCS4HnVROGTi7kw
DA:379,0,OhJwIr8miv0jKcbWLyK69A
DA:380,0,Hr3gbOXiuBUH/9z9hXx/BA
DA:381,0,m+Rzk5FRQzW2HJvtld9Beg
DA:382,0,H7JjqJcShnf/D8GdiPb2/w
DA:384,0,W5Ovt6FTYpcwfHLr/QA2KQ
DA:385,0,8dyYyCHzLAVpUMlVzRz9Hw
DA:386,0,q7tCjMKYHoXma7mY96ZZrQ
DA:387,0,7UsyjAHZkijWJfsJCXXbYA
DA:389,0,I9M+2e62OTXJGZnqA0Cjog
DA:390,0,v6vy3z0ZhTUzizUcaRvhuw
DA:391,0,Tv8lIxH2wiFos5jGBVRyCQ
DA:392,0,H5Bqnm6jLNIMEMs23Q8tOg
DA:393,0,qQ/D2rdJpzvI4c7UDkX2vQ
DA:394,0,x98DDcD/D9OC6yuhb3aYuw
DA:395,0,gKi3OL1x4OWngPcAH3etyw
DA:396,0,5ZaKHSysknLeJkytzyzOtg
DA:398,0,2T1m/QheQBc9UJ15ulnYyw
DA:400,0,+Sx5pgaNkkMn3gsuf5y+vQ
DA:401,0,67ON9/z04568Aqw8qmWKzw
DA:406,0,LxOcpzG4FA7IKK3HInKalw
DA:408,0,kqOr2wBNZl28rrwpl1LLWw
DA:409,0,m/ejJX/n9ocr5t58h2MAkw
DA:417,0,TEcF+rrB9nYyKUy3sXfXEw
DA:418,0,RnRDCKSgWXXOvbekODLE+A
DA:421,0,yXzbTfYR+h3L/jBVfu5dtQ
DA:422,0,Zx8RTmmzGaVcB0Na0wi8bg
DA:423,0,h25RbkI8kar0M+TLM8ZcUA
DA:424,0,ko3IG5NgJt4xb5UPt+XCmA
DA:426,0,7LEhKLnl2vuMznTwycIxDw
DA:434,0,TxnROxcTh3YbOVwZOZdOCw
DA:436,0,3+HwNE2jZL40KcU93zDkSQ
DA:437,0,D9gLhd+hOXpX0cbZTLiMrg
DA:438,0,mDY8YDUkLXEBZWR2CXgK0w
DA:439,0,NAcQZhZ/Iy9wBLJ61lvAzw
DA:440,0,ieaqKjwhslUFAL1lf4FbNg
DA:441,0,T3Agb0ugXYyg+iflll35wg
DA:443,0,bVWKYyHmny5eWNP2JlUOjw
DA:445,0,2n6XJmhp0apXE6glvhUzZA
DA:446,0,I6Ps3thmvPXwB6GKugMYPg
DA:447,0,wjlujC1H1X42FOe1OOZtKA
DA:448,0,jWkaBY+udcuQsBc9KiFntQ
DA:450,0,1KATazMV87yqGzdgSEBXzQ
DA:451,0,9I9qiZaz3I9tgvmPbrRnUg
DA:453,0,B7HT/HGyb18KFXj4A/kyEQ
DA:454,0,m9rv0Yyb73SDj8Ipfc/y6g
DA:456,0,pInP9IJq5tdZcmSLBGyYHg
DA:457,0,FdnCcQp1KxRFsvTILb7dpg
DA:458,0,zswy71yVWw7gj9XzkYB3MA
DA:459,0,VvPa5nv7ddpDYaaczAY0Vw
DA:460,0,QLQw+0mECo9XWHYp7Q5Chg
DA:462,0,P+r8+iuF/CnPAMUCYUzuAA
DA:463,0,dOG8oqNs8Q5Y1UdH27muZw
DA:464,0,CrD7vKfFnhARQCSSv6PmmQ
DA:466,0,ZXr2nXpBFJujiqKmW8NFDA
DA:469,0,SoAbNH7EJH+XxfJ7IvjpQg
DA:470,0,fF068NzA0MQ7Gq9VIuCKnQ
DA:471,0,mv8zXxTUPBegNWg+v7D31Q
DA:472,0,VvZ9amFtlC1CsMXpyvAIOg
DA:474,0,8HQsPXRU9AO3ULs9kdo+Lw
DA:476,0,unJn1Dqo48H5JhDs1aJ/OQ
DA:481,0,D6zkOM2f3pLcMQv3doF5VA
DA:482,0,7qdI1cKm/dAObEoXOWyaMg
DA:483,0,RBU/zarfmZ874Oo6zvnaSg
DA:485,0,4q058dNF/23Bd2WZHoN0+Q
DA:487,0,xjcDBnSwra0OiNOAYAwoHA
DA:488,0,wEay/MrdxZFzu+UgCJYzTw
DA:489,0,c8nwtmEW1t5MtspOQSB7Mw
DA:490,0,B+ZJQ8zBxPMiDZhsnR0Fag
DA:497,0,HTsLW8JggAfR7NMl6dqUqA
DA:499,0,HBUzyBgTd8fNLQrt4nzngw
DA:502,0,uCukNneXCAUKQlO9vX6JmA
DA:504,0,+viwvpayV1vJ8jV99UiV1w
DA:505,0,0bpuRRLqwSQyaxXASE/9wg
DA:507,0,xm6KCuhlJxGL36gTLabtSA
DA:508,0,UoWdBhMuS2kK/xYECKrjvA
DA:512,0,+bxQDBpn72v+thsAuj7M1A
DA:514,0,j2PDwzu3+Y4HhI91gKHdVg
DA:515,0,h+N2SJlNgJ+9JZtD1Gkquw
DA:517,0,jnvP+JMcm6/SCiSVTfS2kw
DA:519,0,Z43NUSjxUOVWISDrS7gzuw
DA:520,0,EjafOdjAaGaWjK9Uugr4Yw
DA:521,0,cRA6QD4YGCAOYCVn7sAKKA
DA:522,0,aakB+0dU//osO0s8/GStFg
DA:523,0,c8CoMugofNelvLbJwcksnw
DA:525,0,/DBDxiOAbQoGZOcvtSg9+g
DA:540,0,z1e7d8KAqSLRdPanzqNs+w
DA:541,0,/mjITVzXDzPamevV67TVWA
DA:544,0,7/s+LEYmcSa1+8FRxh4kNg
DA:546,0,nsn2f7Yafan4W84w+Zu/Wg
DA:553,0,e2XlfkbLnUjaAXYhVbVxmA
DA:554,0,Vqw1fy1AzJvmRnnEBKU2uQ
DA:562,0,i4QMmBj6aQY72XGtP6ZeBw
DA:563,0,S6gnVfgJ83gxkqcyAd1Aww
DA:564,0,xjcDBnSwra0OiNOAYAwoHA
DA:566,0,AjZkKF2WoFDgZYJJaZK+wQ
DA:567,0,aKjnx+IrpBzZ7JeF9nnbQw
DA:568,0,HH5iy1TrEFvz1KhHBOFdLQ
DA:570,0,0q9/ZIF1IM4e8dhyNbJYgA
DA:571,0,ZOfKQur3tagGBsiOYSMcfg
DA:573,0,qPbeimSULbXhfHslZOpa7w
DA:575,0,2v5l3Rw8GRkids2zHJi2rA
DA:576,0,FwE4xhn57+X8C/STDMS8hg
DA:577,0,/KCBOcvI254B5ZFW78bmHA
DA:578,0,Q8rYeputN49E/Sbwq3VFcw
DA:580,0,8rpFqAhS4fDkzMRkQ7+LBg
DA:588,0,eL1K1eSQbR28PLlsKvR0mg
DA:589,0,cf3sctmKeYu1acjPCWAA1w
DA:590,0,y/4uVjXCZiLCCchIstJn4g
DA:591,0,APdB7Tq81+fhpkPzzZKfAw
DA:592,0,txuMW5FM6QvyV7EDumFodw
DA:594,0,kz/l7szx2iyLqROWAqKSQg
DA:617,0,JZzRL2c6m1FCAOBQErnysw
DA:618,0,Ba/DM8Qb8yUeyEpn/0c/Bg
DA:620,0,xvWIcpcyNr0gyGcTkdMxXw
DA:621,0,jmwG3aOpUAar7pJ8m+qr2g
DA:625,0,yjaCBoc8nUOCKlBPuISVxQ
DA:626,0,dquiAd0b6I3SPuVFJDK09w
DA:629,0,34RZTlfwoJXUDBKVWGXIWg
DA:632,0,d8PyzWqyUZbgesWsNAZrJg
DA:634,0,GYFw5S4PCXwLYYzuKSCiww
DA:640,0,mRCrgQQp8n6duD0rLHpFqA
DA:642,0,pouAznNbn4iP8Wnpz5/O2A
DA:644,0,zGvxkHHzH53sgAiiE0Wpcw
DA:646,0,wtVDTU9WPi8wYmidhbiM0Q
DA:647,0,XneLZVOO/XaDuIas48m7Mw
DA:648,0,RFDOQHYI8R0KLh7ZM/RJZg
DA:650,0,IGfPipobMsA6FIFwVQiOxw
DA:651,0,ECgfQ7YWVRfuOZAz65DiAQ
DA:652,0,MdogcLI+eMBey2CDGVXeTg
DA:653,0,gHdRWn6teWG3uycCXcXcEw
DA:654,0,o9fGofs1jeoBR3H3ZxH76w
DA:655,0,MnzpXe1veqpfA7nIMRo0OA
DA:657,0,ydPbrBveI36IfleKcPVdEA
DA:658,0,0aCKqwl3z7hTKFyh4+wo/w
DA:659,0,c5gcRbvANHwPsfVevwmEbQ
DA:660,0,4rS2ttuLY6yzXRgoQu+vqQ
DA:661,0,Pu8TjlEDFFwsu3t2stWzKw
DA:662,0,bzbWqO962HcEPuK4X6aGqQ
DA:664,0,N+VKxCQXiJ/bwSBDsYWTyA
DA:667,0,ZFD6YD6Y7lcUOfp3vnEIDw
DA:668,0,A8y5mQd0Mdg08oR+kLIpFA
DA:669,0,xjcDBnSwra0OiNOAYAwoHA
DA:670,0,VPf7YBWR/6ixnVWyA4+ThA
DA:671,0,o7tvNiq40uwo8eP+lY5kyg
DA:674,0,fDY3/1zqQbsmVi0h81yvHw
DA:675,0,tICGZG5JotQL2wn0spLCuA
DA:676,0,K2mvikqL1tPVvQ5xeyKUwg
DA:678,0,cicO35PD5bDvT3WJdAm/zQ
DA:679,0,8nLw/gEVSrFIQMnIuJ+Jlg
DA:680,0,/KCBOcvI254B5ZFW78bmHA
DA:681,0,Z2doriWBQKm6UXZtEj91CQ
DA:682,0,0DcDRhtDAb56OjXST/06xQ
DA:683,0,p+xEvL2Q4D/AQF1K2+2jTA
DA:686,0,ZRhgxAAjQhn6H7TmYOcEOA
DA:687,0,IICPkOBNax2pFaxHykwuFg
DA:689,0,BQMQdXvZ6t0VsbW4SPgndQ
DA:690,0,o9fGofs1jeoBR3H3ZxH76w
DA:691,0,Xy8UFLqmzDMD5qMCp7ww0g
DA:692,0,RUzcc5tdvTIMWUyiVPB26A
DA:693,0,jHB7SYIRYBXjqzWXQ2XS7A
DA:694,0,TT8XlbQNG/ZX2PvRUzKF6Q
DA:695,0,LwHvnMQtCIQ3JjWwelVJqA
DA:696,0,dmTCsTNmBU0oVfdBcD4XTw
DA:697,0,cv6oeAtoukHTRrRUbzAGyg
DA:699,0,h+SlyXB60EVBPX6y50CpAA
DA:700,0,MwgveDDSeG09hsrO0cZA9Q
DA:701,0,xvWIcpcyNr0gyGcTkdMxXw
DA:702,0,uMAuGzJ9mFug0eP9jHZIbw
DA:703,0,ruqxQL+Vu17LoCHF6AIRuw
DA:704,0,dquiAd0b6I3SPuVFJDK09w
DA:706,0,xvWIcpcyNr0gyGcTkdMxXw
DA:707,0,iSxah+zzBTTF2jmxlSoXZA
DA:708,0,ruqxQL+Vu17LoCHF6AIRuw
DA:709,0,dquiAd0b6I3SPuVFJDK09w
DA:712,0,uIgF3QwrFo9dQicOr9dtYA
DA:715,0,CKoMXMB8Xv5ZC6iTILRdvA
DA:717,0,Auv9WD7TvhSVzBJvPYOcww
DA:718,0,XFPiB4etMmJePEyfRzkbPw
DA:719,0,GKc4osTRlt2+w3wSsT0XUQ
DA:722,0,xQVNdxAJxuGw1z9RcZmDQw
DA:723,0,2loYFqKsWTLg8EsfxY4sxw
LF:381
LH:1
end_of_record
TN:
SF:/databricks/python_shell/dbruntime/PostImportHook.py
DA:34,1,KULC7ShLHtfTBz0uNryzOA
DA:35,1,mnfkqkx87oVLyz1273+fJQ
DA:236,1,5mn/UTpYEcajoeXvy3Cdfw
DA:237,1,Dwjd91USmMoWKfkSCVg/jg
DA:13,0,mUDsnWRiqW9R9nTILGKIZg
DA:14,0,zyZgoM+E8Ui7MCtwqiF+Nw
DA:16,0,tCR9jZPxVNJTOR9Z5VLLKg
DA:18,0,3CXPeAg+i/tRxUvQoZ1nlw
DA:19,0,EBiMi108Ca76aZkS9IndWw
DA:21,0,1ztudX2ZFpuh3YAgk8UhIQ
DA:22,0,NKq4SE24a2+3Ak9KPmTKzQ
DA:30,0,VOoJe9yR9+FwnCBSKqeYBA
DA:31,0,f01gZD2VUA3OEFVcdn9G5g
DA:33,0,Ni+7I9Nnj3klzAjAn9i2zQ
DA:37,0,d4bg7UNejyRSW7xOkg4+oQ
DA:39,0,Xuzd30kQt7GnkjDj9eFrMw
DA:48,0,z009HQSIm8BLJUeVIeNkgw
DA:49,0,l18CKNlzSrNG1kRVKDI7aw
DA:54,0,VwRACzl7rFtO+c5G2xauZA
DA:55,0,5eOkMvLbYgcJ0XMYL/4iiA
DA:57,0,7lczNi3KGJrvlFPIYg9Tng
DA:67,0,spnAqaWRASnYsSOPVSsADw
DA:68,0,ADskCltPuvdglu3BkUTnWg
DA:69,0,/BfwD0uR0t4rEzZg20tKgw
DA:70,0,8gI8HCVKWL5t3YZTcnkt0Q
DA:71,0,DTJ6hs7BiUW6NDAM66dGDw
DA:72,0,3NczfXUEWgPoL8v9k21BXg
DA:73,0,gzdKlcSMDWJrP6YqNmJdnA
DA:74,0,FPiYGz9EhTweQ1m9tw5/nA
DA:75,0,5/sGuk3bCCrXF+W9rHYZXA
DA:77,0,mucQRVQCsJC1MmpT/tQGYQ
DA:80,0,DLpKG44Z0lucBgt+D2yn/Q
DA:84,0,/PNpkQBcj86QnsHSXYObAQ
DA:85,0,3axEEusdSD3gSajAaXpr6w
DA:91,0,eirdZuCHvAqlCoXo8xBGew
DA:92,0,EeObZSJ3RFtkLOG15aG0Ww
DA:93,0,7xxj1Gvtg18Cg0Hq4S0DIg
DA:98,0,FNbSzFEEToX1ALeMGWgnmQ
DA:100,0,pyqDOeQHusAikSvz2Bld7A
DA:108,0,ZtxRHJjm83deYPGkK2e+0g
DA:110,0,SxwsxU5RQiNA/gCgtJgmow
DA:111,0,NaWnEQk+p/ovtT85Wc/rrQ
DA:112,0,Ee5gF1PdTBrxo+hJMqIKtw
DA:115,0,aRSAJnOan67ithJ/wtXnvA
DA:117,0,PdzixguK7Go59Kn3hDooHw
DA:122,0,oKOdwsVCuNnRu/AEWdQ56g
DA:123,0,S39cEapqQxr8FKZAH3C7TA
DA:129,0,rLrBiYNnvEOicMevI9bhqw
DA:132,0,lyBi1464uK4qNH+iRuKJpQ
DA:133,0,Re42we3Fp0+w4TfiQ1NGjw
DA:134,0,RLFWZzwUV0cLnRs7Z+Lv1w
DA:137,0,mbedYBBH/8Ao17Kyq1JBtQ
DA:138,0,OiN3okYhkIY+iUqr80O2gA
DA:139,0,bDDP3zSFasb+qPv9y5hk5g
DA:145,0,djJ5kZ6MRl15npVQl2nYaw
DA:146,0,ADskCltPuvdglu3BkUTnWg
DA:147,0,uXOJm42ywTXbV0V89K6KYA
DA:148,0,FGq6j7IcUw3ch0zjiDcsnQ
DA:149,0,m749BdDldwubyCKCKe4s2g
DA:150,0,FPiYGz9EhTweQ1m9tw5/nA
DA:151,0,5/sGuk3bCCrXF+W9rHYZXA
DA:153,0,mucQRVQCsJC1MmpT/tQGYQ
DA:156,0,kbIiJV538SwM440LKVP2Ww
DA:157,0,B/Fo9U4/nMeRNS1JjGZVyQ
DA:158,0,d07gTwF8JIpcWXxxH0tYAQ
DA:159,0,xBsLOPa8DPR7MSeJA82BtA
DA:160,0,l6TjtYHqcNyGECUCc2lV5w
DA:162,0,eb/5c2P5L9L4D9/8doPl9A
DA:163,0,4F3YYaPAHsH8wVfkZw8eoQ
DA:164,0,/+w0HG5vK3Xi8C4NuMirQA
DA:173,0,mbedYBBH/8Ao17Kyq1JBtQ
DA:174,0,pVduL1iOF6juWWUHszJsNQ
DA:175,0,Yb2fOmWTpdn1zoMVNwtzTA
DA:176,0,wkoecowxp+FthDYjkAy9hw
DA:178,0,+V/8oW8zYhXAIH5hx9qfbg
DA:179,0,r0sEao7KHy/+AeHiDCbhYg
DA:181,0,hLneE4mKs9xSXb8vnju5Hg
DA:182,0,Ee5gF1PdTBrxo+hJMqIKtw
DA:185,0,lyBi1464uK4qNH+iRuKJpQ
DA:186,0,qYMbm7asHul8GmiG3rQnWg
DA:187,0,hCLw3jCz22/yPmfJ9RM4lQ
DA:189,0,+V/8oW8zYhXAIH5hx9qfbg
DA:192,0,hLneE4mKs9xSXb8vnju5Hg
DA:193,0,sgi9DdPNkVdhNArgFbkKsQ
DA:202,0,nYmzBj0lBplFzhC5ZRJ3Fw
DA:203,0,jqDBa8/h4gkLsHJDvIbQ5w
DA:204,0,tcMXFu16mTXkv3WoRSzpgA
DA:205,0,xwlMKDmMiAvJCFZfXJCt+A
DA:207,0,26zLZM0G5IW+jnzRyPVMRg
DA:210,0,XUn+K51dWxXHAZ3JJnN/mw
DA:211,0,RyHyoyMEjtfX7UwhTijbOw
DA:212,0,NQjs+6kgCz6zWctlBJ5Pqw
DA:214,0,jqDBa8/h4gkLsHJDvIbQ5w
DA:215,0,xjcDBnSwra0OiNOAYAwoHA
DA:216,0,t8ONOCPFE0uvsTTAzU7eEQ
DA:217,0,HtLtrxQXsDlFagc1wpi1SQ
DA:218,0,YHaHJLuxRTjrprOiPVtGbg
DA:219,0,q49RGOlzIb8ZKGqI/z/xMQ
DA:220,0,NvVxGrDiJsGH6QhWsv4EYA
DA:222,0,26zLZM0G5IW+jnzRyPVMRg
DA:225,0,Y7oEcPQTPjahZsftHQnqng
DA:226,0,gFdnwIzxJ64X+nD2UauP7A
DA:227,0,Y8f5rah+rpUGGrEeFeCpEg
DA:229,0,OZGCnShxFFp50T3oke4Scg
DA:230,0,xRebHh3d+aNjdLdx7r1/Lw
DA:231,0,LsabRjnXxZJfvbvcYKzE4Q
DA:246,0,2+c48a/DywsI++WfTWA1Cg
DA:247,0,Dwjd91USmMoWKfkSCVg/jg
DA:249,0,5Cf+NLe7Qz2PunAhy+YSBg
DA:253,0,xjcDBnSwra0OiNOAYAwoHA
DA:254,0,GlItHW8WI8bdBEcSjV6/lg
DA:263,0,JGHb8qmLlp2hrAWfpoTUzQ
DA:265,0,5ZtYAGz47O8TFwuuenSU9A
DA:275,0,Uk1iEqLYWHwxE4nbWtF0CQ
DA:276,0,wDgHLrJUIbyTCYjZ/GJCIg
DA:277,0,ZRccqiaj44iY2EqgExqmkQ
DA:280,0,3+Gkk+bKF6laNzIKYe0zxQ
DA:281,0,a2rHkBs0S2cDrILxdmdSBQ
DA:282,0,uCZlAJqCP4+murQDbu0DnQ
DA:283,0,uB7dQkf+g9WKCrv7KLgE5g
DA:284,0,gH8uE0C780h08jrEEXSimQ
DA:287,0,I4yn0zuhRLrRwD7k2V8jPw
DA:300,0,H4/iQAwEvVnI9v7G0DmsEw
DA:301,0,rsdWCqwMxuif3FGttddBNg
DA:302,0,Aq4OX1uFMAQsyJNfm+89Aw
DA:303,0,ddnMzre3B2mVy0TJ75HTHg
DA:305,0,W/NVOwkFvpFRpDjl5plHcw
DA:306,0,p6WN/VPfd7pUs4DjQN3Tzg
DA:308,0,0VrYeFORZRT2dw8JeLKY5Q
LF:129
LH:4
end_of_record
TN:
SF:/databricks/python_shell/dbruntime/PythonPackageImportsInstrumentation/__init__.py
DA:40,1,+U3PtE7y8Lf985b6hF2IVA
DA:63,1,1tpWR/KTqPku/6IwDuhfiw
DA:64,1,MjXsj1aquAu6gt+28IhjHA
DA:65,1,8et/tBfS6H3G/q45UNGIfw
DA:66,1,+gG8Jad1hWCcD1yr0O7v+g
DA:67,1,0wG8YqwoLg/uiYPC1MgmoA
DA:68,1,AexTfISHsWDuRw3/PziRhQ
DA:76,1,KNBdTUtfkT+Q5POubTl8tQ
DA:104,1,B/Fo9U4/nMeRNS1JjGZVyQ
DA:105,1,emu8HxPPf+LX2/Fu77ij1g
DA:106,1,ajVbdMOfV3b37FAaHiLwGQ
DA:108,1,uJGa0Mzwp2/UlyBUaexU1A
DA:109,1,C+6D6hyX1Gs+/hpZcnS4dw
DA:111,1,8pOCyGcZi0yZxmDMpB7MIQ
DA:113,1,3JryoX+Qpvl9Ju49wKZh5Q
DA:114,1,tlGW3Z0md9SezfyOfCydtw
DA:115,1,IXinH+nYu80epTlq95v6eg
DA:116,1,LO2XCA/9XrpoMqQyqsMP/A
DA:118,1,nWFulbFy+mLZXddfbtfHLQ
DA:119,1,HRmYgrUgQRrlHMAQ7gWdXQ
DA:121,1,KicnE43Nf0J4bR003Q19EA
DA:123,1,1ZrbNHRhK9bSbQCHCQuwJg
DA:124,1,FFGDjc2mOMoD/3Cp8wp81Q
DA:126,1,v7msuI9Woec/1LqT5BUKug
DA:127,1,9/ATn+tDgwTv153XtZisyQ
DA:128,1,Uk1iEqLYWHwxE4nbWtF0CQ
DA:130,1,qpQwjM4LD6FFFz5VDlOfzg
DA:131,1,cK1UabtsTi6oQ9xD91u0pA
DA:135,1,EJVsneDRWTSjuJbz3pjpEA
DA:164,1,nfOdRZRTnnAxSlw+/QUIZA
DA:166,1,GtDh05hG1zWsHHkxnof5zA
DA:168,1,xjcDBnSwra0OiNOAYAwoHA
DA:171,1,Ho1Vdu5bKyeJhei8YFEPbA
DA:173,1,zFbyFzaEyqxUFiq1cjKO+Q
DA:176,1,aFjoDGtDgs5BVn+jD33XcQ
DA:178,1,rTflEAe1ZyeuAlyALigxzg
DA:179,1,Fp0cm1Nz9O0gp/Eg+hngTw
DA:180,1,I02MU7+ChiDe3Qbaow9IGw
DA:186,1,wOa2qzbX9RiSR0UTqwk0xQ
DA:189,1,JuHwOCFF2OHqYICWETR3JA
DA:192,1,4LnnZjYqvA/cKdoL5bg9wg
DA:1,0,H6h6fNaOJnq2cukL62TAOQ
DA:2,0,rP4JHqAK36dzp9gm59AGTw
DA:3,0,B33RtKIWGc0PEBq81ilBVw
DA:4,0,7Z9Lj4ed27Wf2hBX6jooEA
DA:5,0,mUDsnWRiqW9R9nTILGKIZg
DA:6,0,zyZgoM+E8Ui7MCtwqiF+Nw
DA:8,0,RFyY37t9TRbb6chNtOOkOA
DA:9,0,DbLCqOCoTJT5nEdXOCsx4A
DA:10,0,Jd45P0w0jXO4mMf0LXYT8Q
DA:14,0,FKozhDLQChdwG0FwByPDmw
DA:15,0,TIxvRQhvJY+ZZJD6+fuQjw
DA:18,0,J2AkeRtQUqif6xaajIYs2Q
DA:19,0,VeKIA00pFyBdU48VEnU4Rg
DA:22,0,g+dWhE71njB+xfV9wzjXjA
DA:26,0,CkwfVQBaWqrV00Mqj6tFcA
DA:27,0,3/XjOTtS9JtOYQYjHo25mQ
DA:28,0,nJL22omtABxZC3ENG+s/Fg
DA:29,0,X/NMevAOaTcv1Ta6idoIrQ
DA:30,0,07TR88bXwmxJW3HSpYm9eA
DA:31,0,W1CaWHCaS6lhUjNn6iOU8g
DA:32,0,1GpMgHv+Fa6NOlUsYcW6Jg
DA:33,0,1uytYjDMpiX2h4K26Cfv7w
DA:36,0,BavfgXfXQ/xbKyKZ3FoG2w
DA:43,0,wmTtdxQc9icZGm4Ya3UlNA
DA:71,0,4KV1wO8COxOX5DWeMpQsIg
DA:72,0,ayDPIxQqdA3ZvaIw2OkhWw
DA:73,0,yKiTelrOt7DgaqAyj6V0YQ
DA:75,0,AcLvMpj7zYv52JCcAeAaAQ
DA:88,0,3B9TLJj7mJ5U4YRhKaCScQ
DA:132,0,jcUcrUlQLqPE/0vq4Sa+DA
DA:133,0,Mit16hMNcznEd8lSMy284Q
DA:141,0,V7uRmjj6chiNnyDqZpYJVA
DA:142,0,wWvyVCzDRWfTVXhFZNNl1w
DA:145,0,WDsD6upnFnpjJfdGrGEU+Q
DA:160,0,NQVjhJsv/w3cm6p/LoOLTw
DA:163,0,hyk7yIwiwJ9Z7Go/A7tOSQ
DA:165,0,cCJ9DicFagOC3lTLnMjXZw
DA:194,0,4Q4E4llEHlLocqXoulN4mA
DA:197,0,X1xb1ksOSZoMv9N9YOrJWQ
DA:201,0,/xgWVFkOU9qxO9E8DfVXQA
DA:203,0,l6TjtYHqcNyGECUCc2lV5w
DA:205,0,Zw+woppUMDue3NvdrnLoSA
DA:206,0,KWfb7+bqijPYXCLfoaw2lA
DA:210,0,EaobS9POlhzTY2AWM/e2/w
DA:211,0,cw+ckfrSnrNMeTRST3xPuA
DA:213,0,2VQ/Ew4n6UOQYDK86xsEXg
DA:214,0,6u1KvGUGOHZH7N7pUwtfCA
DA:222,0,v+fX/8iQZYUy11IdQItBBg
DA:226,0,B/Fo9U4/nMeRNS1JjGZVyQ
DA:228,0,w08PBsk/LSdAz/XgAnZ4jg
DA:229,0,2FHLMay6Et+jUnyd9oPzog
DA:230,0,vy6CgW37KXB6tZmtM5IONw
DA:233,0,hE1d6Ac84BtqyZvgJqz5Bw
DA:239,0,sa9K6jEhW1gFJHCCKewp9Q
DA:245,0,Am0HksRld8urV/GBU6fBSw
DA:251,0,CgCc2aI+qwi3Jo5kuEe/ow
DA:253,0,7LMIPlZub2455iYnGrwUTw
DA:258,0,o2QISs/ecStXqbyOss/vAA
LF:99
LH:41
end_of_record
TN:
SF:/databricks/python_shell/dbruntime/bamboolib_hint/__init__.py
DA:8,1,UDg9pLB1LbMfXchNsJlq1w
DA:10,1,N5d1LYWVb7RvJUAgC5WIgQ
DA:17,1,5Kq+GMk8rCOoAosm0PSVTQ
DA:20,1,9O/fJWhB+d/us1cqyBk6og
DA:21,1,3eSd6Bt+5WXXnTICxNph3w
DA:22,1,B/Fo9U4/nMeRNS1JjGZVyQ
DA:25,1,pvgrhPUBO/YNSRb+Vw+muA
DA:29,1,rvnJ7dimCRDoOC4JGVRnVg
DA:1,0,QyytRc+0MSEf0YtvbjE40A
DA:3,0,kMFW6ev6LFxSiswr33wcvQ
DA:6,0,lNFu2YiJiDHoeUqsDtjMsA
DA:11,0,avwLPB2mp7MRP/LWqRd8og
DA:12,0,qjuIcZIQAmVVLg9l24rjFw
DA:15,0,lk2BNmbYYKtf8Bh9tRCpHw
DA:26,0,tMpDIYtN+722ptpGdbChDg
DA:27,0,HEvMYTxRRFYCfaV4+iHlVQ
DA:32,0,exzfMvu6zfumXKGa8eeikA
DA:33,0,IOcjouz/B3Z4EfjKZ3zDzg
DA:36,0,0ps71N7yp4HNkX0IEoVPWA
DA:37,0,cQ8FFk4nyCKhovXyxGXVrw
DA:39,0,f48/j1cD1RNSFO44QYTing
DA:44,0,vtmYBfdYkL8l1KWaIMzoQQ
LF:22
LH:8
end_of_record
TN:
SF:/databricks/spark/python/lib/py4j-0.10.9.5-src.zip/py4j/clientserver.py
DA:236,1,hhoU1LLuNsZLFYA8vT1Lcw
DA:237,1,VnxZaPHtB3YvTSxDbxE/8g
DA:262,1,Hef95gckqNltcT5nJNqZcA
DA:263,1,xjcDBnSwra0OiNOAYAwoHA
DA:264,1,fpDjujcDTgqjJsseqR8VdA
DA:265,1,1cJ+jHmd+NtI0buIQEV+2w
DA:266,1,lPQozRKHNrrzRDsqiO8Qrg
DA:269,1,glR5p3iPGrYQFzlSm9HNrg
DA:272,1,B/coPGWJlof4GWOGYebQqA
DA:274,1,xjcDBnSwra0OiNOAYAwoHA
DA:275,1,cu7VpT5BCBhb69LHFMKuYw
DA:278,1,hRiTWHPklTVF5S/EqkVROA
DA:283,1,ZxpSS86My60w9fZxhJMgRg
DA:285,1,glR5p3iPGrYQFzlSm9HNrg
DA:501,1,ZIdnK6JZwCMtKgDadSzPCg
DA:502,1,xjcDBnSwra0OiNOAYAwoHA
DA:503,1,yQvSKS53ItX4qb6d1k5WNQ
DA:509,1,xjcDBnSwra0OiNOAYAwoHA
DA:511,1,qJiaQ8jAY+cI2IZ9aSPzEQ
DA:512,1,31965BtbICmmp/mROZJ4pw
DA:515,1,ebpPJtDfxpWATN7PmKQyTg
DA:517,1,0v1cxFS4C9nj786uiRrMUA
DA:518,1,sZaKxNa0rurxOQ+iqHdbdg
DA:2,0,slUYUGXs2eGPAlZYyVB1TA
DA:10,0,HfFRzeWgprazI4DXwb3ZqQ
DA:12,0,QNcJDlMkbcTSzCKOk/zkNQ
DA:13,0,EZEzNmL93PY96zsSuI0PfQ
DA:14,0,LUq4a6TGTefcSy4pK4dMpw
DA:15,0,4QjxiTB1ZUYFeWOh43hUEQ
DA:16,0,4KXOIu0EzlFAqlH6QJ+whA
DA:17,0,8/DPjtWdo8z1/SINFFKe8w
DA:18,0,bCilR3McFjZmd5pwfbTpqA
DA:20,0,98kU7E33f5A6WDW1Lz79uA
DA:27,0,i3Ujj9N8P0EFPDich2JO6w
DA:28,0,c4FCB3m707jhFeeAoZbPrQ
DA:33,0,7lTiNQDS1UJrZ5e8PeLtUw
DA:36,0,0M48AQ6WtL0WgF98Mn6ouQ
DA:38,0,q8yWBaJvjAqn0LLs62OcYg
DA:41,0,DIg1Ncl4PshOJxa3UMwx0w
DA:43,0,eTzuW1McVDrUWEyeDbd17Q
DA:44,0,yTQ2ni40MGB+vuwHK2s4Yg
DA:45,0,LiqIKZMKLLfWKGIq3nIdxg
DA:47,0,YbuKLXfOfK889Jve4fdLkQ
DA:49,0,xvWIcpcyNr0gyGcTkdMxXw
DA:50,0,acnIP91q9G9Vd+1/KEqQ8w
DA:51,0,sEmQg4HZNcVKxcTokRpxsg
DA:52,0,bILj4pY/pxwJC6+WfN+YlQ
DA:54,0,sJPY4LAwI4vukt0whU/0Gg
DA:55,0,PTtbLFNbxmaW2C8ZhwLjlg
DA:57,0,IIUWWaQJeLUnRgPlfdm/mA
DA:58,0,wNe2CPk5SGemi27L5cVMVg
DA:61,0,Qu8QTuKXT8T4EykGAmBahg
DA:65,0,4LgMgWBGno1n5MNJ8WRFsQ
DA:125,0,j9o/P24JKR5buRldNGC7qQ
DA:128,0,inhe7K0D2yNeA7OrPQGkNw
DA:129,0,5cYhJgs60HqOdOBC2h01sg
DA:132,0,C7FCXlLVD/b4ofE8VqFebw
DA:137,0,4LgMgWBGno1n5MNJ8WRFsQ
DA:192,0,MHDrtSiNgI/p8fOM8CYGjA
DA:196,0,inhe7K0D2yNeA7OrPQGkNw
DA:199,0,xyl8bcoqTmnUqgg2YhodBg
DA:206,0,4LgMgWBGno1n5MNJ8WRFsQ
DA:222,0,jhPwXNUArYoEPteIgD/59A
DA:225,0,flrM/qZIcotV8lR6TFZiig
DA:226,0,5pG1oVd/HxckxbIj2K/2lg
DA:227,0,xdMfU0D+z5HlPXKg41yLDA
DA:228,0,MwEp8LdjIIcWW3YoUEkcnw
DA:230,0,C64qnVJlmwAbgObYpDbH5A
DA:239,0,9dtj15ZauQdc0qfVRwDgsg
DA:241,0,mwHe/dD+6tcwzFs9ebRKQQ
DA:247,0,GgC0ow24WgSNnNG9b3BXNw
DA:248,0,QpGJBWHL+ilC5N/4k1+QCw
DA:250,0,slKnzSTIzIU7/SQm0U3pRA
DA:252,0,PQbqs9tSHLJRJ4qWPLkbjA
DA:253,0,xjcDBnSwra0OiNOAYAwoHA
DA:254,0,WX+9eUw0vgL7ypxhFYOlFQ
DA:256,0,48J5/V/bMtE3CU3cmpVS+g
DA:258,0,0OnR0YTJZ+5yv7MdHfUkTg
DA:267,0,TulZRDVyZgwaluSyPp9m8w
DA:268,0,B+ZJQ8zBxPMiDZhsnR0Fag
DA:271,0,5VyNcly07G5BnUJM0u04Qg
DA:279,0,MQAw7ryZXIqoa+XVvQuYKQ
DA:281,0,B+ZJQ8zBxPMiDZhsnR0Fag
DA:284,0,xk4y+5OJrEMstrzPszkYug
DA:287,0,IhtqXxvpu46njK7M45mVsA
DA:288,0,aiWSOcuBMZauImLAa79eVA
DA:291,0,EzOfKOOB1m43ZmENlH3HoQ
DA:292,0,ZFqnpCk5snDoKK6rPY5Yig
DA:293,0,glR5p3iPGrYQFzlSm9HNrg
DA:295,0,/DGGMXyoOTY67staby8WEg
DA:297,0,MTD+8Se7zAiI24urwJaDGg
DA:299,0,MkERsiYX4Zygb+mql5QoZw
DA:302,0,N5IaDqtLeQsHgclTIdDedQ
DA:303,0,JHKYnzoLZnpm88enJrFqUA
DA:306,0,8EV49yfhQd+FAUnlx1G1PQ
DA:313,0,WVkk3YLt/d7/MQyZ+pvmRA
DA:314,0,I4Uej840plwr7ciJyvDTQA
DA:318,0,PeXmyJWX5ATpcPZMYWUUYQ
DA:319,0,C/T3gsQ+7hdcPZ8rkcJvyQ
DA:321,0,goRP0jEKemAnZkdk2xCi6A
DA:328,0,nOPgSnoHVzUeOpP9UalmXQ
DA:329,0,n4sQaMOpSiIhKSAX+5lSCQ
DA:330,0,xvWIcpcyNr0gyGcTkdMxXw
DA:333,0,0cqU3QQfZVkNdYnoq7bNiA
DA:334,0,73DqMM/tqQHuZOmnv6mLRw
DA:336,0,dquiAd0b6I3SPuVFJDK09w
DA:339,0,FHTvs3tPeAJFWklkdjMCwg
DA:344,0,ky6YrnxGyCOeVNJiuiRLtA
DA:345,0,wWvyVCzDRWfTVXhFZNNl1w
DA:348,0,y51Dsu6nC09IY2Pz+ia9gQ
DA:352,0,4LgMgWBGno1n5MNJ8WRFsQ
DA:366,0,kUVU5yTTMYIo78IWsV+tbQ
DA:370,0,flrM/qZIcotV8lR6TFZiig
DA:371,0,5pG1oVd/HxckxbIj2K/2lg
DA:372,0,gNsbfij48eIbznLODg0aew
DA:374,0,Is+dqhaBgsuE/2K+V4aYdw
DA:375,0,aiWSOcuBMZauImLAa79eVA
DA:378,0,1Obx2YR5rwdCzyqHYODp/Q
DA:379,0,glR5p3iPGrYQFzlSm9HNrg
DA:382,0,itUOgLjj4yLu8m6Y1bsu0g
DA:388,0,4LgMgWBGno1n5MNJ8WRFsQ
DA:405,0,flrM/qZIcotV8lR6TFZiig
DA:406,0,5pG1oVd/HxckxbIj2K/2lg
DA:409,0,hJlRBNygyRKOLDK2fYrJgA
DA:410,0,3CyqlRKMIytrF2jZ0OR9Og
DA:412,0,+E+NvhyHVp+qtLegcGzppw
DA:413,0,wzJd58qHGC/11k3mEuyxmQ
DA:415,0,ytGMVKduc5Qd6pltQiPeIw
DA:416,0,8O71Jw9cXxYtGda+IGNcBQ
DA:418,0,+ZmMLlyspwwX0oISXlNNcQ
DA:419,0,px+Bs7pBpt0l4GW+IX6pAw
DA:420,0,/oXIZ3ntq/ld9lFWArKXvg
DA:421,0,gNsbfij48eIbznLODg0aew
DA:422,0,AGJ/XkaanYftIyxxW13zHw
DA:423,0,4ek7SpYbFCUZ2G8zlTDbBw
DA:424,0,Cxvin0EiFgywMM/S/vZbLg
DA:426,0,NV0XT7fOVzXRb5raZo9JhQ
DA:427,0,O1RMa8XQxRdNBl2pqBq4fw
DA:428,0,l7CM7Twl1mKqvKS9UkTlxw
DA:430,0,7aaksWD9Wm/CJ9IrCksTTQ
DA:431,0,xjcDBnSwra0OiNOAYAwoHA
DA:432,0,cLTHDpNZKC7L3u8DtG4axw
DA:433,0,YTXM8krBQocLH3ecrguvuQ
DA:434,0,hQwjGqkdvMMrMuc/LLervQ
DA:435,0,qq1UK+CV90Jl2hDq1tXvDA
DA:436,0,jFwau+/1Io/1cyHrT+JEYA
DA:438,0,jKuJ7ELt5mN8YTPMw7HUJQ
DA:439,0,NRKddvfShgCDrZpYhby/OA
DA:440,0,EoZeAmxGEyd6o7EKqseK+g
DA:441,0,+CNPVmvLjbZQ7I9LREjj2Q
DA:443,0,FEnpYi7upvuF8mOLy7AjWg
DA:444,0,MsyzqgcMj7RohjAmhr1qkg
DA:445,0,80Yji2eYLSvRTHsP5Oc9VA
DA:446,0,pA2L+MEoi30iRUBhv7S6Ew
DA:447,0,NvVxGrDiJsGH6QhWsv4EYA
DA:448,0,o7tvNiq40uwo8eP+lY5kyg
DA:449,0,PbhXYnCQUWUhpD3XBsWjFQ
DA:450,0,pA2L+MEoi30iRUBhv7S6Ew
DA:451,0,NvVxGrDiJsGH6QhWsv4EYA
DA:453,0,nSWFUlWOc37xm0gI8dk49A
DA:454,0,4baxnan3wgDwanI7H73New
DA:455,0,1ZG1AWDC5Zqg2qV0EeMbUg
DA:459,0,motXVFPPUSqiprJ/vjSslw
DA:460,0,v8kc3zlIBzYXgXQTZmmxPA
DA:461,0,fDEwemryDoOYBl4VpLOeug
DA:462,0,qlxAe1UjnLHj3XRyBvKh7A
DA:465,0,+wS8ZQYMv+T9owCEV/QR1w
DA:466,0,cL/HZJGUKYx/5Pj9DHhTug
DA:467,0,0LZeb2nAD308V8waJvRAMg
DA:468,0,QKD625SwiufRUW3L0MWHKQ
DA:470,0,PQbqs9tSHLJRJ4qWPLkbjA
DA:477,0,EI5jb9ouDvIU4++EIcTufQ
DA:478,0,cvEi9g2A4YmE3EbpF4TPqw
DA:480,0,xjcDBnSwra0OiNOAYAwoHA
DA:481,0,XUycONbb5y5Iy4i3e52OQA
DA:482,0,tomL4k0tWrcvPXO0hcpnFA
DA:484,0,PbhXYnCQUWUhpD3XBsWjFQ
DA:485,0,o7tvNiq40uwo8eP+lY5kyg
DA:487,0,RvzOFL3+kLIW+y1yskm9MA
DA:490,0,BQMQdXvZ6t0VsbW4SPgndQ
DA:491,0,KljDV/bOMIFKqjmxSbqr5Q
DA:492,0,XxVKjN1/8f+Mf2+PBMheEw
DA:493,0,bhzZtvhqzek8CGElWsxFgQ
DA:495,0,YbuKLXfOfK889Jve4fdLkQ
DA:496,0,jnZ/OhlzzpfGlh4dDSfg1g
DA:497,0,2Qg0YioRFykwGPCyLM2ibg
DA:499,0,8uo54Fav2k4K5AnhUyX1RA
DA:504,0,cCzhnT+1tmGi11b28Pmfwg
DA:505,0,3MIXBJXeOUOftR/aObM7ug
DA:506,0,x7eKIGmc+25b0ADqH0hY+w
DA:516,0,HVwqC7Q8ptX2pfyIZ/EtQA
DA:520,0,b4vMbs2oGYpRXNn3NsH8PA
DA:521,0,JzTIynHIcz5/lG/pTYh5pw
DA:523,0,Uw529pobSu47COxjI9HuKw
DA:524,0,DzR4WM5piG8CcObhqfXxgA
DA:525,0,ox9ccAOUgVxA68fKBJ9TGg
DA:526,0,Hc3ZHOl/3m1o7FbWFoArCQ
DA:527,0,FLbBLfNFPNYt2THO/ph+8g
DA:528,0,HjOwhhxNucDmCkNnWS1Pkw
DA:529,0,VpoD/RpNL8SejOzsTBmObQ
DA:532,0,qvLwxzpQ68o5SVLRtu0aAg
DA:535,0,VpoD/RpNL8SejOzsTBmObQ
DA:537,0,cCzhnT+1tmGi11b28Pmfwg
DA:538,0,LuNHfY0q9Esayie17Vv7zA
DA:539,0,x7eKIGmc+25b0ADqH0hY+w
DA:542,0,gIsJOsfC1OzfsAIGAhKRzg
DA:543,0,SP/eZTSz9o+6jq8joxEXJQ
DA:544,0,IUxy1MG5BtdtNe3zh32i8Q
DA:545,0,MnzpXe1veqpfA7nIMRo0OA
DA:546,0,TMlXpuWbOSTWu6ht64egzg
DA:547,0,WixMaKUv8afz3HDNYCP1Qw
DA:548,0,vcN1J1BEEBGU567Uda2urA
DA:549,0,TaHePa+3AHmxV2AbIFrHng
DA:550,0,TADXGFGPWvtiQprDyxPiXg
DA:551,0,zH4mYwIJnI/xeL31ByTGtg
DA:552,0,ajexfJkAE16Tfnkj17nTlg
DA:553,0,px+Bs7pBpt0l4GW+IX6pAw
DA:554,0,/oXIZ3ntq/ld9lFWArKXvg
DA:555,0,WQ/UXHZymeMSPSvIEk/KgQ
DA:557,0,a5ENdx8qYeQ404kzlo34lg
DA:560,0,ECLdIQcfXC4OoxJVd8rSRA
DA:561,0,XXdf7a5oWO+YCsOA26ZZiA
DA:562,0,gKinBkanlQyV0SuFfW+wtw
DA:563,0,4ASPC+yLhiHfMwO342s13g
DA:564,0,xjcDBnSwra0OiNOAYAwoHA
DA:566,0,szcKSTnQ+GT6xGlEKfXYAw
DA:567,0,npBuX6596fw2GpNVe/n2KQ
DA:569,0,a8BE07eNTSpFaEwgcWdh9g
DA:572,0,eqbXBPv2ES+sqKXPKY+Ruw
DA:574,0,Rq75D6bbBO+dcsW4Qthp5Q
DA:575,0,oKf6uZJsDDULvdIoAPp1KA
DA:578,0,mi7DH3654N75bOX2DDCs9w
DA:579,0,bILj4pY/pxwJC6+WfN+YlQ
DA:580,0,bgQyqUHVx81PcBx7z7be5g
DA:581,0,zmf1EEWGV8coVsFTvgnPZg
DA:582,0,1+se07KylM2lAMjvodGmLQ
DA:583,0,uSp8ZJ59x8dBvYKn2HC7Kw
DA:584,0,frJ1alB1Ix2wlwDIhqf9rg
DA:585,0,gDQwwoo8XnzYTNKVpe8Mlw
DA:586,0,n0yNJ80f2K7lJW7d45bjwQ
DA:589,0,isu29kPdOpjHpv/1+gw5Iw
DA:592,0,n0yNJ80f2K7lJW7d45bjwQ
DA:594,0,MsyzqgcMj7RohjAmhr1qkg
DA:595,0,ueY0uaoVjg+iK3b4MZHn+Q
DA:596,0,nz1xh+sOfjysLMgrKHjmLw
DA:597,0,rcSQazt9Loq62oYDvMaFbA
DA:598,0,ueY0uaoVjg+iK3b4MZHn+Q
DA:599,0,pGEmfpbuIxMV3wjvoG4GNA
DA:602,0,o7tvNiq40uwo8eP+lY5kyg
DA:604,0,pGEmfpbuIxMV3wjvoG4GNA
DA:607,0,86oQsAIjQRaFY4GqRj4U9g
DA:609,0,rb2wIcyqre1eLzYWKtXG3g
DA:610,0,SuDxPhq+3IwOip4aKBDs4Q
DA:611,0,l1zDfSkXvG/YOSm95dpbbQ
DA:614,0,xjcDBnSwra0OiNOAYAwoHA
DA:615,0,2oJPr0Gvuh8TOcoVo4A+mA
DA:616,0,aiUxksdGEF00yDX1/cp+ow
DA:617,0,mNU7yayWYgGGDerR1vwmDA
DA:618,0,NfW2gVqII3brhyhSeK/INA
DA:620,0,cCzhnT+1tmGi11b28Pmfwg
DA:621,0,FKKPZrj+bE8Pefj1d57Zwg
DA:624,0,Q9q1gYiZ02ZdbJq2JsSJWg
DA:626,0,3JF24hu6aUCKPQRIoPqI0A
DA:628,0,tI1OJFq7GCLEJfjHfDEAUQ
DA:630,0,l1zDfSkXvG/YOSm95dpbbQ
DA:633,0,q46KiCpuoKfnkBtsInEoIw
DA:634,0,V9kmgqLJA48/+mY9r/ff7Q
DA:635,0,xxEwKTS5ROSFXYloVxtKtQ
DA:636,0,OQWRuLR0G9004C74VrDwOQ
DA:637,0,gDk+4Zzb5aTiZzB9wUmBhQ
DA:638,0,ytsEC+QVw/tSbDQEJIhq5w
DA:639,0,Z0GYL0nykCZHmkA1ohzu9Q
DA:640,0,WoGK0qntVcds/C51IQHxJw
DA:642,0,goRP0jEKemAnZkdk2xCi6A
DA:646,0,EpHlQwHaKaJyl+E7ePQheg
DA:649,0,XRr9fP6C+nztVdsm3dweRA
DA:660,0,4LgMgWBGno1n5MNJ8WRFsQ
DA:673,0,5fFzaM/BipaK+ehEqKjr+g
DA:674,0,oXpgOKATLO1E+9lgTv3/tA
DA:675,0,beC2p6WuYRm/dkzKLf/GMg
DA:676,0,JcgQ4li4N6frhTZ1AX30HQ
DA:677,0,flrM/qZIcotV8lR6TFZiig
DA:678,0,5pG1oVd/HxckxbIj2K/2lg
DA:679,0,XSdGD154nnMglDvQVs1v1Q
DA:685,0,ln1lFecX4pNAOVBZfgOYIA
DA:686,0,G4UO2+aZyk7IKko4nEDvNg
DA:687,0,Duna8lI7ugCxrLd3g+O4Og
DA:688,0,w4j92QyEDHNGylnH/gbeXg
DA:689,0,WirDcAdaOEGxfpPTDIiWbQ
DA:690,0,6b4THpip6g1HVeo6YOAusw
DA:692,0,7d0OJRmd6SreL7EqsvoZ+g
DA:693,0,phMuiDlrXvrg6O79pv2bQQ
DA:694,0,xNf9i2QBIxTpyCf+K3oFAw
DA:697,0,CG/PBFM3JibfUxc9BPjw5A
DA:699,0,JVI62NiReI0xA8uutjUAvQ
DA:700,0,k50bdzh/ahy1d+6YdG2hYg
DA:703,0,38StYN2F4qSWQKwPMMxWSg
LF:297
LH:23
end_of_record
TN:
SF:/databricks/spark/python/lib/py4j-0.10.9.5-src.zip/py4j/compat.py
DA:93,1,cPDeyWqLAI+o6juHTAgYnQ
DA:96,1,t32LgZo6s+CSAKW0EtfbTg
DA:114,1,At4xdXl7jeGUgDT9N/rWIg
DA:2,0,1+9wdnNK6ERHmSA06tdyPQ
DA:7,0,HfFRzeWgprazI4DXwb3ZqQ
DA:9,0,o7XN3CMj67n397EmDP0M3w
DA:10,0,mUDsnWRiqW9R9nTILGKIZg
DA:11,0,H9bPs4og7Np8TOcsyfUt5Q
DA:13,0,HKiNrvPuG1AO41JQ7/XIMA
DA:15,0,L2QXjxQvbmM0Yy40XWL/YA
DA:16,0,5Ugm90jEIsplWoS+CoH0vw
DA:17,0,SakgxWiwd74CqzdK0kc4uw
DA:19,0,mpqHakfy2kwczitUAW9reQ
DA:20,0,LtSU8cLWoT0GXwOQYnsQPw
DA:22,0,5Ly1f1K8BbOHg6pcj0q1PQ
DA:23,0,B8uwELm/4JBHZ6d6gdSjjg
DA:25,0,nRaBEx/wyCSLmHbJEwoksQ
DA:27,0,ZDRFZT1KehA0TDXFVbfCPA
DA:29,0,IqD553CTdmv/hSDj2lkdhQ
DA:31,0,/Dea5fXHecU+UP2vIQRY/w
DA:33,0,r34NWKeedbzmsb377KJNGg
DA:35,0,7IUH7t1/ipB7c3JKM10maw
DA:37,0,leKo4MMz1Z8kRFvFxQ2+LQ
DA:39,0,yUcwwbghxW2VR8N80ISVnA
DA:41,0,WfcELHElgH4MHXhQaiGCfQ
DA:42,0,eXMVsdIGtkyKo8BHtaidNA
DA:44,0,63p0UC8lr6/aD7WBNmQIPw
DA:45,0,W/g8GJDAYJkSSurt59Mzfw
DA:47,0,yggwMrHKEeO+pNNZo8JSBA
DA:48,0,t32LgZo6s+CSAKW0EtfbTg
DA:50,0,Zjc96jSxw0rnzhJms6fA2A
DA:51,0,TpWN6a68p+LmvXDpC7B8CA
DA:53,0,OzSljiVCaXKZZbmkj+lF3g
DA:54,0,iX7Q3CYbMsKz6tK3+NbOAQ
DA:56,0,f8vFdsPfiFmb/ZgdSCL0Dw
DA:57,0,iX7Q3CYbMsKz6tK3+NbOAQ
DA:59,0,v93+SQca6BGwMvJ5G6Oj3w
DA:60,0,hcqPITBM9FTiMZU893z3Yw
DA:61,0,tgRBkpTr5jVivPtH+igTyQ
DA:64,0,5Ugm90jEIsplWoS+CoH0vw
DA:65,0,iIEkUTPH6jUghtABu+++tg
DA:67,0,mpqHakfy2kwczitUAW9reQ
DA:68,0,SakgxWiwd74CqzdK0kc4uw
DA:70,0,ZyVH2CEaTUDSpqk4Kg9Bcg
DA:72,0,Ag8bJJPzyyoDXC2z+K3e4w
DA:74,0,twAYLOhTXyrtuiLjxNmfUQ
DA:76,0,jgOnELKvO/jXkXZkSxYhyw
DA:78,0,YcSsSHRQD0a1wh18wiISiQ
DA:80,0,2tP4NPPIXS8wXqpREA9l0Q
DA:82,0,QLBEuxWW6TNPDk6sXIURPw
DA:84,0,CHcuWnLzquQHWrMiJw9Urw
DA:86,0,3O9MBRMr+VMGJtAIs3c74Q
DA:87,0,IhPdYPFEUy49z71aaBGePA
DA:89,0,WfcELHElgH4MHXhQaiGCfQ
DA:90,0,cPDeyWqLAI+o6juHTAgYnQ
DA:92,0,63p0UC8lr6/aD7WBNmQIPw
DA:95,0,yggwMrHKEeO+pNNZo8JSBA
DA:98,0,Zjc96jSxw0rnzhJms6fA2A
DA:99,0,iX7Q3CYbMsKz6tK3+NbOAQ
DA:101,0,OzSljiVCaXKZZbmkj+lF3g
DA:102,0,A1gfNHoDpV4EfRSXICDQXw
DA:104,0,0azSr8LgTH0yjOvxdDSBFA
DA:105,0,UcUYZxxv+36EyyGy65mWMg
DA:107,0,pmpT0DfVCwTX3yYsOBgRrA
DA:108,0,MMDXEqYrxqSnyL1ZFlvnYA
DA:109,0,0kY0BzqanAO0Hob+iQbtkA
DA:112,0,mnmVLasepxl/ZzuirFLKYw
DA:113,0,+Gb+oId8Ymwd4arIzvfiBg
DA:116,0,09K4lZnNT2Lku4uvjkQp4w
DA:119,0,o4Xdsxn7xBsc+S8lglZgqg
DA:125,0,uGUl/8ln5/u2N7ovgzVIXQ
DA:126,0,878W5esBdTgtu9uRVNR8uA
DA:127,0,xjcDBnSwra0OiNOAYAwoHA
DA:128,0,1b4kcgJP8T2KVRDW+8Blqw
DA:129,0,Iyc7OFdUwu47XssfhAqplw
DA:130,0,B+ZJQ8zBxPMiDZhsnR0Fag
DA:131,0,PxgnViR53draGfcGjz4cAw
DA:133,0,7D4eJEf/CuT9+6LSIrcR+A
DA:134,0,siHwzZYsmAlIFdD+nnWbZg
LF:79
LH:3
end_of_record
TN:
SF:/databricks/spark/python/lib/py4j-0.10.9.5-src.zip/py4j/finalizer.py
DA:42,1,3Ng8VyRpeejU7NlzUxWPNg
DA:43,1,+t6WwplAQVVcldxjolTZOg
DA:52,1,3Ng8VyRpeejU7NlzUxWPNg
DA:53,1,nWBz/bkx0EMajVqq3lh8VA
DA:2,0,1+9wdnNK6ERHmSA06tdyPQ
DA:10,0,HfFRzeWgprazI4DXwb3ZqQ
DA:12,0,lgAjBIwTOUGhjUwminrltg
DA:14,0,IkLDVrJBAtAxym1VE1HNsA
DA:17,0,s/GigbrQavodtekTBqLG+g
DA:32,0,RwLWc6mmi2p8Q5ILRmD5EA
DA:33,0,DLf/ezmwpXWSbLF9VNwYBg
DA:35,0,Nnqu9X+lU2lagW39QNhFWA
DA:36,0,DCJmkZNn5/wuGRqhIP6frg
DA:45,0,Nnqu9X+lU2lagW39QNhFWA
DA:46,0,pLMBy3bxuU2KVyQnPl17ZQ
DA:55,0,Nnqu9X+lU2lagW39QNhFWA
DA:56,0,GW4xzR6uFyx3fmsVVaTlgg
DA:63,0,3Ng8VyRpeejU7NlzUxWPNg
DA:64,0,jSnjre1kQ2zip8F4MjPmDg
DA:65,0,qqQFFMREyln9TS2se34M0g
DA:67,0,aKi7AiJwa3WEbPOP8BXehw
DA:68,0,DkN5Q5DW3UsHaVE428KLXw
DA:69,0,cYcyM8plbIQL/V6ZyJS/7g
DA:72,0,AcV9jZ0s/tbmWUALYZA2Iw
DA:87,0,RwLWc6mmi2p8Q5ILRmD5EA
DA:89,0,Nnqu9X+lU2lagW39QNhFWA
DA:90,0,DCJmkZNn5/wuGRqhIP6frg
DA:96,0,IBLufHgLVbThly8CojBlTA
DA:98,0,Nnqu9X+lU2lagW39QNhFWA
DA:99,0,pLMBy3bxuU2KVyQnPl17ZQ
DA:105,0,m7OriU3ScBqODZbTTSOsxA
DA:107,0,Nnqu9X+lU2lagW39QNhFWA
DA:108,0,GW4xzR6uFyx3fmsVVaTlgg
DA:116,0,0HArRFydziElzPu0wPad2A
DA:117,0,Y7bFPd3Dk7oPEx7W6SLpCw
DA:119,0,PzeYPWhYo+YhXMWAvgwtVQ
DA:120,0,LQF8IgtQEW7M8A7OGbGoEA
DA:121,0,w287wrd2vusA6MjnbW7cXQ
DA:124,0,O+OUkUnOcbaeyccnNaKOng
DA:133,0,SIviZ40tKXo1BBITIOZC/g
DA:134,0,tc8xQYxMc+oqdSe1lHkxyg
LF:41
LH:4
end_of_record
TN:
SF:/databricks/spark/python/lib/py4j-0.10.9.5-src.zip/py4j/java_collections.py
DA:75,1,OFApIBoP2nToakXrSVcFsQ
DA:76,1,xtTEMGA4taUUnRBPmI/OBA
DA:82,1,B96MkITq3utjCezF5Psgzg
DA:490,1,MgVmavhKtT2zK0GrfXEShw
DA:504,1,W5GccdD/1sDZFyofN2KipQ
DA:517,1,CpvNQwHWXbrNjB346S+xJA
DA:520,1,z9e22EcJ2l1HDm1TAKKFNw
DA:521,1,Culj67hyI40zsjM77QsncA
DA:522,1,vtG9msHglLG1ETTNaVr0dg
DA:523,1,SCK/1wb/Ao41J9Iisq8Nqg
DA:524,1,4B5+Y76Qk34uiAHgYla3GQ
DA:531,1,qwUbb4XQbrzh8GPZZKvzUQ
DA:2,0,1+9wdnNK6ERHmSA06tdyPQ
DA:11,0,HfFRzeWgprazI4DXwb3ZqQ
DA:16,0,RuZ5KcncCoRYUb0REMXZIg
DA:18,0,6jtON4nglVo+qYiRcCYDAw
DA:21,0,eCH+TKaNn426Dr4MaJa6Bw
DA:23,0,FtDbaPX6wHDrIJKwZCpRMg
DA:26,0,mUDsnWRiqW9R9nTILGKIZg
DA:28,0,J9bdqiHXOxLwDNPdaXzgFg
DA:31,0,+NRM1ZxzrWHhtoeRsD6EzQ
DA:32,0,i3Ujj9N8P0EFPDich2JO6w
DA:33,0,c4FCB3m707jhFeeAoZbPrQ
DA:38,0,pEs3gmS5+KNepqfG9havGg
DA:43,0,woPaiP7TWv6R+RjNqh+cyw
DA:44,0,OFApIBoP2nToakXrSVcFsQ
DA:45,0,ksEItjNuSv0yBCkdKSJKgw
DA:49,0,14/FJ08LgnjasFiR9+VXyg
DA:50,0,ackOWdJx2/IgtB/ELuvQJg
DA:52,0,5cDUXPlIJj5DXUGQW0F5kA
DA:57,0,AKdkMTuNyv+rsw1cPiumCQ
DA:58,0,wVPU84THU4k7hfv+vCga3g
DA:61,0,xjcDBnSwra0OiNOAYAwoHA
DA:62,0,mcBjwVPddZhociK++RrFlg
DA:63,0,/sjRZ6T6RCtZD82HVY9vWQ
DA:64,0,mHhF3nABSfhNUg8xsC1tLg
DA:66,0,QMn5RVQVJq5QCMrCZs9FTw
DA:69,0,Fp/bOdKpYupmxxOwaf6UPA
DA:74,0,woPaiP7TWv6R+RjNqh+cyw
DA:78,0,K+dOV80AkMIXxBa6OFnpNg
DA:79,0,XmjcYQBunq8NgmO+blMxkQ
DA:81,0,lLDvLusKeokfEukYbUDygA
DA:84,0,NhwiEFYxgSItKkKpG1x/GA
DA:85,0,j+LuMw8uk/1CA0moc4uzwA
DA:87,0,gH5g2wgv4rpvH/ADqE3YEw
DA:88,0,DZZkIUUhpa/o8QtRelAcaQ
DA:90,0,14/FJ08LgnjasFiR9+VXyg
DA:91,0,K3zEVcbHNwKlXyc0l3TzBA
DA:93,0,uYWo/35LMbO4+n6OYU2/EA
DA:94,0,/ajV21Io9YwbgDZUwndajQ
DA:96,0,j+CcxAIEiLeqjzkbiEHnZA
DA:97,0,nDe9fLtFqkSYiag0qUYEGw
DA:99,0,leWPu3a92U46XgI3/MVg5A
DA:100,0,kujjcS6vK+a3GwUybQixeA
DA:103,0,gPg9k/fZE9OalsjZXTPiHw
DA:106,0,DmDkkzy0F4t+f6OhxT2OuQ
DA:111,0,/oFzvSAT3u1kgvjVkVASTw
DA:112,0,Oh/Ym+dOuhzWTVHQx0zScw
DA:114,0,woPaiP7TWv6R+RjNqh+cyw
DA:115,0,OFApIBoP2nToakXrSVcFsQ
DA:116,0,yH7tJuqpYHcOQYtn7LSpJg
DA:117,0,0Bw/bo9p8cphVCF9VyH5sg
DA:118,0,1l19fn+hl/gW2pPXp7WDJg
DA:120,0,nTWFoqSRNpVdcbpvFZ7C5A
DA:121,0,5pVvDnUiV8Mngl5w/Wr4cw
DA:123,0,ppx5fulvpAe5dvO+5ou6MA
DA:124,0,CzEG6wD/NqVhxNFCc9+DKw
DA:126,0,gZwwRJsfzkp2Lw2xb3kaeg
DA:127,0,GibWkx4PktiqtpGL5XO5NQ
DA:128,0,4G+/tseEtZxuCiuVdoZ8kg
DA:130,0,Lx+ERE1etIxDdC1NEesjsA
DA:132,0,9KxkZRtFQwuFRkFZnMBA6g
DA:133,0,HFWYgDrc5pXpBibGvOEUAg
DA:135,0,NhwiEFYxgSItKkKpG1x/GA
DA:136,0,j+LuMw8uk/1CA0moc4uzwA
DA:138,0,14/FJ08LgnjasFiR9+VXyg
DA:139,0,nXGL1OPuSNf14Yw/cdTl5g
DA:141,0,nDh+qk8MSblD296qHH8R+A
DA:142,0,LjHkyPfpFEEb05y4H074zg
DA:144,0,j+CcxAIEiLeqjzkbiEHnZA
DA:145,0,nDe9fLtFqkSYiag0qUYEGw
DA:147,0,leWPu3a92U46XgI3/MVg5A
DA:148,0,skidksB9N/FZSROjAntyMA
DA:149,0,Yhh9EV5pTHVQsU6uKkTN0Q
DA:151,0,PNk95FFA16duUKiDsV69lg
DA:154,0,/FLQQO6awSdF3cEkLBh7sw
DA:162,0,woPaiP7TWv6R+RjNqh+cyw
DA:163,0,OFApIBoP2nToakXrSVcFsQ
DA:165,0,GW1Ypi3JxaexWPZkb+yhnw
DA:166,0,Tzhp7lZP5UhbWn19HefGpA
DA:167,0,R3jFiNURSjvTc3AhCjfFJQ
DA:168,0,mDbfdnNB4UkH2+DSkggipg
DA:169,0,VXUpHviBCkVL+bjNNIMmzQ
DA:170,0,YFXpbS2oEKPjSJv0AdnBrg
DA:171,0,c1obP/EcUvKcMy4dVlSPdg
DA:172,0,GgnXWASWkFhEfiq8cwUbJQ
DA:174,0,1lLUkhoK9LMM0EdaYIaXhg
DA:176,0,PZYJfHNIhbS1hN7VkBdRXQ
DA:177,0,XBI+PfGFP8c//+0QuOIGaA
DA:178,0,45YodQPMfnxxGbKtqykO7A
DA:181,0,Y1KuUEmECtj2u95WCVYHRg
DA:182,0,RxzS2bPH/Z/Xnc4shYsW0A
DA:183,0,kY1ZEny4kXg6nmG0bww0uA
DA:184,0,7SIEHZGXtrrtVjX5DqPMEg
DA:186,0,G4Elt9tx3bpjJr9uF28+hQ
DA:187,0,45YodQPMfnxxGbKtqykO7A
DA:190,0,ISeoa8zIgP7YRvUa+GQjJA
DA:191,0,IPe4JcH4X9D1Fhb49aP8KA
DA:192,0,RxzS2bPH/Z/Xnc4shYsW0A
DA:193,0,kY1ZEny4kXg6nmG0bww0uA
DA:194,0,7SIEHZGXtrrtVjX5DqPMEg
DA:196,0,K+dOV80AkMIXxBa6OFnpNg
DA:197,0,PeyVNr+mYO2pPg0WdO8KwQ
DA:198,0,g0GKYkTcWDI1hZVNicOpkQ
DA:199,0,/7xVwX4MaLbYP2AbTSvMVw
DA:200,0,05+2Bzfb7LKcxXEfQ2ansQ
DA:201,0,K1JaEBgbSUMRSlLJTQNE+A
DA:203,0,zScOyxldM8hO3xxEbf00Cg
DA:206,0,EwqD1Ke5ZLnHvtLN/nh20Q
DA:207,0,vIhaj75XTNoXytU63g2uvQ
DA:208,0,8L7rAKy2X9N8IViZ3cNfwg
DA:209,0,bV3BmD00sMAG2DEG+DSrPw
DA:210,0,wES6MUuBJjjsvwi5VfPaWQ
DA:212,0,f/IOaH+tfrs89xsLfc3jIQ
DA:213,0,XBI+PfGFP8c//+0QuOIGaA
DA:214,0,45YodQPMfnxxGbKtqykO7A
DA:217,0,Y1KuUEmECtj2u95WCVYHRg
DA:218,0,n5GC1WpR0VtSioWPsp5AhA
DA:219,0,RxzS2bPH/Z/Xnc4shYsW0A
DA:220,0,kY1ZEny4kXg6nmG0bww0uA
DA:221,0,7SIEHZGXtrrtVjX5DqPMEg
DA:223,0,lLDvLusKeokfEukYbUDygA
DA:224,0,PeyVNr+mYO2pPg0WdO8KwQ
DA:225,0,wSNL0M6nUHxTHxLUjBcK1w
DA:226,0,8a7O7n+ckdAdlUlCzkandA
DA:227,0,JWL7E8si8mbpVoXLOb9D+w
DA:228,0,uon1o+qI15PiSQfMg7CISA
DA:229,0,EJzzDUYrLQOL6/8u9+rlcg
DA:230,0,9VqPwgXgiKmERG63lwUxOQ
DA:231,0,ziMwbdP43Yl2rkv+Iw0+Vg
DA:235,0,FEradwVe+FghltrF/VloIw
DA:237,0,05+2Bzfb7LKcxXEfQ2ansQ
DA:238,0,NUH7sP5XTxl+7CCnlqhrSg
DA:240,0,fyB0DNlRCzFK6Qa5sVerHg
DA:243,0,NhwiEFYxgSItKkKpG1x/GA
DA:244,0,45YodQPMfnxxGbKtqykO7A
DA:247,0,RxzS2bPH/Z/Xnc4shYsW0A
DA:248,0,kY1ZEny4kXg6nmG0bww0uA
DA:249,0,7SIEHZGXtrrtVjX5DqPMEg
DA:252,0,GxagHJnOJ53jNy/NfuOH1w
DA:261,0,woPaiP7TWv6R+RjNqh+cyw
DA:262,0,OFApIBoP2nToakXrSVcFsQ
DA:263,0,C398ybhpkEx7B3VVJJEXNg
DA:265,0,NhwiEFYxgSItKkKpG1x/GA
DA:266,0,j+LuMw8uk/1CA0moc4uzwA
DA:268,0,14/FJ08LgnjasFiR9+VXyg
DA:269,0,nXGL1OPuSNf14Yw/cdTl5g
DA:271,0,GW1Ypi3JxaexWPZkb+yhnw
DA:272,0,cknG/s0+7G+/743vIecVUg
DA:273,0,R3jFiNURSjvTc3AhCjfFJQ
DA:274,0,mDbfdnNB4UkH2+DSkggipg
DA:275,0,VXUpHviBCkVL+bjNNIMmzQ
DA:276,0,YFXpbS2oEKPjSJv0AdnBrg
DA:277,0,c1obP/EcUvKcMy4dVlSPdg
DA:278,0,GgnXWASWkFhEfiq8cwUbJQ
DA:280,0,1lLUkhoK9LMM0EdaYIaXhg
DA:282,0,PZYJfHNIhbS1hN7VkBdRXQ
DA:283,0,XBI+PfGFP8c//+0QuOIGaA
DA:284,0,WLhmRImGD76pNGNCK8qUAA
DA:286,0,f/IOaH+tfrs89xsLfc3jIQ
DA:287,0,XBI+PfGFP8c//+0QuOIGaA
DA:288,0,dL4Icxz3dNufrLQK/b81mA
DA:290,0,uIU9zQMxcCXIU5xEcYiq/w
DA:291,0,3piHYSxpPc7mA9oEptyHRg
DA:292,0,alwJlnu2eHW90O8FHD9S+Q
DA:293,0,vIhaj75XTNoXytU63g2uvQ
DA:296,0,fQ/0EhDW2biM1bbgEPNMVQ
DA:297,0,xvWIcpcyNr0gyGcTkdMxXw
DA:298,0,xP6MxmlnjcRxJcBjCsCCbw
DA:299,0,1LV8Zyhh5Iq+z5VCH9s5dA
DA:300,0,xBb/qqqa9r9mNz3qdEI8jQ
DA:301,0,RBKWvm4rNTrle/x+0waoJQ
DA:302,0,41ZVX6Yh72qBKGIeeuO+TQ
DA:303,0,OsIPprfnf2D77TQ5XQCLOg
DA:306,0,KmN7bv08nhah4PAcnH6SGg
DA:307,0,AC6QwSSJFinZbSmgakSQig
DA:308,0,HUx9A1Qr8x1WdZb4lShx8Q
DA:310,0,rc9DbjafeWY+HX7nz05ZFA
DA:311,0,7meUYIUfSEhN1gENOXoOdg
DA:312,0,NYc2RFRYJMjaozwqc8ykug
DA:313,0,2VDPOAjI1VoyBEUvC2ePqw
DA:314,0,l4YIV1Sds1Dpd2TL7ZRl5w
DA:316,0,EwqD1Ke5ZLnHvtLN/nh20Q
DA:317,0,vIhaj75XTNoXytU63g2uvQ
DA:318,0,8L7rAKy2X9N8IViZ3cNfwg
DA:319,0,ukmq28B80ShLoyzd5LVBEA
DA:320,0,wES6MUuBJjjsvwi5VfPaWQ
DA:322,0,4hJIMGEPXPqs4/kmKkJUiw
DA:323,0,az2oB8XkbA49H2UkyLjYuA
DA:324,0,56d2PfcIRITM7KudmosdLw
DA:326,0,hYMwkA6XANk/ZhdhzVHpLQ
DA:327,0,XBI+PfGFP8c//+0QuOIGaA
DA:328,0,10jNfWY1GOHoWPjqTs5QJA
DA:330,0,lLDvLusKeokfEukYbUDygA
DA:331,0,PeyVNr+mYO2pPg0WdO8KwQ
DA:332,0,wSNL0M6nUHxTHxLUjBcK1w
DA:333,0,8a7O7n+ckdAdlUlCzkandA
DA:334,0,Oa+bJ/WWPQuMadZ0Cfzp6Q
DA:335,0,h/VxaYrcVk9ugEAF1iJnRw
DA:336,0,6qKzHg039CaDMlA2ISzgww
DA:337,0,N1k2lR8B3F4N0nkC/iOAFA
DA:338,0,jhTyslhNjPV+GCTkqbk7eg
DA:339,0,EAMWrKYqmf1qSbBTGs7Yrg
DA:341,0,h6e5zzwVV6w8V7zL1ZDYtw
DA:342,0,aSWRHGIC/j8XuMPOQHWqig
DA:343,0,KbgFCLztpOe3vV5wU38U3g
DA:344,0,pPs1/hcHDei9s7e0n8JSLQ
DA:345,0,3s3HcOh6nSRpMt+st9b/xw
DA:349,0,9PbVB6wf7n7cpyIxW6oqnA
DA:351,0,05+2Bzfb7LKcxXEfQ2ansQ
DA:352,0,NUH7sP5XTxl+7CCnlqhrSg
DA:354,0,fyB0DNlRCzFK6Qa5sVerHg
DA:357,0,G4Elt9tx3bpjJr9uF28+hQ
DA:358,0,XVfeCzAxRaURpqNWDsTGig
DA:361,0,ISeoa8zIgP7YRvUa+GQjJA
DA:362,0,IPe4JcH4X9D1Fhb49aP8KA
DA:363,0,RxzS2bPH/Z/Xnc4shYsW0A
DA:364,0,kY1ZEny4kXg6nmG0bww0uA
DA:365,0,7SIEHZGXtrrtVjX5DqPMEg
DA:367,0,K+dOV80AkMIXxBa6OFnpNg
DA:368,0,PeyVNr+mYO2pPg0WdO8KwQ
DA:369,0,g0GKYkTcWDI1hZVNicOpkQ
DA:370,0,/7xVwX4MaLbYP2AbTSvMVw
DA:371,0,05+2Bzfb7LKcxXEfQ2ansQ
DA:372,0,K1JaEBgbSUMRSlLJTQNE+A
DA:374,0,fyB0DNlRCzFK6Qa5sVerHg
DA:377,0,gH5g2wgv4rpvH/ADqE3YEw
DA:378,0,PeyVNr+mYO2pPg0WdO8KwQ
DA:379,0,g0GKYkTcWDI1hZVNicOpkQ
DA:380,0,5invThi0N39FPD1yskUw4w
DA:381,0,ApFNp/zdJO/jbCm0s9LR5g
DA:382,0,BtfNHK2xWB90kXxv9ZQM6g
DA:383,0,41ZVX6Yh72qBKGIeeuO+TQ
DA:384,0,05+2Bzfb7LKcxXEfQ2ansQ
DA:385,0,7syzJUwwG5W41u+doECVGg
DA:387,0,fyB0DNlRCzFK6Qa5sVerHg
DA:390,0,A25jn2+LyS0mOuFJq7kBAQ
DA:391,0,DkpEnBc67qN4ySRNdIGqwA
DA:393,0,KreFH4WG1InwCd8bHca6kA
DA:394,0,XVfeCzAxRaURpqNWDsTGig
DA:398,0,kY1ZEny4kXg6nmG0bww0uA
DA:399,0,7SIEHZGXtrrtVjX5DqPMEg
DA:401,0,l1LJ0jVQ10FA6FM+BmovVA
DA:402,0,AEqxKlvBOFD66/J0Fvk7Yw
DA:404,0,S9FKCuOxXrSU7sMUpvIMZg
DA:405,0,tJCC5mD8TYMOfXGzCT1CkA
DA:406,0,ackOWdJx2/IgtB/ELuvQJg
DA:408,0,+RuzgsASJ0KEWoDURE05Bw
DA:409,0,P+KX8bDmIkKxEMu5Dbd5gg
DA:412,0,kY1ZEny4kXg6nmG0bww0uA
DA:413,0,7SIEHZGXtrrtVjX5DqPMEg
DA:415,0,MeteIXV42WH95X+cIToheg
DA:416,0,4R3Le4DGmIHlGGc53UqYjQ
DA:418,0,JLuox0rFVzXCb7qF8GvmwA
DA:419,0,XVfeCzAxRaURpqNWDsTGig
DA:423,0,RUT3rydQCGgP+FC5Tut95w
DA:424,0,ackOWdJx2/IgtB/ELuvQJg
DA:426,0,Z9y/U/jDb0LAqwrxkN+olg
DA:427,0,2STgmWU6K3m88MV8I1m3eg
DA:429,0,XhgaIoOxrhunr/eCFjkYlw
DA:430,0,nu3xOXT9VqCkQMkhnNW2hw
DA:431,0,3qXsz1ErzI+BPfDOuipmww
DA:432,0,BJh3Taz5N2krl5UpssIbqg
DA:434,0,fyB0DNlRCzFK6Qa5sVerHg
DA:437,0,4APzzbHDvxT4oNDHZFON/w
DA:438,0,AIqUSW98XgYRLJvsMs3aVg
DA:440,0,sJwnZlaZ1WCftkjDlEd0Jw
DA:441,0,sN2i5w/GiMZa+5lrQUsEDg
DA:442,0,2E/g1/dWpNETwli3g6CdKg
DA:444,0,5V2e/88BBERZfBhc/ME4Lw
DA:445,0,CbcLveK71pU5jl1dgtifuQ
DA:447,0,vqlYAJDeOJdHKwqflEpb6A
DA:448,0,A8VdZ3pS08Ur4a7IjON6bg
DA:450,0,1CsXKaHYcpZxIGRfHtcIIA
DA:451,0,XVfeCzAxRaURpqNWDsTGig
DA:455,0,kY1ZEny4kXg6nmG0bww0uA
DA:456,0,7SIEHZGXtrrtVjX5DqPMEg
DA:458,0,yh5Xgs6ynu1pev8OLh1bHQ
DA:459,0,mZwbkf3DZGxA5zEygu+P7A
DA:461,0,RUT3rydQCGgP+FC5Tut95w
DA:463,0,hITS+QmnnEewAXcIz5Ujaw
DA:464,0,XVfeCzAxRaURpqNWDsTGig
DA:467,0,RUT3rydQCGgP+FC5Tut95w
DA:469,0,gZwwRJsfzkp2Lw2xb3kaeg
DA:472,0,dSOgtm9DhPwXoaQfpMkoqw
DA:473,0,1JYJHMe2IgKLD+MqOX5pXA
DA:475,0,/TeDuQLur0BkQdmE5T/H4g
DA:476,0,eqRXcIHK4IdLA8Jf6JGlFg
DA:477,0,W2dsNIdWHyERR7BGv/b+Sw
DA:478,0,78+Jt6fDrqGQ4ekvbzXosg
DA:480,0,j+CcxAIEiLeqjzkbiEHnZA
DA:481,0,nDe9fLtFqkSYiag0qUYEGw
DA:483,0,leWPu3a92U46XgI3/MVg5A
DA:484,0,wNQlks+iw4U1Hm8Q3SjLzw
DA:485,0,go2fMv+uz7gmpmMiqlPTkw
DA:488,0,Rb/LAvLkwXSPgcawS4q4Rw
DA:489,0,QwuaHL++dh2DhOyK6byCNQ
DA:492,0,F/zpo86NuAcubyOM/rd5Sg
DA:493,0,BZZ/UuQiwrM5IaPfPrcmrA
DA:494,0,lc9W6egiRFokcwbaug6ViQ
DA:495,0,s+egVAOONxyOtR9mzU3Jbg
DA:496,0,1TuZSAFpDSDf/0DNVVG08A
DA:497,0,IEqehwAvnUELsyvU+UcU2g
DA:500,0,OYav7Y46V9gsPAfPbaO9NA
DA:501,0,QwuaHL++dh2DhOyK6byCNQ
DA:507,0,F/zpo86NuAcubyOM/rd5Sg
DA:508,0,FgJfZ8QzQJDYxEkz452LGQ
DA:509,0,TIuaxD7ty0NGsK8j/smxXA
DA:510,0,s+egVAOONxyOtR9mzU3Jbg
DA:511,0,Q7sn5VSWVvDxTnc6VC+yjw
DA:512,0,BlisufDxkcZDFM4v1Zk9Yg
DA:515,0,6cpmjMAfFWtQiyTlFg3wxg
DA:516,0,QwuaHL++dh2DhOyK6byCNQ
DA:519,0,F/zpo86NuAcubyOM/rd5Sg
DA:527,0,2mu/NTlmGVsi+bThMPk7Fw
DA:528,0,RI2r1/01RzRE1Oy/56oEqA
DA:529,0,acIxm3l/yodBh59NrTxGvQ
DA:534,0,qwUbb4XQbrzh8GPZZKvzUQ
DA:537,0,qwUbb4XQbrzh8GPZZKvzUQ
DA:540,0,qwUbb4XQbrzh8GPZZKvzUQ
DA:543,0,qwUbb4XQbrzh8GPZZKvzUQ
LF:331
LH:12
end_of_record
TN:
SF:/databricks/spark/python/lib/py4j-0.10.9.5-src.zip/py4j/java_gateway.py
DA:440,1,MheEyN18aE+NN+Ho2iNNDQ
DA:640,1,gWst0494JSDW38KmwXPFPg
DA:644,1,B/Fo9U4/nMeRNS1JjGZVyQ
DA:645,1,xjcDBnSwra0OiNOAYAwoHA
DA:646,1,akBcfxHPGNCU4gS8f/al0A
DA:650,1,pwL8HBI35Uii2QR406SfvQ
DA:994,1,xjcDBnSwra0OiNOAYAwoHA
DA:995,1,DFmuusYFpEkh081MeGfQKQ
DA:1036,1,zjhCxaKVDf6F/EX7vg/NYw
DA:1037,1,xjcDBnSwra0OiNOAYAwoHA
DA:1038,1,jE81Lyj3AW1eOl2QzRORiA
DA:1039,1,voy1CkttrHxgsUaDzpisNw
DA:1041,1,867FTI+w+VKLGKu58bbkkA
DA:1044,1,InD22/XdPPWINQNe2NU17A
DA:1071,1,4GviYTGcbG4bYHsBtSd41Q
DA:1239,1,BK+foMhfUltpwhLaXPLX4g
DA:1240,1,nxsskApv0KLmSucNYfFAQA
DA:1241,1,S5q9nZekZbakdKp4y9gFrA
DA:1242,1,O8k9xPl7XToN600zoF6AAg
DA:1243,1,7iojhGdGpEU1fJTDAP3gLg
DA:1244,1,puu9LH8Ptb11zDtlKvVqOw
DA:1245,1,ELLK5W03Zz8Y/NA+rNfInQ
DA:1246,1,LETShJk/78bKGbjm+hnc5Q
DA:1258,1,K/8/e+0Ku/RnTBmP097G+g
DA:1259,1,gFSFqO2e/iAZbsrBDUTycg
DA:1260,1,XLoFxyYkCGbeC3txb6zAzg
DA:1261,1,3Q+pOR9kKf05Uk9qJrW+5Q
DA:1262,1,WgwEOpBYtcydal6fuq+/Mw
DA:1263,1,Za7E/r/8R9ZiCp/z/RNvqg
DA:1264,1,46XvsTOrlVFp+LVwibT2Ng
DA:1265,1,HoQJBSdrWJ5a5VJSvIx2MA
DA:1266,1,JgMUCRvQZFrCZMjLDJIwnA
DA:1267,1,oaMxUZ0mXWQhjLihPsuPYg
DA:1269,1,F/8H1PZQ1j2jY9a3em18aA
DA:1271,1,sYHfGHGnG/D7+u5AONzYHg
DA:1273,1,dihZ9+RECVdeIiyJsa6HcA
DA:1276,1,sohq2aQF/Y54vNNFKnYvdA
DA:1277,1,1jHIKN9eDJYJWIdC9a7igg
DA:1282,1,OFfpBMH3VsJzuw/7Y2Tqsw
DA:1285,1,1HJQDSfFbqC3XLLKFvZcfg
DA:1313,1,PnHtksq8ChtYZoJ7TIf4CA
DA:1315,1,2iVol281Mh9S/8qmh9iezQ
DA:1320,1,bSIBZHZkPWxh/BqQOogmkQ
DA:1321,1,APwBOeDaXyMQrFvGj3+ofQ
DA:1324,1,f8FKPSkhmFo/eJ9BFD1QXg
DA:1325,1,ZjcTVfLSxJNk45l4X+irPQ
DA:1327,1,fSqR/+jpFtTgmB63L30auA
DA:1342,1,5T9Mw0GG+LDgCpofr7nWJA
DA:1343,1,AAPfosK1yfmdeijyIvjcMw
DA:1344,1,pR0dDBEffN9idK9dA1AwYA
DA:1345,1,WX+Ncx1PxWtWHRPw2iGjzw
DA:1346,1,xyLJoVRdAtnF9I16BffiEA
DA:1347,1,edVbLqwkYplJQ2RggOJHFw
DA:1348,1,LETShJk/78bKGbjm+hnc5Q
DA:1350,1,0l7vJIOJk0AfW9UU9aysdg
DA:1354,1,NlrbsjuoKCyMrWtsZo1K7A
DA:1355,1,ORVFyrwjlZc+3fJ3q84sJA
DA:1360,1,5M1cEbCBEzYdVMc9HSzSrQ
DA:1363,1,V9dhcXJyyqq5Sd0stRItzw
DA:1366,1,aVaqoN9KjLT0xGnCFhWVPQ
DA:1378,1,ef5UXziuWSESY715LrNEUg
DA:1382,1,R62PtL7PQRFcypJb9X8s/A
DA:1383,1,T3fMFOaJXtJfaNR0jABraQ
DA:1390,1,0j7TWutTGLMPNSAck/ykSw
DA:1394,1,YQDTUG4lju8iZdxBhGfrIg
DA:1474,1,E8ZZZamiVIV9x9aAquV+HQ
DA:1475,1,AAPfosK1yfmdeijyIvjcMw
DA:1476,1,83mBFBO+A4g8+OVqI+Jp9Q
DA:1477,1,dN1Ij/ptE8kLqGGm0oJR1w
DA:1478,1,kZZv8ZeAoWhumTdfISdbNw
DA:1479,1,LETShJk/78bKGbjm+hnc5Q
DA:1480,1,tpsXQmUtMcBxWDqW/N1NrQ
DA:1524,1,ef5UXziuWSESY715LrNEUg
DA:1528,1,SzDqqYGbRV14ius4FrtlYQ
DA:1533,1,kY1ZEny4kXg6nmG0bww0uA
DA:1535,1,O7cUweBexSLOo1bwQCUHtQ
DA:1536,1,fI6EN1QpGmGZGDIe/VO2AQ
DA:1540,1,OK+EH8nqgfvDr4stjmqP4w
DA:1544,1,reJiBeXNZW+P8+7rwfj8Ow
DA:1551,1,K/8/e+0Ku/RnTBmP097G+g
DA:1552,1,gFSFqO2e/iAZbsrBDUTycg
DA:1553,1,XLoFxyYkCGbeC3txb6zAzg
DA:1566,1,dihZ9+RECVdeIiyJsa6HcA
DA:1570,1,A8mJhhoOoLX9jebS+ZBr4Q
DA:1571,1,1jHIKN9eDJYJWIdC9a7igg
DA:1576,1,OFfpBMH3VsJzuw/7Y2Tqsw
DA:1579,1,PeVldb1tqvGHuQRwvOdFTw
DA:1584,1,kY1ZEny4kXg6nmG0bww0uA
DA:1585,1,APwBOeDaXyMQrFvGj3+ofQ
DA:1588,1,f8FKPSkhmFo/eJ9BFD1QXg
DA:1591,1,fSqR/+jpFtTgmB63L30auA
DA:1706,1,qd8feBmJo+Vg7u6QJmS93A
DA:1709,1,cOKoZhfRLpcSt1bBdbF/Aw
DA:1713,1,j0609dTHqPWpGdVG9S2hFQ
DA:1715,1,I5sdVkD/2G8s5BXyOfZtcQ
DA:1716,1,eOLA2g3PV+p/3M4kfOLneQ
DA:2544,1,qwUbb4XQbrzh8GPZZKvzUQ
DA:2,0,wYmzrjrpnkPX21lNgMoCYQ
DA:13,0,HfFRzeWgprazI4DXwb3ZqQ
DA:15,0,QNcJDlMkbcTSzCKOk/zkNQ
DA:16,0,EZEzNmL93PY96zsSuI0PfQ
DA:17,0,7Z9Lj4ed27Wf2hBX6jooEA
DA:18,0,NfgjSjsN17RD6HWUdiD5jQ
DA:19,0,Q7C25mPkZG6RO80V7lOLKQ
DA:20,0,LUq4a6TGTefcSy4pK4dMpw
DA:21,0,FJwfoOdTV86zc2oC+AVCQg
DA:22,0,LtOilE4pJlxlTQ2w6tNPKQ
DA:23,0,XRh5gz49gzin2tgbGaB31w
DA:24,0,mUDsnWRiqW9R9nTILGKIZg
DA:25,0,8/DPjtWdo8z1/SINFFKe8w
DA:26,0,k4spqowjhlXHDwQ74b9lbg
DA:27,0,bCilR3McFjZmd5pwfbTpqA
DA:29,0,J9bdqiHXOxLwDNPdaXzgFg
DA:31,0,CxSynvzB57QNY00ejb8hcA
DA:32,0,i3Ujj9N8P0EFPDich2JO6w
DA:33,0,c4FCB3m707jhFeeAoZbPrQ
DA:40,0,a7wdDFB3owavQyWEHUESmQ
DA:41,0,IHHx+JAok88xHqPHPdlXJw
DA:44,0,s0/VY6ZFUHMw3kDc4z+w5w
DA:45,0,Segj7H+en/Nix/vnmP8G+g
DA:46,0,wWvyVCzDRWfTVXhFZNNl1w
DA:49,0,FUWCk7XSJZNEexSZHsW5kw
DA:50,0,24NHL7CW8zv5ewtDNC9TAw
DA:51,0,A/he2zBP4vGAsvnJZUp25g
DA:53,0,qaublH5Mxo1YVw4ONfDbUg
DA:54,0,hhT3mcM0iRvxajGa3WfZvQ
DA:55,0,2QTAg//n8bpQzYxgFUYk0A
DA:56,0,U/M9F7+AqfUdKA6au9MF7A
DA:57,0,qfLwEcID3i48/bmyn9lX6A
DA:58,0,LKFzSlS5Mf0Rm+MwODgdow
DA:59,0,WNhT5Rz1jMC1T01Sq1p0DA
DA:60,0,ugBsBChjXufa9pwKOqrtcQ
DA:63,0,JS5RnhPPLmS3yeaoPjIL9w
DA:71,0,2uxqz4FXAmvEPY+iBrIPqg
DA:79,0,sxGuqzs6xl2OPWwbwHSbqQ
DA:88,0,U3/snDyS/TKzoWgIrX3NDw
DA:96,0,SsiWDW+0JwF+euVQJntyPA
DA:104,0,ClPivK7RcLQGTTaFL3f5sg
DA:112,0,ygAhGGM47JADvFO/oOVeKg
DA:121,0,5I3aGQahofY8Z6prHZwc7w
DA:126,0,0WyP//eSRRl5jAOdRJR+aQ
DA:127,0,3wkCpreP3WdZ4osLfYVIsQ
DA:129,0,pFg6zdRMFOa+loFeLxFpiA
DA:131,0,UdzQ/MDYzrnn7yqmS2A8MA
DA:134,0,k7lIJZHSHUqReJCQlvuAAw
DA:140,0,0WyP//eSRRl5jAOdRJR+aQ
DA:141,0,o8QvqkQzfyuSfGvuuYs/Jg
DA:145,0,Sh4MvYZ2KMQr28Rj+kU4Lg
DA:148,0,Z4I1Q1DfWJ4gVbMLl5E1zQ
DA:151,0,+Y974GFCuccf4IPMh+xI5w
DA:154,0,dkE0mHGKvk6bON1ToU6fvw
DA:156,0,ZsmlLD93l55Zk7qKEWJc0g
DA:157,0,Eio3iyNCf+cSV9O1isFHoQ
DA:160,0,4x1YdXvXGz696JZOQK2joQ
DA:163,0,icHbB+xJfnAkg5ti/f/5MQ
DA:164,0,xAngp6kPBj5BDADS9mQnyQ
DA:165,0,mjt9zZ+tEv0HhuCc+UDEpw
DA:168,0,l0JN9Pnke97BOWy2dpANFA
DA:176,0,sWVCiALo4UiZ0zYHf73iHQ
DA:177,0,M9Jlcyj04LL3ZEBe+BiyIg
DA:180,0,nMWiZ0ywvg305eEc9H/xxg
DA:181,0,jb4lFKVST2ajmkZwkBz/fA
DA:182,0,DyohyMFOzTn4Tse+oqM5aw
DA:185,0,bmqYHzQtpjQWIsq4KecJ5g
DA:188,0,w2+WtMpbnkZ6l3VQkiVpUw
DA:189,0,tODtye8+T9p02HT69VlSSw
DA:190,0,FZf/aZlvnEPY1+4MGIyObw
DA:191,0,Mrn+ZGI8qw0XKQlx41ul7w
DA:193,0,EJMM+7Mg0bh+L/tAY5pJeA
DA:196,0,jbbJDGQlIIELLAgvObpyrA
DA:199,0,EJMM+7Mg0bh+L/tAY5pJeA
DA:201,0,YYdxh6cggqWMtHO54r2IqQ
DA:202,0,Q4w+T9comGBSglooj3NvfQ
DA:211,0,EJMM+7Mg0bh+L/tAY5pJeA
DA:214,0,1PzjXUxqS2wCUD80OGjHvw
DA:215,0,a/5ZE9ZGznX4keNlL1fWfw
DA:216,0,uUeyIgik6/5g57JPkcfQ5g
DA:217,0,Q1YWnj5tCby4EWVVUIGtvQ
DA:220,0,vm2FMXxyFdrVJxSSmhsoBA
DA:283,0,PbDODpu5+E/8dO4QZZSoyA
DA:285,0,RNeYAoHCg2zNkjI0biSwzA
DA:286,0,4x7jNv4tVC3j0kMVFd9dUw
DA:288,0,lUhyaHwB25ymNbm4dcQ8Cw
DA:289,0,BHDWh1pKaugEqIbKHh2tdg
DA:290,0,ged2biEt7LJrlXdrSX43qQ
DA:291,0,4Ho4rt7Sf8DKlxiUxWSegQ
DA:293,0,gJ/F2bIzua6ITdg2OG0WLg
DA:296,0,dRJFKfjHwLLLuSNd3p7TRQ
DA:297,0,PzdC0Y8pVycEm/fy2WPmew
DA:300,0,O83KY3WbNU00Rg93YwczFw
DA:301,0,1rq59Tp8Qg46lEfdIFTWBA
DA:303,0,kH97fMziSfu3hsDLvtRXIQ
DA:304,0,0//RkRj/qcZzhqXkBkxoCw
DA:305,0,rYuPeKSCGMDUB9I/95JTtA
DA:306,0,AtS35ladxOo2iQay+lnMjw
DA:307,0,yv15iWERBROvT4Sddc5W3w
DA:308,0,xEdlnssyQlgNVrRMyuHGhQ
DA:311,0,CMD0PTH7UO/s+iEDSkfZyA
DA:312,0,OxdfQoSXiJMRqFo8jNSMkg
DA:313,0,GOf7iXWWY7tQe3we273cxA
DA:314,0,YTtqhEoyJ7lnMLxPL06znA
DA:315,0,pV8REzGd0M2slqgCqY+S+w
DA:317,0,QH5U6S/kejOMGcFJj6Vd1g
DA:319,0,DYL0TvvAA+29NXV5sXA5iQ
DA:321,0,0PMbkM0cAeSa5v23hZ5mOw
DA:324,0,fOVEo50LwxxJX3KFzi4Yqw
DA:325,0,PQp3rYAtOO1VrrvhKkuwOw
DA:327,0,+KE4R2bVJve6fVulETjQFg
DA:328,0,mCjnGXmhdoslAZVqDfT3DQ
DA:330,0,UdX5lFSXl6rdXHzgBgView
DA:331,0,Guzt9rcpY9DWnZpSW9Vdkw
DA:337,0,ukVDZemOlJRg6QO4EgJA8w
DA:340,0,Ky0VfB3NyS8uY1nQptBZRg
DA:341,0,rYuPeKSCGMDUB9I/95JTtA
DA:342,0,FhPUfVor/ZP3OFZQf+GJwQ
DA:345,0,33OZbRVWCEiMEuRBOH9qkQ
DA:347,0,p0G63ZEZzPxkueovnJaGjQ
DA:348,0,xNWIDiCi8YquDIVzHDL2Xw
DA:350,0,ZxAVIwq5tki5Z64YVO6mxg
DA:352,0,HhAv+TKp8IFU5NCO+7aX3Q
DA:356,0,Ra4fVqGH9p1o3pJDWUoNNg
DA:358,0,rYuPeKSCGMDUB9I/95JTtA
DA:359,0,qw5DQlLWKzaAplkl3oRSlg
DA:361,0,0ew+YZtNmi6hQmWo0AYMDA
DA:363,0,jPtqNm9IuQFmXaZ9jsV0Lg
DA:364,0,TaW4Ge+mSp+buPzknSFs5w
DA:365,0,V6XNtKhWOWfLt3wM2koyEQ
DA:367,0,uquUkuN4AIVwfvYudv8jsw
DA:369,0,agLn8VBY/yniExfylCYOzw
DA:372,0,mB8yiyrFpjOq78GvRuMKJQ
DA:381,0,bZJy4tQ7ZIKtfuPgprqkiQ
DA:384,0,JppxDqMW3EVkfaui9T3HZw
DA:385,0,R6+XdU9xzUK9Wppjp0ALeg
DA:387,0,+8mHRx7P4SnfDVDtEWqMeQ
DA:388,0,bG4SdovsHRLSwsMHmjX/Ig
DA:391,0,cRWT6QgmjI3V0gXPWfq/ig
DA:393,0,MXLIIbl92YTEXv8wscPB/g
DA:398,0,bGJxl0zG06mrAE8Mvs4j6g
DA:409,0,yjXoiXP+WDfB50TCq6uISg
DA:413,0,skLJb8SYGp0wsu5G0hapBA
DA:417,0,JppxDqMW3EVkfaui9T3HZw
DA:418,0,R6+XdU9xzUK9Wppjp0ALeg
DA:420,0,+8mHRx7P4SnfDVDtEWqMeQ
DA:421,0,bG4SdovsHRLSwsMHmjX/Ig
DA:424,0,cRWT6QgmjI3V0gXPWfq/ig
DA:425,0,hUaYwREIC/W9U2Q4Gnzo7Q
DA:430,0,9XgjTRP7HltweFa18iLYtg
DA:445,0,nf17sVaT4kFseWlTLV3U7w
DA:454,0,8w1wmJRAB597YUKYoteQHQ
DA:455,0,ZVIUtiPkIZOeV7tVF0S+mg
DA:456,0,YyzXftkHQQLmi2KaGiD0TA
DA:457,0,JCEIGcYx9+rKq4epkVi4rw
DA:458,0,Fe1tyQ1ifmHE2ZOmXKbhow
DA:459,0,D7dvreSjvcvnJEBctTMuew
DA:461,0,Fn/VnMvbOpoj/OEFYkuZsg
DA:464,0,xIBOqs+o/66jo4MDb4nFCA
DA:468,0,tDb+fKvEThQRj58AoDZEtg
DA:475,0,q5zDu5WYEMavLVYyRKAP9Q
DA:478,0,QHuQVudFmpE4GtCdO5dlBQ
DA:483,0,/LR+1rKMW28SUSUsNsfdqw
DA:485,0,l6TjtYHqcNyGECUCc2lV5w
DA:487,0,B/Fo9U4/nMeRNS1JjGZVyQ
DA:488,0,PlM1VVRSTSSQh3CarV93AA
DA:489,0,V7uRmjj6chiNnyDqZpYJVA
DA:490,0,V+Iv14J64+ZL5VWzWxIk+g
DA:493,0,jRabdEH4R/hMD1S5fjqEkQ
DA:498,0,BCugHXY6u54SZTKXRIddSw
DA:500,0,l6TjtYHqcNyGECUCc2lV5w
DA:502,0,B/Fo9U4/nMeRNS1JjGZVyQ
DA:503,0,ziz28M1vZnEndwWeukguVg
DA:504,0,V7uRmjj6chiNnyDqZpYJVA
DA:505,0,hLMVPAeuly5xwb7TNiHUhw
DA:508,0,XKwFmJk0mkbg3XZPck4F/A
DA:516,0,BFkN9akNOY9qGl4Xi137yA
DA:517,0,7KBvNPf4bssIKL+/26BTWw
DA:518,0,F3H59E8iQyl9LdLAxe56hA
DA:523,0,tLMTypzEyfAdpbrLkaSE+A
DA:532,0,HmaOnnGtKOVyMraWEJiYCQ
DA:533,0,fqGBc/wJQzM45UAyFKeJCQ
DA:534,0,B/Fo9U4/nMeRNS1JjGZVyQ
DA:535,0,GNqy0d0NJhbiEHrGCOnLDg
DA:536,0,1ZXPdrtahzDy8cZxkDnORw
DA:538,0,wWvyVCzDRWfTVXhFZNNl1w
DA:540,0,vEkn5cBTc+UZeDxy+3q5MQ
DA:542,0,fR20okrbr4MFfIt86VGfdA
DA:543,0,pkO2dlIgDiw/gfVZZ3McRw
DA:546,0,gjPm3s2P5/RKHIBsGUEQvA
DA:568,0,MLtC00E0jaxiX4+V8VQ8BQ
DA:569,0,LfsppS8SpGUSxCYVHJ1W+g
DA:575,0,F48TwzxMTsK9C/2w5iLlPg
DA:576,0,szfpKaxc+8oR5LGyjAEjLQ
DA:577,0,LfsppS8SpGUSxCYVHJ1W+g
DA:583,0,F48TwzxMTsK9C/2w5iLlPg
DA:584,0,CxW6LgXDfUEw1uYwWbXYqg
DA:585,0,ayhFpTIkT4S1WCHBPsNm+g
DA:586,0,/R1uE+4IPeGtN2C+fNkceQ
DA:587,0,UO1s6pE9Dcmb40FnA1jkYg
DA:588,0,YWYFxJaYMkMzNXuLSALFgQ
DA:589,0,LLdqZmjGppJ2WzygDXvvDA
DA:593,0,Fn/VnMvbOpoj/OEFYkuZsg
DA:596,0,D0lNgI48KvAneezqrUmykQ
DA:597,0,1iFIsyPCMtJWfAMBpIhYBA
DA:598,0,+G6V80/1yenpqG8wDhlJng
DA:600,0,dHB6Um7m0pZM+91TJfDzBA
DA:603,0,HVzQ6/03oVUz0YdbnrSCmg
DA:611,0,B/Fo9U4/nMeRNS1JjGZVyQ
DA:612,0,W9mWt2PCpaY9bT+jB4Y4HA
DA:613,0,gD0Va46fBjV4VsWleBQG0Q
DA:616,0,I0bIAD8PkscIx5NkT+LBDw
DA:618,0,u1awe75SI/boA4B6yl8Asg
DA:619,0,cL/3JNFeFne7XZNa4Ou64w
DA:620,0,Uf5Y0L+FBwMbF5sUNg9V9g
DA:621,0,3E5Gl/BFxZE+X9ksry4NeQ
DA:623,0,51Dup89oLuWIdvOO1ZlMiA
DA:625,0,mECElNm8H424sWPwndbTLw
DA:626,0,7SEw9AW35d+XhOe5Xd7yGA
DA:627,0,KHNXm3HiJBtxd+E0iB0rfw
DA:628,0,RgkOq9Qo51NHehjyrCNWcw
DA:629,0,vy6CgW37KXB6tZmtM5IONw
DA:630,0,XczIqw4ht2RDJrSXGQbuCg
DA:633,0,xv93sqxLW5IDGBg/i8tLIQ
DA:634,0,LWILTcvARcydjFFyo9qM0A
DA:637,0,6cg9oJW6yQofmFMOpk/LRg
DA:643,0,4Iff0x09LziNsYrG9WKP+Q
DA:651,0,o7tvNiq40uwo8eP+lY5kyg
DA:652,0,dDZU4o3WA8kOd8K5/fVJmg
DA:655,0,V7uRmjj6chiNnyDqZpYJVA
DA:657,0,wWvyVCzDRWfTVXhFZNNl1w
DA:660,0,itlnv7lGVJiTO6MjVQHLDQ
DA:668,0,B/Fo9U4/nMeRNS1JjGZVyQ
DA:669,0,msO4/l2yuvzNVu5tzKr9pw
DA:670,0,OZa3BrwBd8AdCBdhu2f9yA
DA:671,0,FM4sD94r4srg7fIGNQN53Q
DA:672,0,V7uRmjj6chiNnyDqZpYJVA
DA:674,0,wWvyVCzDRWfTVXhFZNNl1w
DA:677,0,5KTlMLJ4Koy6igjzE4ciYw
DA:685,0,HzC+ee96jp6GW7OGF/hDpg
DA:686,0,gVzPoznLw5FWtVeZdh6Q6A
DA:687,0,xjcDBnSwra0OiNOAYAwoHA
DA:688,0,7BCER54JhoWXQWmGzTLAXg
DA:689,0,/lO2pJ/wyWgvQqHdmypz4w
DA:690,0,Iyc7OFdUwu47XssfhAqplw
DA:691,0,QZPIL9IO1HZAMWRvVnoOeQ
DA:694,0,i3GLE19FpmbGSuJ/9ofh+Q
DA:697,0,/u/8V3K8ag5ApcSO3rJuEQ
DA:701,0,qLHgkwrV1PQ5LlcgwC8brg
DA:702,0,eXlNRmn0M6mw/TesJtKfog
DA:703,0,jCcadtIxEO+QWIT163ILAA
DA:704,0,0LZeb2nAD308V8waJvRAMg
DA:706,0,UmJsVT75c10P1AGj1trQwg
DA:707,0,/pWgQ9CDaho+5KxWgm9c1Q
DA:708,0,W0t7O7TAoC1ajut27vU2Cg
DA:709,0,K+sL6fI16P2TMZfoYoXhRg
DA:710,0,gBuGke9CCM5n6HtShGK+Vw
DA:711,0,7jJT8XzqpMNafa0Nd/D5pQ
DA:713,0,ter0KWvCq8OCChbDAsqDzg
DA:714,0,viXaKqXwDy/ZQxMeQJc6pw
DA:716,0,Smr2jdrJ3VCfFhtQHNkuDg
DA:717,0,s+I0wPIA3lVziWCZWaF0Mw
DA:719,0,MbZl/5UmiQxqk4bErDiQgw
DA:720,0,ut4iUbUK4RtPdbzOyJgWQw
DA:722,0,YbuKLXfOfK889Jve4fdLkQ
DA:723,0,gQC4plaVSt546JAEX5Xkjw
DA:724,0,opjJRT9Kox9O6tuYYsexFA
DA:725,0,RY8HYnX4bBFRz6z29D3WfQ
DA:728,0,UBKPAkPw9i5hyGhypZDygg
DA:732,0,HmVNDSHpjqjQRVIrxYYWwQ
DA:733,0,k3ILcAPftOXxcGpVa/Q1+g
DA:734,0,QXUE72a4v2IrpGiK9lkH0Q
DA:735,0,l74CiLSrTZXYy80pJ2I9bw
DA:738,0,z/4zvX+ujlAkwuCyyieJvQ
DA:740,0,C7ABWgI9GMB1KZeudwbPeg
DA:742,0,YbuKLXfOfK889Jve4fdLkQ
DA:743,0,Pckr+TaYFj7OiKmcCZ8rpw
DA:744,0,4eRypJgHwnLCmvBHh0f+Sw
DA:745,0,mLDXSppnfMriCf+fhluZ5A
DA:746,0,OKOKiVCH4lBvcWxmnFb1kg
DA:747,0,Z1Pm0FEAZJNXGO0zeLhu1A
DA:750,0,zx2jdIS7TD4KpD0EgD3i0w
DA:755,0,4LgMgWBGno1n5MNJ8WRFsQ
DA:801,0,aQc8wyQawbuiLhFXB2WF3w
DA:802,0,GTdN3JOjg2w0mQg68ORMKg
DA:803,0,by34l/V+o21GyigxQDMfdQ
DA:804,0,I0GNYYdTv0dU638tpv+Dxg
DA:805,0,HgK6vkIhsFTVwK1m44Fhwg
DA:806,0,zOtsFwkGsfdAN9yFUpX7ag
DA:807,0,1T6evwKsVsVDVgZGcopXng
DA:808,0,7gj+1pswoy0y8vU83YvVGg
DA:809,0,AtNmVhRi5J/uQT7z8Kxscg
DA:810,0,tKwvQs5n/b4L9M1UCty+/w
DA:813,0,amjTkYSukKJoN+NXwTULXw
DA:818,0,4LgMgWBGno1n5MNJ8WRFsQ
DA:867,0,aQc8wyQawbuiLhFXB2WF3w
DA:868,0,GTdN3JOjg2w0mQg68ORMKg
DA:869,0,cGWRrapssPCHEu3Gr4X/Yg
DA:870,0,57LnnsHCP6ZATeUtoOOCYA
DA:871,0,zOtsFwkGsfdAN9yFUpX7ag
DA:872,0,1T6evwKsVsVDVgZGcopXng
DA:873,0,H7G/LVK2rrz63IVJ7Tm+XQ
DA:877,0,udLMbUrbtunpFTY+GuzSew
DA:878,0,fMiB/GYWSl0aVgJk9GdU7w
DA:879,0,AtNmVhRi5J/uQT7z8Kxscg
DA:880,0,IY0cCm0k2pBZcD4YPEA+bg
DA:881,0,tKwvQs5n/b4L9M1UCty+/w
DA:884,0,x2FJ/cE0yVozoljF9N9D6Q
DA:885,0,gFdnwIzxJ64X+nD2UauP7A
DA:886,0,wWvyVCzDRWfTVXhFZNNl1w
DA:888,0,iDRWZMe7ZaYhoU1KKcSUcA
DA:889,0,wWvyVCzDRWfTVXhFZNNl1w
DA:891,0,kPXCm8GeIiQHy2X1z+aGQw
DA:892,0,wWvyVCzDRWfTVXhFZNNl1w
DA:894,0,mnoV0T4hEkr2W8HjAfJidA
DA:895,0,wWvyVCzDRWfTVXhFZNNl1w
DA:897,0,Yl8brOi2yKzvPIZFCwDYXg
DA:898,0,wWvyVCzDRWfTVXhFZNNl1w
DA:901,0,7HBtdlfqepI/dhOsQLDUBg
DA:902,0,AdddSZ9uGFfL+GP/kgu3KQ
DA:903,0,vAMXC3CtWVOZFiXjQ7+6JQ
DA:904,0,ANvnnjee9bYubBQyu44c8w
DA:906,0,mnoV0T4hEkr2W8HjAfJidA
DA:907,0,ackOWdJx2/IgtB/ELuvQJg
DA:909,0,g22rfKjJzPup/ClKJChGXQ
DA:910,0,1IDmVQVftVIC7aVUAzzxxg
DA:912,0,ky6YrnxGyCOeVNJiuiRLtA
DA:913,0,AoQuq8tfwed+8TI6eflQjg
DA:914,0,2sU83O1jCDAzGGQVajWITg
DA:916,0,Tex3oDLsTtjmI9H6Z5IskQ
DA:919,0,EHuARJ/+stSuv4AiEq8F3Q
DA:931,0,4LgMgWBGno1n5MNJ8WRFsQ
DA:942,0,jIDlwr3NEHMRDRBPC4zxwg
DA:943,0,EZJ8/Uo64ShPoO3ByM6S5w
DA:944,0,WHqIPjZesEGuCI0aN+sm6A
DA:945,0,pH+sDOEriArIuT7sa/9fHw
DA:947,0,nS0uzFXVxeAHKIQGgFCKTw
DA:948,0,9Yl+Krq/lJpwB67GG09Euw
DA:952,0,a1dDQULuWx9Fnlw8GN/vEg
DA:953,0,SqhXo0DQU5sI7wcQYJTKqA
DA:954,0,jljKd/Bn/lmKV8Oe4f9d6g
DA:955,0,QKD625SwiufRUW3L0MWHKQ
DA:956,0,J0PxGDl1YCDulLHebhJBDQ
DA:957,0,gNsbfij48eIbznLODg0aew
DA:958,0,YowwyKq5GMWsYApTLEbtaA
DA:959,0,58HB+DayaysEZqbIWmEEEA
DA:961,0,1Bqf6Mk5TgGMssx9voeTxg
DA:965,0,BAm7tMV3PVKUOuUfHSNusQ
DA:968,0,xvWIcpcyNr0gyGcTkdMxXw
DA:969,0,w/NYr95CXtDbYeXQo8lS5g
DA:974,0,Pkwsntebe693LwjKD9saWA
DA:975,0,oRKYYVM9Ptc8EY62iCWWlA
DA:978,0,5VyNcly07G5BnUJM0u04Qg
DA:979,0,EI5jb9ouDvIU4++EIcTufQ
DA:980,0,YF8I33w5v32EJL0Xs1DiqQ
DA:981,0,xjcDBnSwra0OiNOAYAwoHA
DA:982,0,keKHnqPu4Evy6CgleBmWtg
DA:983,0,eDv4sdo0P607swGYhjlu+g
DA:984,0,voSVjV/mDYE5Wiz8Mqe8mA
DA:985,0,glR5p3iPGrYQFzlSm9HNrg
DA:987,0,2+orKyP1zm5OgKmjlgcjRg
DA:988,0,rP8fYSJxv8GfjIa9EzhGDA
DA:990,0,75l5Tp2dkJew37xcLoSYJA
DA:991,0,glR5p3iPGrYQFzlSm9HNrg
DA:993,0,xpH3X5t+eB8J0NzSDezzew
DA:996,0,o7tvNiq40uwo8eP+lY5kyg
DA:997,0,QZPIL9IO1HZAMWRvVnoOeQ
DA:1000,0,PQbqs9tSHLJRJ4qWPLkbjA
DA:1006,0,zjhCxaKVDf6F/EX7vg/NYw
DA:1007,0,xjcDBnSwra0OiNOAYAwoHA
DA:1008,0,AGjgmu17XAH6ZVBg7+l19A
DA:1009,0,PbhXYnCQUWUhpD3XBsWjFQ
DA:1010,0,pA2L+MEoi30iRUBhv7S6Ew
DA:1011,0,axVYTCLFQli4HbWCEGHg2A
DA:1012,0,OxFjOF0BrjGaACMOrGT/lg
DA:1013,0,hpMnnu0A22Vwkjd5HfNwHg
DA:1015,0,Jk/53jzq/r3C5WrOV9tEAg
DA:1040,0,0UoMyttOb+OOxNebJxqLHg
DA:1042,0,kwfq46KUz/i1El8hiR2JWA
DA:1045,0,hxe81gJlQfkDsTQjw0hlQw
DA:1046,0,CHUIpqzGa4+XrQ3jhKmooA
DA:1047,0,/C1OsW5KAgeORjz3CtWeBw
DA:1048,0,ocqGxppnssxlizWe+QnL+A
DA:1049,0,+XJLADsAwzNfWSZEwmy8oQ
DA:1050,0,CubyoAGfsEDpfGMoe9ZSVQ
DA:1051,0,qv3mLTFte8cs5bSDBeI56g
DA:1052,0,Oky8hye8vHLVTLVXjbitLw
DA:1053,0,ohXBw11Kxh1XciGHMTqd7w
DA:1055,0,5Rn4oX7c4pPaXSvRAjy2qA
DA:1057,0,XwauE/p//JF5vnNqI0Im+Q
DA:1058,0,SkO+HohD3ftvzHDUY1PbjA
DA:1066,0,goBqSkqfYxPWd13zYKnqaw
DA:1067,0,CHUIpqzGa4+XrQ3jhKmooA
DA:1068,0,kwfq46KUz/i1El8hiR2JWA
DA:1069,0,NvVxGrDiJsGH6QhWsv4EYA
DA:1073,0,N5IaDqtLeQsHgclTIdDedQ
DA:1074,0,3GPVDpeKL27ZdfmAScy+LQ
DA:1076,0,/DGGMXyoOTY67staby8WEg
DA:1077,0,5Wvu6r7FSzDDGkiknyN/fg
DA:1079,0,BqX2JNUJ8Wauai/ghs9dMQ
DA:1088,0,JtP4dffttV3CrozviCnaCQ
DA:1089,0,3GYLz/GSSxWx5UdxbU1LOQ
DA:1090,0,xvWIcpcyNr0gyGcTkdMxXw
DA:1091,0,QLBPSrFEXKFU2spplQjgvA
DA:1092,0,9nhyhjJbZMxzTI8v0BvsUA
DA:1093,0,IIUWWaQJeLUnRgPlfdm/mA
DA:1094,0,dquiAd0b6I3SPuVFJDK09w
DA:1097,0,CybVvcrYr21pde0ZZFfthQ
DA:1101,0,ieh+j5laeK9BKrwYVFShGw
DA:1109,0,a1dDQULuWx9Fnlw8GN/vEg
DA:1110,0,SqhXo0DQU5sI7wcQYJTKqA
DA:1111,0,jljKd/Bn/lmKV8Oe4f9d6g
DA:1112,0,6P12tCPezppOZQLc1F3EsQ
DA:1113,0,iAJ2TXAw8XMQkaWRezbqOA
DA:1114,0,+73mG23cLHarHH28JCPaaA
DA:1115,0,uMJWMg3GOsYS94/vj9BqGg
DA:1116,0,s4zdwBWv2khNOMT6PxW9yg
DA:1117,0,hXDG9CNkd/y0dXHfKUlbWQ
DA:1119,0,Cxvin0EiFgywMM/S/vZbLg
DA:1120,0,J0PxGDl1YCDulLHebhJBDQ
DA:1121,0,gNsbfij48eIbznLODg0aew
DA:1122,0,w7iv7z4gyqeIvbEuyPV/8g
DA:1128,0,BQMQdXvZ6t0VsbW4SPgndQ
DA:1131,0,xjcDBnSwra0OiNOAYAwoHA
DA:1132,0,bpkpLUOJUiPGjfzzsxAOrA
DA:1133,0,NRKddvfShgCDrZpYhby/OA
DA:1134,0,EoZeAmxGEyd6o7EKqseK+g
DA:1136,0,FEnpYi7upvuF8mOLy7AjWg
DA:1137,0,MsyzqgcMj7RohjAmhr1qkg
DA:1138,0,IuJvXf6BBZEuTx7J8SmlNg
DA:1139,0,NvVxGrDiJsGH6QhWsv4EYA
DA:1140,0,cCzhnT+1tmGi11b28Pmfwg
DA:1141,0,IUt4971yFF0MDzN6urAehQ
DA:1143,0,6cyWIAParLygv4PAP5G2GA
DA:1144,0,557jSpbRtBXaUTqi9TNcVw
DA:1146,0,nSWFUlWOc37xm0gI8dk49A
DA:1147,0,11MKwST99KXY70jd6Mfh9w
DA:1148,0,1ZG1AWDC5Zqg2qV0EeMbUg
DA:1152,0,motXVFPPUSqiprJ/vjSslw
DA:1153,0,v8kc3zlIBzYXgXQTZmmxPA
DA:1154,0,fDEwemryDoOYBl4VpLOeug
DA:1157,0,SQOKDtufp0LeMoPGqywOMw
DA:1158,0,qlxAe1UjnLHj3XRyBvKh7A
DA:1161,0,gIsJOsfC1OzfsAIGAhKRzg
DA:1166,0,TMlXpuWbOSTWu6ht64egzg
DA:1167,0,WixMaKUv8afz3HDNYCP1Qw
DA:1170,0,TADXGFGPWvtiQprDyxPiXg
DA:1171,0,vcN1J1BEEBGU567Uda2urA
DA:1172,0,zH4mYwIJnI/xeL31ByTGtg
DA:1173,0,Cxvin0EiFgywMM/S/vZbLg
DA:1175,0,PQbqs9tSHLJRJ4qWPLkbjA
DA:1181,0,EI5jb9ouDvIU4++EIcTufQ
DA:1182,0,cvEi9g2A4YmE3EbpF4TPqw
DA:1184,0,xjcDBnSwra0OiNOAYAwoHA
DA:1185,0,XUycONbb5y5Iy4i3e52OQA
DA:1186,0,tomL4k0tWrcvPXO0hcpnFA
DA:1188,0,EQmsvnn0K3Ei5Y9pDcgB4w
DA:1189,0,pA2L+MEoi30iRUBhv7S6Ew
DA:1190,0,o7tvNiq40uwo8eP+lY5kyg
DA:1192,0,RvzOFL3+kLIW+y1yskm9MA
DA:1195,0,8uo54Fav2k4K5AnhUyX1RA
DA:1206,0,ZIdnK6JZwCMtKgDadSzPCg
DA:1207,0,xjcDBnSwra0OiNOAYAwoHA
DA:1210,0,yQvSKS53ItX4qb6d1k5WNQ
DA:1211,0,cCzhnT+1tmGi11b28Pmfwg
DA:1212,0,41ict3Y4mx9sc8paBUPdTw
DA:1213,0,x7eKIGmc+25b0ADqH0hY+w
DA:1216,0,xjcDBnSwra0OiNOAYAwoHA
DA:1217,0,rC2PjEY9XQI9HQ6M5Q4+Sg
DA:1218,0,1KGlvsZXY7SszluAUErjVg
DA:1219,0,OuSwC8HDso2m5CGOIGvjFw
DA:1220,0,0KfA8wwc0mld1gTxWyXS0Q
DA:1223,0,kpyGPE0P97T8AkYF0Jb9+Q
DA:1224,0,Zv8d4Zja/yxmKiaR8rFDMw
DA:1225,0,LUAwqtlwsXIcgHQZLt0DrA
DA:1226,0,cCzhnT+1tmGi11b28Pmfwg
DA:1227,0,LuNHfY0q9Esayie17Vv7zA
DA:1228,0,x7eKIGmc+25b0ADqH0hY+w
DA:1232,0,6rTnFuaETJNQFRpHVqFmHw
DA:1238,0,1jZCh9y5N97ilVu01Bt7FQ
DA:1248,0,HmADa1g/W1C2Vo9Wm4sNNA
DA:1249,0,VHthMrnuFa3Fn8dp2GRWTg
DA:1252,0,3B+VNTc5eF9C9fHjngcxBw
DA:1253,0,Gv/WSi1roVYi9znm4kS5+g
DA:1255,0,n7rtgrqNUBQyuaOXdATyGg
DA:1257,0,9Q30wmgMitzzph8thh+LAQ
DA:1275,0,FnBrTGovHeamUO23KCBfMg
DA:1279,0,o8oMKjJ24ZyqZT9E47sbRQ
DA:1280,0,3EGgeh9uutNj2FAXNltkhg
DA:1287,0,fX/jT2bx4/+dDK2KCEXiyA
DA:1294,0,PnHtksq8ChtYZoJ7TIf4CA
DA:1296,0,w6MH/dlc24V+ZFvyEgZfUw
DA:1300,0,XrV5yXLuo8bn6LTJjL+ihw
DA:1304,0,SYzytqG5cFUJPUW7oQ0sKw
DA:1307,0,f8FKPSkhmFo/eJ9BFD1QXg
DA:1308,0,ZjcTVfLSxJNk45l4X+irPQ
DA:1310,0,glR5p3iPGrYQFzlSm9HNrg
DA:1312,0,nYc0JsrgDZaES2HWP5tUZw
DA:1330,0,LqrKNb9tXBrGrU719Tu7Yw
DA:1334,0,woPaiP7TWv6R+RjNqh+cyw
DA:1362,0,h2z3B5ne6Qg0S6fPNWArkg
DA:1365,0,lm2PEzQtwyakKnHLnsMYmA
DA:1368,0,HmADa1g/W1C2Vo9Wm4sNNA
DA:1369,0,VHthMrnuFa3Fn8dp2GRWTg
DA:1372,0,3B+VNTc5eF9C9fHjngcxBw
DA:1373,0,Gv/WSi1roVYi9znm4kS5+g
DA:1375,0,n7rtgrqNUBQyuaOXdATyGg
DA:1377,0,90WKx+jihbpA+J0oAVWA1Q
DA:1380,0,iteKwfusQkCaGbIbdVYDNg
DA:1384,0,pZ86dkivD2nYBqF/H47q1A
DA:1385,0,avVuE3GWhoVFfjlyJojP1A
DA:1386,0,rbvk6Rc8+1zRa4aRXXiVNQ
DA:1387,0,rFm/GRFdr7UPzW8hFsyw/Q
DA:1396,0,h+Hd/OAFFidyDiLHx89Eow
DA:1397,0,sGiTfSOdCTJY0/ApRAnavA
DA:1398,0,ce83kxILe7FgWmfVUmshRQ
DA:1400,0,iJNtQ+zTMfOfjtYYD8e3ew
DA:1403,0,33lAYyc47uQ1JvUq3VxVfQ
DA:1404,0,wm5l/6L5MQZraTW+QHJOyw
DA:1405,0,qsPnnxAgyh62AC+lxuSryw
DA:1410,0,51jphviw6oaugDeqvQ3ZXQ
DA:1411,0,i58isxe40X0MyLJndPecSw
DA:1413,0,J0xooqNQCOLB8XF0M7Ycxw
DA:1415,0,apZH2mJCz1KVi9seLguVrg
DA:1420,0,p7KnZLo53jWqcytxswsbdw
DA:1421,0,30Ej15MKtW3BPQm4jfQOEw
DA:1423,0,Q59b+WxgsuFKR8pbnffefA
DA:1424,0,ICFJcM/mZS+RcZ6ZIEi8Lw
DA:1425,0,fSJrAA/X8zdiQI1v6Mafgg
DA:1426,0,2EEknt+Jpy/OaL7qRK7y1w
DA:1429,0,kA+hCiX9llSlMLEyigAp2g
DA:1431,0,bIu4Be7EBob5K1KfKAaDAg
DA:1432,0,WiB6UCp4Uv7WqadtNUL3QA
DA:1438,0,kY1ZEny4kXg6nmG0bww0uA
DA:1439,0,WKVstmUAAOGYgvZl8nyIfQ
DA:1440,0,/PDJNm8M8nGorNoNxUXKYw
DA:1442,0,30Ej15MKtW3BPQm4jfQOEw
DA:1444,0,2EqlcVDrjXfCv0a97Hqzmg
DA:1446,0,X115G4CwmLkek13LoY9EUg
DA:1447,0,eGxtRhqCPIXkhvHk2QRCWw
DA:1448,0,kycMaH6XbPuAfUpgfG1Lbg
DA:1449,0,OXdsl4Y8hK1JuNaD+rIPXw
DA:1450,0,yZgOHAs/qynxmAiSu1mfjw
DA:1452,0,SwJTzqJYl8bfjDplbC5uhg
DA:1454,0,ovL+DZA8iIU6vgaCvI/v5w
DA:1455,0,7TsGrYQeaOl2nTBdzXfvTQ
DA:1457,0,j+CcxAIEiLeqjzkbiEHnZA
DA:1458,0,kkfTAGM9/6B+jdPGhnUnCg
DA:1460,0,leWPu3a92U46XgI3/MVg5A
DA:1462,0,PWwgKjM9MWL1nsvpsKjJtA
DA:1465,0,BMbHx1O8WiIpb93yMT09Mg
DA:1473,0,4myeufcr3bw69viIvZryDQ
DA:1482,0,HmADa1g/W1C2Vo9Wm4sNNA
DA:1483,0,VHthMrnuFa3Fn8dp2GRWTg
DA:1486,0,3B+VNTc5eF9C9fHjngcxBw
DA:1487,0,Gv/WSi1roVYi9znm4kS5+g
DA:1489,0,n7rtgrqNUBQyuaOXdATyGg
DA:1491,0,h+Hd/OAFFidyDiLHx89Eow
DA:1494,0,CDvoz9NCMj7ox/7ClPdIiA
DA:1495,0,apZH2mJCz1KVi9seLguVrg
DA:1500,0,p7KnZLo53jWqcytxswsbdw
DA:1501,0,30Ej15MKtW3BPQm4jfQOEw
DA:1503,0,tCDZGdbC7Z6VpmcP4EE6qw
DA:1504,0,+bTDkP2IB/t46TidniEI9A
DA:1506,0,HmADa1g/W1C2Vo9Wm4sNNA
DA:1507,0,ALrdtbfbYuDX7VBDYPJbAQ
DA:1511,0,SzDqqYGbRV14ius4FrtlYQ
DA:1514,0,kY1ZEny4kXg6nmG0bww0uA
DA:1516,0,O7cUweBexSLOo1bwQCUHtQ
DA:1517,0,0MAIzB6sW/w7iFatMut6hA
DA:1520,0,Z7MXr1NDPAD9z2Mrh1wxsA
DA:1523,0,90WKx+jihbpA+J0oAVWA1Q
DA:1526,0,iteKwfusQkCaGbIbdVYDNg
DA:1537,0,NVva4jySmBVB7k+ldsPvXg
DA:1541,0,asWHmnQYB3T9FbjWQPcg0A
DA:1547,0,Z7MXr1NDPAD9z2Mrh1wxsA
DA:1550,0,9Q30wmgMitzzph8thh+LAQ
DA:1554,0,3Q+pOR9kKf05Uk9qJrW+5Q
DA:1555,0,++FvkpOzFoM0qbBRDexpag
DA:1556,0,Za7E/r/8R9ZiCp/z/RNvqg
DA:1557,0,PPUBHXK/nfAurpleKhyBog
DA:1558,0,HoQJBSdrWJ5a5VJSvIx2MA
DA:1559,0,JgMUCRvQZFrCZMjLDJIwnA
DA:1560,0,oaMxUZ0mXWQhjLihPsuPYg
DA:1562,0,F/8H1PZQ1j2jY9a3em18aA
DA:1564,0,sYHfGHGnG/D7+u5AONzYHg
DA:1568,0,nYc0JsrgDZaES2HWP5tUZw
DA:1573,0,o8oMKjJ24ZyqZT9E47sbRQ
DA:1574,0,3EGgeh9uutNj2FAXNltkhg
DA:1589,0,ZjcTVfLSxJNk45l4X+irPQ
DA:1594,0,IOn3ro4G3s9bc6I4qVMZEg
DA:1616,0,8/+TmtqFocaPhZMJZd1SIA
DA:1619,0,O25s8wkBEfIDhtJdR8KD4A
DA:1627,0,BnZEYjb318S47uWitt170w
DA:1628,0,E8ZZZamiVIV9x9aAquV+HQ
DA:1629,0,AAPfosK1yfmdeijyIvjcMw
DA:1630,0,1diLsa2t3FtDiWIBy892xA
DA:1631,0,npF09Qp/gLtNmjePPGMcbA
DA:1632,0,0PKkWaei3xpT7C7kw4DcEg
DA:1634,0,h+Hd/OAFFidyDiLHx89Eow
DA:1635,0,oQx7wGqHxNOzh+bJWrBmGA
DA:1637,0,90WKx+jihbpA+J0oAVWA1Q
DA:1638,0,qd8feBmJo+Vg7u6QJmS93A
DA:1639,0,UkCcDRQnPSedRzxvy/QIig
DA:1641,0,XRkIOuR2Fb/Er7J+8TPH+w
DA:1642,0,yBXCozTZAUgTJo/0o65Zjw
DA:1644,0,ef5UXziuWSESY715LrNEUg
DA:1646,0,iteKwfusQkCaGbIbdVYDNg
DA:1648,0,zuZAu3BSCNaSspIqpZnblw
DA:1649,0,SzDqqYGbRV14ius4FrtlYQ
DA:1654,0,kY1ZEny4kXg6nmG0bww0uA
DA:1655,0,j0609dTHqPWpGdVG9S2hFQ
DA:1656,0,seLSafQE+WwdSCp0FVgImw
DA:1657,0,I5sdVkD/2G8s5BXyOfZtcQ
DA:1658,0,eOLA2g3PV+p/3M4kfOLneQ
DA:1661,0,Um9cRjohqPwSHppKbQcK7w
DA:1664,0,drYC/yLJ76LcRQGuhJisUw
DA:1672,0,lQzju6leFveXWxqBvpoXCw
DA:1673,0,AAPfosK1yfmdeijyIvjcMw
DA:1674,0,xVJFlihWmhN5rlf819ZCEA
DA:1675,0,g74QlojLIxEhbNpk/rAJTQ
DA:1676,0,ZjyVuE+Y0GlTF0D5UyKyUA
DA:1677,0,/aZrTOhoAqQEii4W0QJsyw
DA:1678,0,jr764yTok+xOZRESGFc7Aw
DA:1683,0,0UYYJANSGQR1WXt/r/gnyw
DA:1685,0,L7p1onD5lVvtrUr2UcgVWw
DA:1687,0,h+Hd/OAFFidyDiLHx89Eow
DA:1688,0,vmZ7+l7TpRF2ySLspVhErA
DA:1694,0,kY1ZEny4kXg6nmG0bww0uA
DA:1695,0,APwBOeDaXyMQrFvGj3+ofQ
DA:1697,0,GsTGVT1XAdZhAkZCvo0jCA
DA:1698,0,Nwu4S+XuqwoneEPqNRUQ0g
DA:1701,0,fP2e20ywSXz66yLP/NP67w
DA:1703,0,L1CxR7JtqF1Rr85QC/t7Ow
DA:1705,0,90WKx+jihbpA+J0oAVWA1Q
DA:1707,0,52Goi/GpIdRR+ZaKyum3tA
DA:1714,0,dWbMRYc6HBLXT/IHMFW62w
DA:1719,0,9TPUNlSoG8Jovhka2rXqEA
DA:1720,0,pFg8IBRq5g0/ILU8+YdTTw
DA:1722,0,e5ugscmRDXf1HjUILLFvCg
DA:1725,0,zTBKR5+LbrhyvjsS5PG4tQ
DA:1728,0,dLcoHYMR60+x8U8yPXG4AA
DA:1729,0,by34l/V+o21GyigxQDMfdQ
DA:1730,0,OFcDf9AHg3dePRM5+S+FMw
DA:1731,0,7gj+1pswoy0y8vU83YvVGg
DA:1734,0,VpFGsCjLuKPDdoB9zWvL+g
DA:1762,0,4LgMgWBGno1n5MNJ8WRFsQ
DA:1785,0,a1dDQULuWx9Fnlw8GN/vEg
DA:1786,0,nS0uzFXVxeAHKIQGgFCKTw
DA:1787,0,AjaCznfYmsLgdQWFOR74rA
DA:1791,0,MwNi9BzTQmMdXUfg0yoVAw
DA:1792,0,+bFSh4oED5mWy/mzcsWUMw
DA:1795,0,HbHIMLONKgfr8dF5qVpTOQ
DA:1796,0,Pl35KzeP2CMmMjUqIFUIRQ
DA:1801,0,LhKkxoXkeYeWjAKpeyNF/g
DA:1802,0,P88nanPrmSL8aKQ+lk9XnA
DA:1804,0,PAo4ULMts2uI2Mh5w1SLHQ
DA:1805,0,LKNncJwEa9duYHVJPmwgzw
DA:1807,0,bG3IdDWUogYHZDIDTK7ENQ
DA:1808,0,LKZ1+eSmLfl0vFsq1YKu6w
DA:1810,0,q2dsHB4WVqfvSnkb8tTB6g
DA:1811,0,KiAKs311W5/L+7kAmffvKA
DA:1814,0,OMY18IOJBS+W65UdUkX+cg
DA:1816,0,JspOLqjae+sNgZfXSE2G4w
DA:1817,0,k2rEL7vrNFNRq8jH7bjDig
DA:1820,0,6+i9VAVKZjS7UprFz0wzFA
DA:1822,0,JvPyT9lNcAHWDW5nzhMdrg
DA:1823,0,Vu4+i5R95eKTOrTIN5KGfA
DA:1824,0,RYDTLqR7G/jLggzJ7GbhPw
DA:1827,0,uBBNw72JsiU5knmdE+T8Mw
DA:1830,0,B1W9JaSbkzHMMNQJvUbFtA
DA:1832,0,q/V6jneImYQ7qYjc0qt0XA
DA:1833,0,WOTI/dSECoNgVUlj5JBpMg
DA:1834,0,WsssxUDVjwSOB6n+0RAtKQ
DA:1835,0,bSK8yQ/Qg5jYYo9js9Zlsw
DA:1837,0,hToZF9LGqIpjLrbP5pZ1tg
DA:1839,0,7d0OJRmd6SreL7EqsvoZ+g
DA:1840,0,+s9rqSkCp97ZvKoK819nPg
DA:1842,0,y6yLHydgVUPFBjxYxONWDQ
DA:1844,0,SyyUb2IiED8fOhq5hojYWw
DA:1845,0,kznREQjXbApEitbAj+tXhg
DA:1848,0,aiEOnIHGvdE1mNrtOzQcUg
DA:1849,0,MVH0Ry8uO/re1EZGw4lAgQ
DA:1851,0,Ls0Q7fGzsrhHw7jtMaofpA
DA:1853,0,8gis6ifNpVWWFe6kfkR3YQ
DA:1860,0,KODd3acFnNmEU7ndpY/oOA
[...]
DA:1407,0,iSNzn2gIdqEwnnWzqziUSg
DA:1408,0,oZfOQR5FwrxZru+fapOMGg
DA:1411,0,rNHJOWiOuRkXHwly+ilW7g
DA:1412,0,B+ZJQ8zBxPMiDZhsnR0Fag
DA:1414,0,W1xmRi+20A+11BbDlPlYAA
DA:1415,0,3SlcY9jZd0VqQTjOhr4nNg
DA:1416,0,lppJvAiWalj/RP10Wpe+HA
DA:1422,0,UV1Hk/+iJamRTQvbQp11oA
DA:1423,0,KbloM+7hKGRazg4XJCEDzA
DA:1424,0,495YwjukYh/5ppXSvX1xzg
DA:1425,0,NCwApqDR0Mf6RDuIHj1M0w
DA:1426,0,idFojtHl1lv/0UmD5mn4bA
DA:1427,0,A2teEasH1SYFi6sQPcd4tw
DA:1428,0,nkVhlRq2ZDB9AU3CzM1FFw
DA:1429,0,R6qHKwtayT+uYR6+DUxT7Q
DA:1431,0,wF8t3rKn7LABpfw1pC7zpQ
DA:1432,0,9oqIZuXgzXxM+Sv9qbdbBg
DA:1433,0,7ZMwJd1bF5TQ5CqYZdw8ow
DA:1437,0,h5UR1echymJvfkLZxm9a/A
DA:1438,0,F7wDH3sFGFwoXFd1c5X/EA
DA:1439,0,md/Uz44Wz3C9zqcydn68Jw
DA:1441,0,EXD073uAseZjybk8ktXWAQ
DA:1442,0,K66Mg49T0IFYpyFnjgIPdA
DA:1443,0,gLotv0iEe2zdtyASp2kpDg
DA:1454,0,4+pckvKfMfqY+riiT8ZFEA
DA:1457,0,62lcTW3Jex7NU6vh153xrA
DA:1458,0,Pu/PzK+TehyoCQsF5aTKhQ
DA:1459,0,YjlS0qRaZNM80fCscK4jFg
DA:1461,0,fMX9Ajpdy/9dbTiirSAlVA
DA:1462,0,an1AZ7e6ZmelTKIUWQPjjQ
DA:1464,0,lT4ieY8jboWcDYN6jrdMMQ
DA:1478,0,37PZlVLwhtM/3jpKdZ5FDA
DA:1479,0,ahOZBTvo/XBR1HlyNwt61g
DA:1481,0,EXD073uAseZjybk8ktXWAQ
DA:1482,0,b9gE9lpmRQNy+Lqe+TahTA
DA:1483,0,Pu/PzK+TehyoCQsF5aTKhQ
DA:1484,0,YjlS0qRaZNM80fCscK4jFg
DA:1486,0,2JzKYyIPvWrYZ4MrdxKrgg
DA:1487,0,Co/CZWTX6J+c4DiBMHgEVA
DA:1530,0,Z4esDaAmo5+IAXSsMO9YIQ
DA:1531,0,di9Z8oY1aDPyibme86IJnA
DA:1534,0,b9gE9lpmRQNy+Lqe+TahTA
DA:1536,0,Pu/PzK+TehyoCQsF5aTKhQ
DA:1537,0,YjlS0qRaZNM80fCscK4jFg
DA:1539,0,fMX9Ajpdy/9dbTiirSAlVA
DA:1540,0,/mD+4o4/lzScBLQIU30SrA
DA:1542,0,AclM4qtHcQvJ7Xl51SylxA
DA:1544,0,zD9ZqECmNzd15EzqXI4F4A
DA:1591,0,o4Q6vd98JqPA07QaIDZlNw
DA:1592,0,Wu9vm+VfwDUE8chiHXtJKA
DA:1594,0,Cw9R6+E+pCi/nEUTo2nb1A
DA:1595,0,Egfs49BHEY3mOu3sf7EvJA
DA:1596,0,pRlqd5VGl+NgMfdLNYSvjQ
DA:1597,0,r4GkfVXOuo+Zcv37zL+nyA
DA:1599,0,rPcG8b/edN0OfA3MKztLkw
DA:1600,0,1hLJRehTHiXj84RTIv1IaA
DA:1601,0,ETfMlXlaVZgW9TRZM2PAbw
DA:1603,0,SjvLWitT1V7aiO3DDMAlTw
DA:1605,0,lnatFu0IenC7BDMoG6t0UA
DA:1606,0,TMqGcZlnQOuWHw5LzRnU6A
DA:1608,0,leWPu3a92U46XgI3/MVg5A
DA:1609,0,uxdO9NGagXcgquPrctRRFA
DA:1611,0,FY/kvnpsGB9Y/hV3yN/xMw
DA:1612,0,z1Tz2vLjjNgNsnIDAHsSag
DA:1614,0,i9hde6mIugXGbqrbk6q+xQ
DA:1615,0,5DIqgdn4lHa+TftoLnjtGQ
DA:1617,0,Z++inLoUPZhbvAA0xspB5Q
DA:1618,0,q0z15PHVEEV0K3AjSOYmVQ
DA:1620,0,CuEHTw1KVNJL6QG0rVKTQg
DA:1621,0,8zPzSVpMq+QdQsC9t5mqRA
DA:1623,0,omllOfb2T6FXYcnnAkL28A
DA:1624,0,MkLK+UkdI8IxQTb+3S7Syw
DA:1626,0,s1cdFaLqymXihNCA+RZ4HA
DA:1627,0,a0pHQWLKz+yszGjk+gcSyw
DA:1629,0,N8to/jG3f75QdLKJPDgvDw
DA:1630,0,0nJ0seeePE0c82lVAEI2Gw
DA:1631,0,jwaTgx6vwLjWRs8Iiw3oVQ
DA:1634,0,5ypYO0v/DKQO8Siwsecv0g
DA:1635,0,J53dGjgurPbYs5VV2GB9Pg
DA:1637,0,lRDJLjTDvWclMTBgvBm3Aw
DA:1638,0,UEnUnSlRO2juULWRcg5eJg
DA:1654,0,F3T4L749cHrn6hMvqRueQA
DA:1657,0,W5AByVFLeqNU/0WKFdNSFg
DA:1658,0,XjQcLsIY/LU6AmjaXB0JZQ
DA:1660,0,lRDJLjTDvWclMTBgvBm3Aw
DA:1661,0,8gCn8UboITRz/c+A0NXJiQ
DA:1675,0,F3T4L749cHrn6hMvqRueQA
DA:1678,0,QOHxY4h3xRwz/rE2sKIwow
DA:1679,0,6tRoag5KkisITWvPsookjA
DA:1681,0,lRDJLjTDvWclMTBgvBm3Aw
DA:1682,0,PzaM7KMQjFBChtZ/fwhNqA
DA:1705,0,F3T4L749cHrn6hMvqRueQA
DA:1708,0,8ta2SB8j+328rv2Iex3VRQ
DA:1709,0,A411sgY0otSO3/EtY/anKA
DA:1710,0,uAT+Dlpa+FlaY5TweX3QWw
DA:1711,0,EXD073uAseZjybk8ktXWAQ
DA:1712,0,CE3/QiPha8s8f8e64XgXmw
DA:1713,0,Pu/PzK+TehyoCQsF5aTKhQ
DA:1714,0,YjlS0qRaZNM80fCscK4jFg
DA:1716,0,KPd+MgsrFp4NsITBDrpLdw
DA:1717,0,+LkmaUoyzJDXKtwXGr2Cag
DA:1733,0,mWkOZaPTGYIPt104/TpnSg
DA:1734,0,di9Z8oY1aDPyibme86IJnA
DA:1736,0,KPd+MgsrFp4NsITBDrpLdw
DA:1737,0,kcJhTwlhMkAADkDc6Og8kA
DA:1750,0,mWkOZaPTGYIPt104/TpnSg
DA:1751,0,di9Z8oY1aDPyibme86IJnA
DA:1754,0,ZsW8/tx33Qz2zJ4iVmaCtA
DA:1755,0,Pu/PzK+TehyoCQsF5aTKhQ
DA:1756,0,YjlS0qRaZNM80fCscK4jFg
DA:1758,0,fMX9Ajpdy/9dbTiirSAlVA
DA:1759,0,/mD+4o4/lzScBLQIU30SrA
DA:1761,0,AclM4qtHcQvJ7Xl51SylxA
DA:1763,0,+r3EcYcvfiZaogT1mm+T/A
DA:1780,0,ioZICuPV03SpiXJTGvncKg
DA:1796,0,KlRGbpMgJARNO4S4hNLYIQ
DA:1797,0,3Ocfk7K4fsW+mP9O4sTkLg
DA:1798,0,EXD073uAseZjybk8ktXWAQ
DA:1799,0,xn5SofRfa4Rh7nNbDRctoQ
DA:1800,0,Pu/PzK+TehyoCQsF5aTKhQ
DA:1801,0,YjlS0qRaZNM80fCscK4jFg
DA:1803,0,MQIu6fd+FHZS1NVqE/cmAA
DA:1804,0,YPGfwRpOdjNj4kAUS/ZOpA
DA:1806,0,KxVtxdjPg42k8wuj4VuN8Q
DA:1807,0,ks7SneiE/h8h7mag3MxKXw
DA:1818,0,mWkOZaPTGYIPt104/TpnSg
DA:1819,0,mfNtqf9TPR5qwIWVAU39Sw
DA:1821,0,hlhhN+wCUnrJKM8PKdsWow
DA:1822,0,pN1XJG7JfUZPqvUpWvkdQg
DA:1825,0,MQIu6fd+FHZS1NVqE/cmAA
DA:1826,0,YPGfwRpOdjNj4kAUS/ZOpA
DA:1828,0,8GQPNzP5PsmF0UhqN6Rbbg
DA:1829,0,Pu/PzK+TehyoCQsF5aTKhQ
DA:1830,0,YjlS0qRaZNM80fCscK4jFg
DA:1832,0,fMX9Ajpdy/9dbTiirSAlVA
DA:1833,0,/mD+4o4/lzScBLQIU30SrA
DA:1835,0,xlLZiIVw1NMdOiLsZJYmWQ
DA:1837,0,DbDbEXqbj33WbLJx0nyeZA
DA:1850,0,hlhhN+wCUnrJKM8PKdsWow
DA:1851,0,pN1XJG7JfUZPqvUpWvkdQg
DA:1854,0,fa9kcXo4x8PgWzDkhcFX/Q
DA:1857,0,R214YWBoVq2o+POJndFgvQ
DA:1860,0,oEmCOpKXKwrAwxC7GPRdPw
DA:1861,0,6YRI6Lr9bezOJyL8q8HOeQ
DA:1862,0,DfcQvrslm4R696/NT/fmhg
DA:1865,0,xvWIcpcyNr0gyGcTkdMxXw
DA:1866,0,+VnZPNAiUI78O6aOrA5DFg
DA:1867,0,qD0bSL+nVIHLu9vlLbpXCQ
DA:1868,0,qyos9/F7PBgZ4xtnu7wR3g
DA:1869,0,VLmoLVfz5QJknWiZPQ5epw
DA:1870,0,HBq43/aX2MtbtF+oh3fWhw
DA:1873,0,tJ8z7eYG3civLiCm8TlL3g
DA:1918,0,YPGfwRpOdjNj4kAUS/ZOpA
DA:1920,0,AScKCGrK0HVCxOY32tOq4Q
DA:1921,0,4ZkP/6XV9E2wHFZ/XAdRFQ
DA:1923,0,oEmCOpKXKwrAwxC7GPRdPw
DA:1924,0,4AO1vkw60CeadKTNgMNa5g
DA:1925,0,DfcQvrslm4R696/NT/fmhg
DA:1928,0,xvWIcpcyNr0gyGcTkdMxXw
DA:1929,0,+VnZPNAiUI78O6aOrA5DFg
DA:1930,0,qD0bSL+nVIHLu9vlLbpXCQ
DA:1931,0,qyos9/F7PBgZ4xtnu7wR3g
DA:1932,0,VLmoLVfz5QJknWiZPQ5epw
DA:1933,0,HBq43/aX2MtbtF+oh3fWhw
DA:1935,0,bDFw27/uVeAh7XhsAZR+VQ
DA:1937,0,Pu/PzK+TehyoCQsF5aTKhQ
DA:1938,0,dhdVmPbdPwmOTc3dKl2Y9Q
DA:1940,0,iSNzn2gIdqEwnnWzqziUSg
DA:1941,0,QzNh+GnaJ9yxh2aDk5bZfw
DA:1943,0,KCZG6NoXDBLkdJjaURG7Cw
DA:1944,0,IAPHBD3yi59Ib+WrKbs3XA
DA:1946,0,dL9Fesai8zxaxQWS2hhomQ
DA:1947,0,dhdVmPbdPwmOTc3dKl2Y9Q
DA:1949,0,jTn9Gh7BfwBt2XUEBZPbJA
DA:1950,0,8DntQj+zoZXhoTYQ6suaEg
DA:1951,0,N+rG69yeOvM7utaA4oOloA
DA:1954,0,3CsUfIvLsZcZPkb2RSeiyA
DA:1955,0,Pde2eGa7cgxMMHvdfIvjoA
DA:1957,0,lKAxOt65+Ycy1VoGOYwvMw
DA:1973,0,wNZttl2Xmebt95AKtnWsjQ
DA:1974,0,QXocnRqkHTaz5wCNGWk4Rg
DA:1977,0,DHEFl3xPM2C0mvZmMQqaKg
DA:1978,0,0lAkkm+JVhH3w0G+LvOlmQ
DA:1980,0,cQohTT9xyXa55KlRsElqBg
DA:2000,0,su2u6Bg+XbUbxlBBNOcWZA
DA:2003,0,H4EGCPIkBLvfT0KzINmrqg
DA:2005,0,eBocOIdPZO+KCKQv0YII+A
DA:2007,0,FUPj+kHQqoNhLQkcDTfpmw
DA:2080,0,nzZwz4t13y77Tgd4PZlbfg
DA:2081,0,CrENKnRcabDzyfZIJLEuFg
DA:2089,0,lugo9BPtJd+ZIAzOvWgCeA
DA:2090,0,ZC7P48ez6/x/eHDwxHkW5Q
DA:2093,0,AVmeoGbSKrQOTu0gdwK8Qw
DA:2094,0,/IFxY3/VvGMhUlFQD6u+rw
DA:2096,0,Q/7wOeWF/Hh+JL8ej29YbQ
DA:2098,0,deSJaoKPDTbh16+SejNP+w
DA:2124,0,xjcDBnSwra0OiNOAYAwoHA
DA:2125,0,PL/pV0mR/Kuil4MxI5QZLA
DA:2126,0,8kh7LAcplsjI48F7pyO61Q
DA:2130,0,B+ZJQ8zBxPMiDZhsnR0Fag
DA:2131,0,PHRwQrTYAuOVJkifQfjKyw
DA:2134,0,w0lKJ7E8Q1OQgs+tt0wl7g
DA:2135,0,lEDh979pVtyZqhIrODihCg
DA:2137,0,wXOVTCbwpyZ/HWP5VxQQAw
DA:2139,0,C+xakkveUmQJnKEMn+VoRg
DA:2175,0,mklaSo1I8VJC/DjhE7CUEQ
DA:2176,0,5jHvG4DvpCIKMJpwjJLs1A
DA:2177,0,A6hifzEsi+rN97OTlMiTQA
DA:2178,0,3c+kvciWSGf3xYDTnhcarw
DA:2179,0,Pdq9yP+nq1+L4UEjynLNSQ
DA:2180,0,bm6fJhsjRFDyaL4rqOldIw
DA:2181,0,3Pt7pSxZypS3jFcZIiR+DQ
DA:2183,0,vBbGyggq6a9Ku9kBl8fdbA
DA:2184,0,66GguQXsNsTKzRLMRE2Fxg
DA:2185,0,IhhUIUEZCLq2znCfQAXOpg
DA:2187,0,+A3+JGxDey+u0Jii+naZQw
DA:2188,0,z3E1jlwT/vtSTfc/A3CDCg
DA:2189,0,i8LAxmv15JXC4mYAgbhZ3Q
DA:2190,0,gPytYW04CwqIHFo6pXzR3g
DA:2192,0,HO71C4TYUJ66EFtXZtojPA
DA:2194,0,1qwOag6sADl0nLdZ8OFobw
DA:2195,0,E8NSa2dguBh6frz0Cyj8hg
DA:2196,0,3c+kvciWSGf3xYDTnhcarw
DA:2197,0,okXT2sgzJ79/gdsO1KMU7Q
DA:2198,0,boOicawrKvxerhhjTo1jrQ
DA:2199,0,JwybBpOoWXNtVDg0USzXWQ
DA:2200,0,IhhUIUEZCLq2znCfQAXOpg
DA:2201,0,svYfnlgAoVUOIb/lBO8TNQ
DA:2203,0,rMxJz3QLmqBlHu4LYBLqRg
DA:2204,0,QimQkvYnSXp/It6Fyoptbg
DA:2206,0,xFp5ZUVDwdsZKCAUVg0tGg
DA:2211,0,ZC7P48ez6/x/eHDwxHkW5Q
DA:2221,0,jsTqeZvG8EGGABpUv9HaTQ
DA:2222,0,0fr3aQ1hNDVYIFOVLQWJRA
DA:2223,0,eMXQSzPG5Ne1PmKJuQH0tw
DA:2229,0,oydhIPLo88SrW3qHiFIeIw
DA:2230,0,y1xvIkP5FUcEuGuNUWk81w
DA:2232,0,b0xqhPZp3P5BquhpVCQeSg
DA:2233,0,xjcDBnSwra0OiNOAYAwoHA
DA:2234,0,oC/6HKs9YUsLz/UomoFqlw
DA:2235,0,Wrp//9CNc1oCYLVWbkovZw
DA:2236,0,Dwjd91USmMoWKfkSCVg/jg
DA:2238,0,1kO1s9Sdi6AiRFeQBIePpw
DA:2239,0,ZlENNBg4aZyBS3FKg5RDvQ
DA:2240,0,Xf9YGGqipXKhek7PNaEKEA
DA:2242,0,YT9376tbC8YJ1fu2JRjmAQ
DA:2244,0,35QbIej7XDJHNn38kaSMPg
DA:2247,0,W2M5vyAZOTeVsf9MkARZVA
DA:2248,0,dH6amsniCTNPF6loC8gxKw
DA:2249,0,RSu5+1sk4DK7JGPJfwc1SA
DA:2251,0,VKByucAZqx7ywIP9E2gkvg
DA:2252,0,PHF2Ho0e/3gYVNw8fDw8ww
DA:2254,0,tFtef2zLyMOehdPJkRtiGw
DA:2255,0,HkU5BZ2vcahJTV/hO700MA
DA:2256,0,eECnb5zhcqx4gWaXJ1KNkA
DA:2257,0,G2by5o5kyU/endz2eAoqrQ
DA:2258,0,cktUW1WGnPpkmasHSe2QMQ
DA:2259,0,LmPApDgdXejuut8DVqAkxA
DA:2261,0,BH1pFobEyLcB7+KpuJxDCg
DA:2262,0,0wi3kDSHApI4h4LsZP7iAg
DA:2263,0,DJD+l3Rlwy2N6XFJOjSslg
DA:2264,0,c0RCmOwlqLcXNHBmkfoOHg
DA:2265,0,F0BCmBDmzJHkEn4OfuzAsA
DA:2266,0,EvQPR7JgXTOW3SEWceli0g
DA:2267,0,O7VDrTbEYc7cICPpC15/ug
DA:2268,0,oeTNZOOgZFCYBir/GB1oWg
DA:2272,0,OOuNy2LrZAT39qjqn9cESA
DA:2277,0,fGXzSaoUDydBLo89Ww6iTA
DA:2278,0,F7QTmW36oPSaUntZJHtFSg
DA:2279,0,9Uo3ePr6i+uLBTnETGMPpg
DA:2280,0,LBu621/HH53s5wcS9B/o0A
DA:2282,0,x3v7/JJES5OgpARbaVRz7Q
DA:2283,0,esGBJvNPWNznR1p+O2ppWw
DA:2284,0,JsjC/K+D1OGNiktz3RLPWQ
DA:2285,0,OZWO+HWxbVHVMMZn9YdDUg
DA:2286,0,DFqojtviGmU7fa9Bep3jtQ
DA:2287,0,F7QTmW36oPSaUntZJHtFSg
DA:2288,0,OJ6xsSW1kkrtf/ZFLkrIkg
DA:2289,0,2aATkHkqzUQql9wizJZdAw
DA:2291,0,X14E4/xTzOm4bY9msseiWg
DA:2292,0,DRzUJeBp/pMhkwTvAl0JZQ
DA:2293,0,CQymYTQySfeJ2K12G+mEmQ
DA:2294,0,MdYivh1Ts8f+62/dsbdv0w
DA:2295,0,4Vy4mEkImC4ZCYnGUJao1g
DA:2297,0,UZJyfVDU0M+6bEL9vzmumg
DA:2299,0,oFXIr04jpNNgGtsPBhkDSA
DA:2300,0,XmbGslooXMg/ySWIa/RwzA
DA:2305,0,XGFJ43dogUU39WOZVGv3fA
DA:2306,0,nyMbFCbM6AcWop17+Qq8Sg
DA:2308,0,xgvfxanhUndqyaI/HhY9MQ
DA:2309,0,+hzmpYmrRlbAc28atrPjnw
DA:2310,0,ipLBDN4KhepTVL1dDxk6BQ
DA:2312,0,5g6hIHJjYEEhxRxNwDyD5Q
LF:890
LH:8
end_of_record
TN:
SF:/local_disk0/.ephemeral_nfs/cluster_libraries/python/lib/python3.9/site-packages/zmq/sugar/socket.py
DA:670,1,d4EfLeelmhQJ8YEA6gsVSg
DA:679,1,i3w04/A93x8s1aOXSghEgg
DA:688,1,h6W1AShAlffp10zJUvWvMg
DA:7,0,hShnGf6SZdvV1LEbSpITgw
DA:8,0,jlRoaSCIDD5LqKQ/NKgZPg
DA:9,0,AwpGUILSjGu34WAr6c5fRA
DA:10,0,mUDsnWRiqW9R9nTILGKIZg
DA:11,0,o3tPx3qEub5IllXpHwhK/g
DA:25,0,x4hXDlrumYdy96L9C/iLug
DA:27,0,+TVWkij5bLDYdpv4agjK/A
DA:28,0,js9HAq7Kno0j4NYYMDjkGA
DA:29,0,brhP5lnAikhh5wWyPY803w
DA:30,0,O40scVZLS3musWkz8KUy3w
DA:31,0,IwliMPxFVjZbdI41xi6b3g
DA:32,0,gQn2qOgwAbcNnqpY08/dog
DA:34,0,roDziUQ3AKxU+BR+T5+3gA
DA:35,0,8nrYwATKpF7UCH3V6cow8A
DA:36,0,RlQbWCiV4eASDUpuhDbllg
DA:38,0,RuZ5KcncCoRYUb0REMXZIg
DA:39,0,tlopUvzFf27ethvoRe30og
DA:40,0,tbnlR+0Rve/7U32od/W7AA
DA:41,0,5JVENzOj2O9UO3+iUj7TQQ
DA:43,0,iDglRvZTfIWolbsih7d8qg
DA:46,0,TWEfj+9wEb18sPZzomNsbg
DA:49,0,EuZ3jsd8M1irCveb/Z10Ww
DA:50,0,8VzqT7v8kbnjRyet5/IFtA
DA:51,0,AzU3fhn155Z82fh9ubulMQ
DA:53,0,leWPu3a92U46XgI3/MVg5A
DA:54,0,MRKqXAv0SIKjsm+J9np8OA
DA:56,0,ITUqE/0dmHjbKBzSSXWgMA
DA:57,0,uwfk4RnQPfRURDqP9vakcw
DA:58,0,cL/HZJGUKYx/5Pj9DHhTug
DA:59,0,1BM43IWM2sWnMOw1QLagcg
DA:60,0,qr4OZYAhK1zKnSJ+1CyXKg
DA:62,0,bW38Kmx4tIg3bs3Jg9QLEA
DA:63,0,LUagWZjgioTlFNXkSGaotg
DA:65,0,EbfBnSvgx+QDxKOnR+BaGQ
DA:66,0,o3KRLDRejFTQRq8bgOm3Cw
DA:67,0,MnzpXe1veqpfA7nIMRo0OA
DA:68,0,aqhdUt5BsubHQLyW4jhvsA
DA:69,0,zZetD1b1/2cC3J/1NeUScQ
DA:70,0,UsaqaTOlhgWp+iYgFOWIfw
DA:71,0,utU+W83Af7wkgzjIbYBh+A
DA:74,0,KgoH2jxaNzGB4i8a46duFg
DA:77,0,w8rsZGet2r+5v60oJVZVbQ
DA:100,0,DLAYW6oM0+XHENX8kRT6Dw
DA:101,0,yU9xHm8/Q4yCnDTj0Mrw6A
DA:102,0,uKHUBTFL48C5hAZxJ8il+A
DA:103,0,J4oYwkSqAkcXf938nKyPKQ
DA:105,0,jQtM9bl+OLUch3PvLmd4Bw
DA:106,0,4LgMgWBGno1n5MNJ8WRFsQ
DA:113,0,G92+VfUfow0+s71xT4Fn2Q
DA:115,0,jQtM9bl+OLUch3PvLmd4Bw
DA:116,0,4LgMgWBGno1n5MNJ8WRFsQ
DA:122,0,G92+VfUfow0+s71xT4Fn2Q
DA:124,0,jQtM9bl+OLUch3PvLmd4Bw
DA:125,0,4LgMgWBGno1n5MNJ8WRFsQ
DA:129,0,G92+VfUfow0+s71xT4Fn2Q
DA:131,0,4LgMgWBGno1n5MNJ8WRFsQ
DA:139,0,V7npXzkqFmoNDnROYJGVWQ
DA:141,0,MpMG/s+2QAGlYF5gLJZNkw
DA:142,0,MihGgnKNEPmosHLpGS2uXg
DA:144,0,R8WNQPuE7Xg9Rbj5fwbfsA
DA:146,0,FSL96w8QTfFYliFN+DGdew
DA:147,0,Exr+lug8s3eApdVKNkYL0A
DA:149,0,rfD6cvNCO9BgRZhoBgFCtw
DA:150,0,yrK3hyYSgP8X9LOu4syiBg
DA:151,0,Uk1iEqLYWHwxE4nbWtF0CQ
DA:152,0,4lZIKEV74n8+/MuIZAHRaQ
DA:153,0,uXm3/YqZVB6u7LmuXOJwqA
DA:154,0,Mit16hMNcznEd8lSMy284Q
DA:155,0,weY6NQHDJxaCdLE+kNXOmA
DA:157,0,BfRk5pgpfVmLCwSl1vfNHg
DA:159,0,e7JGPQ/fHquKSxaFrFV7eQ
DA:166,0,xjcDBnSwra0OiNOAYAwoHA
DA:167,0,m7u2DqF8WTYHQ3za04at/A
DA:168,0,o7tvNiq40uwo8eP+lY5kyg
DA:169,0,B+ZJQ8zBxPMiDZhsnR0Fag
DA:171,0,xvWIcpcyNr0gyGcTkdMxXw
DA:172,0,8PlZOme7jyIKSbn9ucB3Pw
DA:173,0,73DqMM/tqQHuZOmnv6mLRw
DA:174,0,Jjy1XntUH3FaUTfHlc+4ug
DA:176,0,TC5ACZcDiVFXZVTstmzWxA
DA:178,0,goRP0jEKemAnZkdk2xCi6A
DA:179,0,16+xirbs0HTAwBuNxv0AoQ
DA:180,0,0M65CkQxq+ONg5DOHhCVhg
DA:182,0,4fkDLwO65IqLb7NHqevx/Q
DA:188,0,PbhXYnCQUWUhpD3XBsWjFQ
DA:190,0,9dYVbSGOGblVOUNIawLzrQ
DA:192,0,leWPu3a92U46XgI3/MVg5A
DA:193,0,hNFF5LpKMcgq4m4z5uAS/A
DA:195,0,IIabs9aYcIvmRUlXhRdeqw
DA:196,0,RGjLULRS53PdPRPR1MxwOQ
DA:197,0,BrZzF79+8RfUQkO6Ne2i5w
DA:199,0,CZh5CVm96AlyLEOwYuhA7Q
DA:201,0,TMD8V9AXoF+ZTt9DkWRnEg
DA:204,0,szz9sUBcjF+VsCGNZwBX4g
DA:209,0,ackOWdJx2/IgtB/ELuvQJg
DA:211,0,kQyo1b4zzP7sfmqf2iIgTQ
DA:212,0,EpHlQwHaKaJyl+E7ePQheg
DA:218,0,BkZ3F8oBKpaN2YoeLj/zSw
DA:220,0,fWcc6vi9b+Yh7BTZaxhb2g
DA:222,0,X4ZCKrpEPzDQbGGcO6R5Fw
DA:224,0,Nnqu9X+lU2lagW39QNhFWA
DA:225,0,yZfHJaupQeZTqxIWLN6FLg
DA:237,0,Jso25SSOiXhzCNAQ+0OAGA
DA:239,0,w38QyRZZKsNV6S7Zrcutiw
DA:256,0,rBBBVzMEXQtty7LjDJZB6Q
DA:257,0,0X8ym3ashmrZnnu33/PApA
DA:258,0,Z02jJ2ymUEbGJ+YPWLnjzg
DA:264,0,/PFnKKA0dDDgWyrBOY3yEg
DA:269,0,syujHqEIItTGCc+Dt/RnnQ
DA:271,0,UHxkhmB9ldRst5xhEKBN8w
DA:276,0,LxWE2qlcMf/nK4kVqYbicQ
DA:278,0,7BL8AN/9nNa1jAjVfa8Xjg
DA:301,0,r8b4YXZ/DP3px/8H7m4R7A
DA:302,0,RLoZYx19wiFpte4LA52iHA
DA:304,0,2Vkrvic1c2446lJCb8Y5JA
DA:323,0,a0h0ba/gJcrO3q210z6NuA
DA:324,0,Ad/tdv+hykkfkC+RZr4ofw
DA:330,0,HmADa1g/W1C2Vo9Wm4sNNA
DA:331,0,UYDwPKrG3GRXMbv+M32ERQ
DA:332,0,63SxuywUov15KZbM5so2pw
DA:333,0,0Ii2v9+NU+K8x5ja8nelIA
DA:339,0,h+Hd/OAFFidyDiLHx89Eow
DA:340,0,pMaGpvvvFc293N5NpHzj2Q
DA:341,0,dLrB7w+4p7XN0nUQdFVucA
DA:342,0,BrzPa4DEREiztR+8n0sVMg
DA:347,0,7uzycaD92yCEtXfrLxM+og
DA:348,0,yQuFvFQ4sHCEanLFLswPZA
DA:350,0,X4cUQsKOfYQay6od0WhuWQ
DA:352,0,V2AF5rd6ING1EPh3fEzptg
DA:353,0,LmpgMm+JN0dLlOhpR/2TIw
DA:354,0,MnzpXe1veqpfA7nIMRo0OA
DA:355,0,HY8ftpksZuCZp0wCTHOmMA
DA:356,0,7dnOl1ZVOZ4y1ElzD9XOjA
DA:357,0,wkS7XSrWkv1tPXuAIdIzgw
DA:358,0,JB0l1AYgWRGKsUBApRi6dg
DA:359,0,zyMOL5dWWVIJuMq03BUDrA
DA:360,0,xlqTUkAWSk3nFngjfc1Kjg
DA:362,0,jEt5esOMIHM1Lw0uEyo3qw
DA:363,0,MnzpXe1veqpfA7nIMRo0OA
DA:364,0,nWLfbjekjs9yHyw3qJQXtg
DA:366,0,ag3c1ERiZaxFxDelin4fXA
DA:375,0,8besg/GInA4l8QfqzEeW+A
DA:377,0,Hdnm/koIjKD8qr8a/k//IQ
DA:384,0,27KqNyfyHrlz0BR15kup9w
DA:385,0,tmq/KGN5IxRiswqwXRsxiQ
DA:386,0,3+uDWE+Nm/SgDnYGroRpNA
DA:388,0,uVi03jhcpetdrVcmf1ENhA
DA:395,0,27KqNyfyHrlz0BR15kup9w
DA:396,0,tmq/KGN5IxRiswqwXRsxiQ
DA:397,0,HNfLDeB0eqhN9w0agJKTfg
DA:399,0,E1YrL8aBFrDUD2ZnDe8ofA
DA:416,0,Fv1mkeBIWDctOyogM1mmlg
DA:417,0,OGViLb3IvhFZrnAT2atSvw
DA:418,0,p6pigLPX3ni2kGmdjiMGFw
DA:420,0,c4Eina7U12y1gbu/akqe5A
DA:422,0,utmALpq9j/Rk/QVxaSGN9Q
DA:437,0,h/lc9JYwsVARXZLSzlz3lQ
DA:438,0,BaXGtd96uXvdEA5K2e7TUA
DA:439,0,bSZ7JYhX4Zk49eChymSeoA
DA:441,0,mQM4K61j2k8bK77vqAUJBw
DA:443,0,Ou/nCOa1jbYmHG/ureg3UQ
DA:475,0,67ON9/z04568Aqw8qmWKzw
DA:482,0,///LlU30lsrN62e25/dXOA
DA:483,0,vpTXTtn6Yf0jkMHj3zgnmA
DA:484,0,WJOlJoXD8RxZKSYUI/sR1g
DA:485,0,bhSwWQ97dmW5PErOC6aK0A
DA:487,0,ywGyh77fD6ZwdEw7aj91PA
DA:488,0,xvWIcpcyNr0gyGcTkdMxXw
DA:489,0,v2XwxboRN9fPJWF1tfO/QA
DA:490,0,9U+T3a6EPzAxnpOQouITMg
DA:491,0,QFFR/koNu3Easp2ntQk7LA
DA:492,0,Q6LexvFJNxJKbgxKfEyrOA
DA:493,0,sq3XkXprG4FWE6vjktqxvw
DA:494,0,eqbXBPv2ES+sqKXPKY+Ruw
DA:495,0,A3k4PQ4MtuktPdHurnyc6A
DA:496,0,eqbXBPv2ES+sqKXPKY+Ruw
DA:498,0,Rrkz/Jrrn1dFixxE7fz6ag
DA:500,0,BvoyMhy1mbjaNb75AzVG8A
DA:501,0,blqCbIP6TNdqufhBNlxxSg
DA:503,0,aWpb2PDCAZuvQdLtmvao8Q
DA:508,0,2tZIi3YXNzxicSE8dWk65Q
DA:509,0,qwclknS1F3Hm6XjFoowd5Q
DA:511,0,xvWIcpcyNr0gyGcTkdMxXw
DA:512,0,feDQ5kazmaRMJ7YIk8WOhQ
DA:513,0,OH2bfNaDw8Qx9LQKkUuMpg
DA:514,0,dquiAd0b6I3SPuVFJDK09w
DA:516,0,IOuzq9ldNpurVjQGy7CsjQ
DA:518,0,TRZlqegLBgDrWn9xGIgYeA
DA:520,0,uZo6KL4hHBlqJxc2k/pAQA
DA:531,0,2tZIi3YXNzxicSE8dWk65Q
DA:532,0,qwclknS1F3Hm6XjFoowd5Q
DA:533,0,84a2S2ei1FANu4PGVY/Pwg
DA:534,0,xvWIcpcyNr0gyGcTkdMxXw
DA:535,0,/CIC4TYPHrdf6dUf0FH1dg
DA:536,0,NrDAqEqcJtvmQgQDEuBvhQ
DA:537,0,AY4acp/BGnGHL9sU73rnFg
DA:538,0,xvWIcpcyNr0gyGcTkdMxXw
DA:539,0,a03jDuu/4+8D5zaslKDUXQ
DA:540,0,NrDAqEqcJtvmQgQDEuBvhQ
DA:541,0,AY4acp/BGnGHL9sU73rnFg
DA:543,0,YiGClQb2kiwQjqfjkPcVPg
DA:544,0,uy8h5Ualmb0fs9CiuzujHw
DA:546,0,17j62ocR9ol0PNnK0xJkCQ
DA:548,0,tgdvZ79Y0qvcei8tKDqUcA
DA:563,0,jQtM9bl+OLUch3PvLmd4Bw
DA:564,0,XXH/FHyWF8HbtbVUrePW7A
DA:574,0,G92+VfUfow0+s71xT4Fn2Q
DA:576,0,jQtM9bl+OLUch3PvLmd4Bw
DA:577,0,XXH/FHyWF8HbtbVUrePW7A
DA:587,0,G92+VfUfow0+s71xT4Fn2Q
DA:589,0,jQtM9bl+OLUch3PvLmd4Bw
DA:590,0,XXH/FHyWF8HbtbVUrePW7A
DA:599,0,G92+VfUfow0+s71xT4Fn2Q
DA:601,0,jQtM9bl+OLUch3PvLmd4Bw
DA:602,0,XXH/FHyWF8HbtbVUrePW7A
DA:611,0,G92+VfUfow0+s71xT4Fn2Q
DA:613,0,XXH/FHyWF8HbtbVUrePW7A
DA:671,0,d4rBpzgMirXh7UpaZ41e6Q
DA:672,0,qt7oWDyEXhIcpQwlwTuziw
DA:678,0,+Ib2ywCoN7IsAuXBXGYdIA
DA:680,0,d4rBpzgMirXh7UpaZ41e6Q
DA:681,0,qt7oWDyEXhIcpQwlwTuziw
DA:687,0,VXc8N0lf6EKumdUAiJhtdQ
DA:690,0,LVsSWf3/9qFVC0QTD2h23A
DA:726,0,aB/DPZkkjXI161v7Q93CLg
DA:727,0,1cyN5cYKG+mKC6ZiYHKhUw
DA:728,0,HRmYgrUgQRrlHMAQ7gWdXQ
DA:729,0,xvWIcpcyNr0gyGcTkdMxXw
DA:730,0,c9VnVZ8ZdN6IhZ0NOsGkbA
DA:731,0,Pkwsntebe693LwjKD9saWA
DA:732,0,zSa5VHMuwuxmAdFifZz2JQ
DA:733,0,r+H9qyBm5Y3+H5xO/uaf4w
DA:734,0,TgO4pXJGYdTSZc66C7Hoxw
DA:735,0,xFp5ZUVDwdsZKCAUVg0tGg
DA:742,0,cUEeh1EzFNBEjfzoe9pE3g
DA:743,0,97F+404OnHOGUndkAamnmg
DA:745,0,M/GO+t0aoBCm6bbXXQ1EGQ
DA:747,0,jQtM9bl+OLUch3PvLmd4Bw
DA:748,0,/8SAi9GQsvr66RXZ3QNZPw
DA:751,0,G92+VfUfow0+s71xT4Fn2Q
DA:753,0,jQtM9bl+OLUch3PvLmd4Bw
DA:754,0,/8SAi9GQsvr66RXZ3QNZPw
DA:757,0,G92+VfUfow0+s71xT4Fn2Q
DA:759,0,jQtM9bl+OLUch3PvLmd4Bw
DA:760,0,wmVkrF09iySRHb5LPSMGCQ
DA:761,0,G92+VfUfow0+s71xT4Fn2Q
DA:763,0,jQtM9bl+OLUch3PvLmd4Bw
DA:764,0,/8SAi9GQsvr66RXZ3QNZPw
DA:767,0,G92+VfUfow0+s71xT4Fn2Q
DA:769,0,/8SAi9GQsvr66RXZ3QNZPw
DA:797,0,89OEPexj+9KtbHLSmtQqkw
DA:799,0,L05M+ib5H6GuenDp+N3Tug
DA:800,0,yd2Rv7E8yNAmhEwq3OOn8w
DA:801,0,Hv8Gu39FdBJnA69j9awvxA
DA:804,0,KkbdTsj4gE6hLK2ScfMFrg
DA:806,0,QKwfGCHKOQnxMONt7LWbXg
DA:826,0,hIKMiULIUC+GXw9b8wEt8g
DA:828,0,Gpeo/4yu0Pl9/Fsx6q0KbQ
DA:846,0,/sV8k8vQaOi8HDeA+ZywgA
DA:847,0,2lUw4moUyao9d4LtdqxgUQ
DA:849,0,53u/IM2B2HxJsmiJXyxgJA
DA:875,0,k2g+XV4pO+0cPms/ZaE9Xw
DA:876,0,NOzdIuXmSH9Asa0xDPl1lQ
DA:878,0,x1Pl30MadRBKuKGc5iqGaA
DA:900,0,utio6n4W4sTZrSLzKzitSw
DA:901,0,wRoZjY1u+WtXDVAC/7isIg
DA:902,0,lKMRq1F048n9gJja3YzLcg
DA:904,0,AjO6Q/41n1fQPeFLA9fLFg
DA:906,0,YOuSafn0Nwsi3zi/MACkBw
DA:926,0,mkq4yzrEO57AJbo8Gy6kUA
DA:927,0,8Xm6bXEQAjupGJhw0kAslA
DA:929,0,qcyLp4wRfl9UNhA2/vqHbg
DA:931,0,GfTPTyhIZVplAXg8dlgicQ
DA:946,0,v/QLsyjM0tgTEUmDsk6oaQ
DA:947,0,hcD2ON4gUvLRnxI5G8axVQ
DA:949,0,c39DUK7sW93XlYRJ13YXHQ
DA:967,0,eDLUglOv1u4DTiY8xcgZgQ
DA:968,0,n2ZmOd+Miibf9+Eouwpz5A
DA:970,0,4QJaknasYBV8kesQiJGYRA
DA:982,0,gIiuwNRcPEDknP78lvGGlQ
DA:983,0,ODYEfBh0DPJRz5LNvmMudg
DA:984,0,t5UszWi6tZMO5e27rh7QMw
DA:985,0,K2Q9FU7eAnByF6AVbmPLhg
DA:986,0,8lV1fHZJBlW6yW4IXkV/sQ
DA:987,0,HPrZRb/2JTP/j3LH6JojTA
DA:989,0,FnIVRSTpRIB7GrI+LrFMPg
DA:1009,0,eDLUglOv1u4DTiY8xcgZgQ
DA:1010,0,09Q2VhKsyanLLoeZy5MeGA
DA:1012,0,CvatnLghJwyBeEyNyr/vFQ
DA:1014,0,Uve+fKFVxYaMmlfNe+w1Ww
DA:1033,0,7mAT/3XDf3B2fSY7R5tBMg
DA:1034,0,PLyPSil0w3CrSepNj4cTqw
DA:1036,0,lEYY7gw8GG53HuYS62FdlA
DA:1037,0,EZRUyXoV3v7YmuIcyPuJXw
DA:1038,0,ovGGBlvlB15JMLT7yh2VWQ
DA:1040,0,qfhjFzAy3jG6G47kQ1z06Q
DA:1042,0,FkCOq2V9d8giIuvXEoMaww
DA:1063,0,uz7Xrsc29MshESRn3gvorA
DA:1064,0,/NN4gEFn++b5RVKvrmyP8w
DA:1069,0,6tgNi8/RyWX/kYom9ePbVw
DA:1070,0,rN50b1zs/SUn0ReMdghWOQ
DA:1071,0,y5+y4LsvgqiJ062ZuFIsNA
DA:1073,0,PBIWi1L8kDr5t9kt+YSiPA
DA:1075,0,JddckwAyhFSAm+3IPV0I2Q
DA:1077,0,Oa6dWk0EVtW2LTJuZvYOCA
DA:1078,0,ZcdZWq1YIwJOhQsNsHbong
DA:1080,0,fRmLuOKC3dusZUB8XwUYpg
DA:1082,0,nWVebv45TjHRQzoYHW3lvg
DA:1084,0,H15YcOzdhnn8wZDp2zug0A
DA:1085,0,W0SaK4+niU1ZURriBxW/3Q
DA:1086,0,7KwRodYKWkzFRvCnc3z8RA
DA:1088,0,yjND1vPhZpSk0P2VU15nmw
DA:1094,0,YVHOA76MZRLgp37rXMOnZg
DA:1095,0,50kJLzeJKYS/ZxRwBdBRZQ
DA:1098,0,OpsajStFUXPBirhVuSz5XQ
LF:318
LH:3
end_of_record
